[0.036s] Invoking command in '/home/siba/dev_4ws-main2/build/four_ws_control': CMAKE_PREFIX_PATH=${CMAKE_PREFIX_PATH}:/home/siba/dev_4ws-main2/install/bldc_can:/home/siba/dev_4ws-main2/install/path_demo:/home/siba/dev_4ws-main2/install/imu_controller:/home/siba/dev_4ws-main2/install/dc_motor:/home/siba/dev_4ws-main2/install/GAZEBO_description:/home/siba/ros2_ws/install/examples_rclpy_minimal_subscriber:/home/siba/ros2_ws/install/examples_rclpy_minimal_service:/home/siba/ros2_ws/install/examples_rclpy_minimal_publisher:/home/siba/ros2_ws/install/examples_rclpy_minimal_client:/home/siba/ros2_ws/install/examples_rclpy_minimal_action_server:/home/siba/ros2_ws/install/examples_rclpy_minimal_action_client:/home/siba/ros2_ws/install/examples_rclpy_executors:/home/siba/ros2_ws/install/dc_motor_controller:/opt/ros/foxy /usr/bin/cmake --build /home/siba/dev_4ws-main2/build/four_ws_control -- -j4 -l4
[0.126s] Invoked command in '/home/siba/dev_4ws-main2/build/four_ws_control' returned '0': CMAKE_PREFIX_PATH=${CMAKE_PREFIX_PATH}:/home/siba/dev_4ws-main2/install/bldc_can:/home/siba/dev_4ws-main2/install/path_demo:/home/siba/dev_4ws-main2/install/imu_controller:/home/siba/dev_4ws-main2/install/dc_motor:/home/siba/dev_4ws-main2/install/GAZEBO_description:/home/siba/ros2_ws/install/examples_rclpy_minimal_subscriber:/home/siba/ros2_ws/install/examples_rclpy_minimal_service:/home/siba/ros2_ws/install/examples_rclpy_minimal_publisher:/home/siba/ros2_ws/install/examples_rclpy_minimal_client:/home/siba/ros2_ws/install/examples_rclpy_minimal_action_server:/home/siba/ros2_ws/install/examples_rclpy_minimal_action_client:/home/siba/ros2_ws/install/examples_rclpy_executors:/home/siba/ros2_ws/install/dc_motor_controller:/opt/ros/foxy /usr/bin/cmake --build /home/siba/dev_4ws-main2/build/four_ws_control -- -j4 -l4
[0.176s] Invoking command in '/home/siba/dev_4ws-main2/build/four_ws_control': CMAKE_PREFIX_PATH=${CMAKE_PREFIX_PATH}:/home/siba/dev_4ws-main2/install/bldc_can:/home/siba/dev_4ws-main2/install/path_demo:/home/siba/dev_4ws-main2/install/imu_controller:/home/siba/dev_4ws-main2/install/dc_motor:/home/siba/dev_4ws-main2/install/GAZEBO_description:/home/siba/ros2_ws/install/examples_rclpy_minimal_subscriber:/home/siba/ros2_ws/install/examples_rclpy_minimal_service:/home/siba/ros2_ws/install/examples_rclpy_minimal_publisher:/home/siba/ros2_ws/install/examples_rclpy_minimal_client:/home/siba/ros2_ws/install/examples_rclpy_minimal_action_server:/home/siba/ros2_ws/install/examples_rclpy_minimal_action_client:/home/siba/ros2_ws/install/examples_rclpy_executors:/home/siba/ros2_ws/install/dc_motor_controller:/opt/ros/foxy /usr/bin/cmake --install /home/siba/dev_4ws-main2/build/four_ws_control
[0.198s] -- Install configuration: ""
[0.199s] -- Up-to-date: /home/siba/dev_4ws-main2/install/four_ws_control/share/four_ws_control//scripts
[0.201s] -- Up-to-date: /home/siba/dev_4ws-main2/install/four_ws_control/share/four_ws_control//scripts/robot_control.py
[0.202s] -- Up-to-date: /home/siba/dev_4ws-main2/install/four_ws_control/share/four_ws_control//launch
[0.203s] -- Up-to-date: /home/siba/dev_4ws-main2/install/four_ws_control/share/four_ws_control//launch/four_ws_control.launch.py
[0.205s] -- Up-to-date: /home/siba/dev_4ws-main2/install/four_ws_control/lib/four_ws_control/robot_control.py
[0.206s] -- Up-to-date: /home/siba/dev_4ws-main2/install/four_ws_control/lib/four_ws_control/four_ws_control.launch.py
[0.208s] -- Up-to-date: /home/siba/dev_4ws-main2/install/four_ws_control/share/ament_index/resource_index/package_run_dependencies/four_ws_control
[0.209s] -- Up-to-date: /home/siba/dev_4ws-main2/install/four_ws_control/share/ament_index/resource_index/parent_prefix_path/four_ws_control
[0.211s] -- Up-to-date: /home/siba/dev_4ws-main2/install/four_ws_control/share/four_ws_control/environment/ament_prefix_path.sh
[0.214s] -- Up-to-date: /home/siba/dev_4ws-main2/install/four_ws_control/share/four_ws_control/environment/ament_prefix_path.dsv
[0.215s] -- Up-to-date: /home/siba/dev_4ws-main2/install/four_ws_control/share/four_ws_control/environment/path.sh
[0.217s] -- Up-to-date: /home/siba/dev_4ws-main2/install/four_ws_control/share/four_ws_control/environment/path.dsv
[0.218s] -- Up-to-date: /home/siba/dev_4ws-main2/install/four_ws_control/share/four_ws_control/local_setup.bash
[0.220s] -- Up-to-date: /home/siba/dev_4ws-main2/install/four_ws_control/share/four_ws_control/local_setup.sh
[0.221s] -- Up-to-date: /home/siba/dev_4ws-main2/install/four_ws_control/share/four_ws_control/local_setup.zsh
[0.223s] -- Up-to-date: /home/siba/dev_4ws-main2/install/four_ws_control/share/four_ws_control/local_setup.dsv
[0.225s] -- Installing: /home/siba/dev_4ws-main2/install/four_ws_control/share/four_ws_control/package.dsv
[0.228s] -- Up-to-date: /home/siba/dev_4ws-main2/install/four_ws_control/share/ament_index/resource_index/packages/four_ws_control
[0.230s] -- Up-to-date: /home/siba/dev_4ws-main2/install/four_ws_control/share/four_ws_control/cmake/four_ws_controlConfig.cmake
[0.232s] -- Up-to-date: /home/siba/dev_4ws-main2/install/four_ws_control/share/four_ws_control/cmake/four_ws_controlConfig-version.cmake
[0.233s] -- Up-to-date: /home/siba/dev_4ws-main2/install/four_ws_control/share/four_ws_control/package.xml
[0.239s] Invoked command in '/home/siba/dev_4ws-main2/build/four_ws_control' returned '0': CMAKE_PREFIX_PATH=${CMAKE_PREFIX_PATH}:/home/siba/dev_4ws-main2/install/bldc_can:/home/siba/dev_4ws-main2/install/path_demo:/home/siba/dev_4ws-main2/install/imu_controller:/home/siba/dev_4ws-main2/install/dc_motor:/home/siba/dev_4ws-main2/install/GAZEBO_description:/home/siba/ros2_ws/install/examples_rclpy_minimal_subscriber:/home/siba/ros2_ws/install/examples_rclpy_minimal_service:/home/siba/ros2_ws/install/examples_rclpy_minimal_publisher:/home/siba/ros2_ws/install/examples_rclpy_minimal_client:/home/siba/ros2_ws/install/examples_rclpy_minimal_action_server:/home/siba/ros2_ws/install/examples_rclpy_minimal_action_client:/home/siba/ros2_ws/install/examples_rclpy_executors:/home/siba/ros2_ws/install/dc_motor_controller:/opt/ros/foxy /usr/bin/cmake --install /home/siba/dev_4ws-main2/build/four_ws_control
