[2.015s] Invoking command in '/home/siba/dev_4ws-main2/src/dc_motor': PYTHONPATH=/home/siba/dev_4ws-main2/build/dc_motor/prefix_override:/usr/lib/python3/dist-packages/colcon_core/task/python/colcon_distutils_commands:/home/siba/dev_4ws-main2/install/dc_motor/lib/python3.8/site-packages:${PYTHONPATH} /usr/bin/python3 -W ignore:setup.py install is deprecated setup.py egg_info --egg-base ../../build/dc_motor build --build-base /home/siba/dev_4ws-main2/build/dc_motor/build install --record /home/siba/dev_4ws-main2/build/dc_motor/install.log --install-scripts $base/lib/dc_motor --single-version-externally-managed install_data
[2.882s] running egg_info
[2.883s] writing ../../build/dc_motor/dc_motor.egg-info/PKG-INFO
[2.884s] writing dependency_links to ../../build/dc_motor/dc_motor.egg-info/dependency_links.txt
[2.884s] writing entry points to ../../build/dc_motor/dc_motor.egg-info/entry_points.txt
[2.884s] writing requirements to ../../build/dc_motor/dc_motor.egg-info/requires.txt
[2.884s] writing top-level names to ../../build/dc_motor/dc_motor.egg-info/top_level.txt
[3.092s] reading manifest file '../../build/dc_motor/dc_motor.egg-info/SOURCES.txt'
[3.094s] writing manifest file '../../build/dc_motor/dc_motor.egg-info/SOURCES.txt'
[3.094s] running build
[3.094s] running build_py
[3.094s] running install
[3.096s] running install_lib
[3.100s] running install_data
[3.100s] running install_egg_info
[3.104s] removing '/home/siba/dev_4ws-main2/install/dc_motor/lib/python3.8/site-packages/dc_motor-0.0.0-py3.8.egg-info' (and everything under it)
[3.105s] Copying ../../build/dc_motor/dc_motor.egg-info to /home/siba/dev_4ws-main2/install/dc_motor/lib/python3.8/site-packages/dc_motor-0.0.0-py3.8.egg-info
[3.106s] running install_scripts
[3.144s] Installing dc_motor_node_v1 script to /home/siba/dev_4ws-main2/install/dc_motor/lib/dc_motor
[3.145s] writing list of installed files to '/home/siba/dev_4ws-main2/build/dc_motor/install.log'
[3.289s] Invoked command in '/home/siba/dev_4ws-main2/src/dc_motor' returned '0': PYTHONPATH=/home/siba/dev_4ws-main2/build/dc_motor/prefix_override:/usr/lib/python3/dist-packages/colcon_core/task/python/colcon_distutils_commands:/home/siba/dev_4ws-main2/install/dc_motor/lib/python3.8/site-packages:${PYTHONPATH} /usr/bin/python3 -W ignore:setup.py install is deprecated setup.py egg_info --egg-base ../../build/dc_motor build --build-base /home/siba/dev_4ws-main2/build/dc_motor/build install --record /home/siba/dev_4ws-main2/build/dc_motor/install.log --install-scripts $base/lib/dc_motor --single-version-externally-managed install_data
