[1.904s] Invoking command in '/home/siba/dev_4ws-main2/src/dc_motor': PYTHONPATH=/home/siba/dev_4ws-main2/build/dc_motor/prefix_override:/usr/lib/python3/dist-packages/colcon_core/task/python/colcon_distutils_commands:/home/siba/dev_4ws-main2/install/dc_motor/lib/python3.8/site-packages:${PYTHONPATH} /usr/bin/python3 -W ignore:setup.py install is deprecated setup.py egg_info --egg-base ../../build/dc_motor build --build-base /home/siba/dev_4ws-main2/build/dc_motor/build install --record /home/siba/dev_4ws-main2/build/dc_motor/install.log --install-scripts $base/lib/dc_motor --single-version-externally-managed install_data
[2.550s] running egg_info
[2.550s] writing ../../build/dc_motor/dc_motor.egg-info/PKG-INFO
[2.550s] writing dependency_links to ../../build/dc_motor/dc_motor.egg-info/dependency_links.txt
[2.550s] writing entry points to ../../build/dc_motor/dc_motor.egg-info/entry_points.txt
[2.550s] writing requirements to ../../build/dc_motor/dc_motor.egg-info/requires.txt
[2.550s] writing top-level names to ../../build/dc_motor/dc_motor.egg-info/top_level.txt
[2.690s] reading manifest file '../../build/dc_motor/dc_motor.egg-info/SOURCES.txt'
[2.691s] writing manifest file '../../build/dc_motor/dc_motor.egg-info/SOURCES.txt'
[2.700s] running build
[2.700s] running build_py
[2.701s] running install
[2.702s] running install_lib
[2.705s] running install_data
[2.708s] running install_egg_info
[2.717s] removing '/home/siba/dev_4ws-main2/install/dc_motor/lib/python3.8/site-packages/dc_motor-0.0.0-py3.8.egg-info' (and everything under it)
[2.724s] Copying ../../build/dc_motor/dc_motor.egg-info to /home/siba/dev_4ws-main2/install/dc_motor/lib/python3.8/site-packages/dc_motor-0.0.0-py3.8.egg-info
[2.741s] running install_scripts
[2.775s] Installing dc_motor_node_v1 script to /home/siba/dev_4ws-main2/install/dc_motor/lib/dc_motor
[2.775s] writing list of installed files to '/home/siba/dev_4ws-main2/build/dc_motor/install.log'
[3.008s] Invoked command in '/home/siba/dev_4ws-main2/src/dc_motor' returned '0': PYTHONPATH=/home/siba/dev_4ws-main2/build/dc_motor/prefix_override:/usr/lib/python3/dist-packages/colcon_core/task/python/colcon_distutils_commands:/home/siba/dev_4ws-main2/install/dc_motor/lib/python3.8/site-packages:${PYTHONPATH} /usr/bin/python3 -W ignore:setup.py install is deprecated setup.py egg_info --egg-base ../../build/dc_motor build --build-base /home/siba/dev_4ws-main2/build/dc_motor/build install --record /home/siba/dev_4ws-main2/build/dc_motor/install.log --install-scripts $base/lib/dc_motor --single-version-externally-managed install_data
