[0.065s] Invoking command in '/home/siba/dev_4ws-main2/build/mis_mensajes': CMAKE_PREFIX_PATH=${CMAKE_PREFIX_PATH}:/home/siba/dev_4ws-main2/install/path_demo:/home/siba/dev_4ws-main2/install/imu_controller:/home/siba/dev_4ws-main2/install/dc_motor:/home/siba/dev_4ws-main2/install/bldc_can:/home/siba/dev_4ws-main2/install/GAZEBO_description:/home/siba/ros2_ws/install/examples_rclpy_minimal_subscriber:/home/siba/ros2_ws/install/examples_rclpy_minimal_service:/home/siba/ros2_ws/install/examples_rclpy_minimal_publisher:/home/siba/ros2_ws/install/examples_rclpy_minimal_client:/home/siba/ros2_ws/install/examples_rclpy_minimal_action_server:/home/siba/ros2_ws/install/examples_rclpy_minimal_action_client:/home/siba/ros2_ws/install/examples_rclpy_executors:/home/siba/ros2_ws/install/dc_motor_controller:/opt/ros/foxy /usr/bin/cmake --build /home/siba/dev_4ws-main2/build/mis_mensajes -- -j4 -l4
[0.825s] [  9%] Built target mis_mensajes__rosidl_generator_c
[0.825s] [ 12%] Built target mis_mensajes__cpp
[0.826s] [ 22%] Built target mis_mensajes__rosidl_typesupport_introspection_c
[0.826s] [ 32%] Built target mis_mensajes__rosidl_typesupport_introspection_cpp
[0.827s] [ 41%] Built target mis_mensajes__rosidl_typesupport_c
[0.828s] [ 51%] Built target mis_mensajes__rosidl_typesupport_fastrtps_cpp
[0.828s] [ 61%] Built target mis_mensajes__rosidl_typesupport_cpp
[0.829s] [ 70%] Built target mis_mensajes__rosidl_typesupport_fastrtps_c
[0.829s] [ 70%] Built target mis_mensajes
[0.829s] [ 74%] Built target mis_mensajes__py
[0.831s] [ 80%] Built target mis_mensajes__python
[0.832s] [ 90%] Built target mis_mensajes__rosidl_typesupport_c__pyext
[0.832s] [ 96%] Built target mis_mensajes__rosidl_typesupport_introspection_c__pyext
[0.832s] [100%] Built target mis_mensajes__rosidl_typesupport_fastrtps_c__pyext
[1.149s] Invoked command in '/home/siba/dev_4ws-main2/build/mis_mensajes' returned '0': CMAKE_PREFIX_PATH=${CMAKE_PREFIX_PATH}:/home/siba/dev_4ws-main2/install/path_demo:/home/siba/dev_4ws-main2/install/imu_controller:/home/siba/dev_4ws-main2/install/dc_motor:/home/siba/dev_4ws-main2/install/bldc_can:/home/siba/dev_4ws-main2/install/GAZEBO_description:/home/siba/ros2_ws/install/examples_rclpy_minimal_subscriber:/home/siba/ros2_ws/install/examples_rclpy_minimal_service:/home/siba/ros2_ws/install/examples_rclpy_minimal_publisher:/home/siba/ros2_ws/install/examples_rclpy_minimal_client:/home/siba/ros2_ws/install/examples_rclpy_minimal_action_server:/home/siba/ros2_ws/install/examples_rclpy_minimal_action_client:/home/siba/ros2_ws/install/examples_rclpy_executors:/home/siba/ros2_ws/install/dc_motor_controller:/opt/ros/foxy /usr/bin/cmake --build /home/siba/dev_4ws-main2/build/mis_mensajes -- -j4 -l4
[1.289s] Invoking command in '/home/siba/dev_4ws-main2/build/mis_mensajes': CMAKE_PREFIX_PATH=${CMAKE_PREFIX_PATH}:/home/siba/dev_4ws-main2/install/path_demo:/home/siba/dev_4ws-main2/install/imu_controller:/home/siba/dev_4ws-main2/install/dc_motor:/home/siba/dev_4ws-main2/install/bldc_can:/home/siba/dev_4ws-main2/install/GAZEBO_description:/home/siba/ros2_ws/install/examples_rclpy_minimal_subscriber:/home/siba/ros2_ws/install/examples_rclpy_minimal_service:/home/siba/ros2_ws/install/examples_rclpy_minimal_publisher:/home/siba/ros2_ws/install/examples_rclpy_minimal_client:/home/siba/ros2_ws/install/examples_rclpy_minimal_action_server:/home/siba/ros2_ws/install/examples_rclpy_minimal_action_client:/home/siba/ros2_ws/install/examples_rclpy_executors:/home/siba/ros2_ws/install/dc_motor_controller:/opt/ros/foxy /usr/bin/cmake --install /home/siba/dev_4ws-main2/build/mis_mensajes
[1.311s] -- Install configuration: ""
[1.311s] -- Up-to-date: /home/siba/dev_4ws-main2/install/mis_mensajes/share/ament_index/resource_index/rosidl_interfaces/mis_mensajes
[1.311s] -- Up-to-date: /home/siba/dev_4ws-main2/install/mis_mensajes/include/mis_mensajes
[1.311s] -- Up-to-date: /home/siba/dev_4ws-main2/install/mis_mensajes/include/mis_mensajes/msg
[1.311s] -- Up-to-date: /home/siba/dev_4ws-main2/install/mis_mensajes/include/mis_mensajes/msg/angulos_inclinacion.h
[1.312s] -- Up-to-date: /home/siba/dev_4ws-main2/install/mis_mensajes/include/mis_mensajes/msg/rosidl_generator_c__visibility_control.h
[1.312s] -- Up-to-date: /home/siba/dev_4ws-main2/install/mis_mensajes/include/mis_mensajes/msg/detail
[1.312s] -- Up-to-date: /home/siba/dev_4ws-main2/install/mis_mensajes/include/mis_mensajes/msg/detail/angulos_inclinacion__type_support.h
[1.312s] -- Up-to-date: /home/siba/dev_4ws-main2/install/mis_mensajes/include/mis_mensajes/msg/detail/angulos_inclinacion__struct.h
[1.312s] -- Up-to-date: /home/siba/dev_4ws-main2/install/mis_mensajes/include/mis_mensajes/msg/detail/angulos_inclinacion__functions.h
[1.312s] -- Up-to-date: /home/siba/dev_4ws-main2/install/mis_mensajes/include/mis_mensajes/msg/detail/angulos_inclinacion__functions.c
[1.312s] -- Up-to-date: /home/siba/dev_4ws-main2/install/mis_mensajes/share/mis_mensajes/environment/library_path.sh
[1.313s] -- Up-to-date: /home/siba/dev_4ws-main2/install/mis_mensajes/share/mis_mensajes/environment/library_path.dsv
[1.313s] -- Up-to-date: /home/siba/dev_4ws-main2/install/mis_mensajes/lib/libmis_mensajes__rosidl_generator_c.so
[1.313s] -- Up-to-date: /home/siba/dev_4ws-main2/install/mis_mensajes/include/mis_mensajes
[1.313s] -- Up-to-date: /home/siba/dev_4ws-main2/install/mis_mensajes/include/mis_mensajes/msg
[1.313s] -- Up-to-date: /home/siba/dev_4ws-main2/install/mis_mensajes/include/mis_mensajes/msg/rosidl_typesupport_fastrtps_c__visibility_control.h
[1.313s] -- Up-to-date: /home/siba/dev_4ws-main2/install/mis_mensajes/include/mis_mensajes/msg/detail
[1.313s] -- Up-to-date: /home/siba/dev_4ws-main2/install/mis_mensajes/include/mis_mensajes/msg/detail/angulos_inclinacion__rosidl_typesupport_fastrtps_c.h
[1.314s] -- Up-to-date: /home/siba/dev_4ws-main2/install/mis_mensajes/lib/libmis_mensajes__rosidl_typesupport_fastrtps_c.so
[1.314s] -- Up-to-date: /home/siba/dev_4ws-main2/install/mis_mensajes/include/mis_mensajes
[1.314s] -- Up-to-date: /home/siba/dev_4ws-main2/install/mis_mensajes/include/mis_mensajes/msg
[1.314s] -- Up-to-date: /home/siba/dev_4ws-main2/install/mis_mensajes/include/mis_mensajes/msg/rosidl_typesupport_fastrtps_cpp__visibility_control.h
[1.315s] -- Up-to-date: /home/siba/dev_4ws-main2/install/mis_mensajes/include/mis_mensajes/msg/detail
[1.315s] -- Up-to-date: /home/siba/dev_4ws-main2/install/mis_mensajes/include/mis_mensajes/msg/detail/angulos_inclinacion__rosidl_typesupport_fastrtps_cpp.hpp
[1.315s] -- Up-to-date: /home/siba/dev_4ws-main2/install/mis_mensajes/include/mis_mensajes/msg/detail/dds_fastrtps
[1.315s] -- Up-to-date: /home/siba/dev_4ws-main2/install/mis_mensajes/lib/libmis_mensajes__rosidl_typesupport_fastrtps_cpp.so
[1.316s] -- Up-to-date: /home/siba/dev_4ws-main2/install/mis_mensajes/include/mis_mensajes
[1.316s] -- Up-to-date: /home/siba/dev_4ws-main2/install/mis_mensajes/include/mis_mensajes/msg
[1.316s] -- Up-to-date: /home/siba/dev_4ws-main2/install/mis_mensajes/include/mis_mensajes/msg/rosidl_typesupport_introspection_c__visibility_control.h
[1.316s] -- Up-to-date: /home/siba/dev_4ws-main2/install/mis_mensajes/include/mis_mensajes/msg/detail
[1.316s] -- Up-to-date: /home/siba/dev_4ws-main2/install/mis_mensajes/include/mis_mensajes/msg/detail/angulos_inclinacion__type_support.c
[1.316s] -- Up-to-date: /home/siba/dev_4ws-main2/install/mis_mensajes/include/mis_mensajes/msg/detail/angulos_inclinacion__rosidl_typesupport_introspection_c.h
[1.316s] -- Up-to-date: /home/siba/dev_4ws-main2/install/mis_mensajes/lib/libmis_mensajes__rosidl_typesupport_introspection_c.so
[1.317s] -- Up-to-date: /home/siba/dev_4ws-main2/install/mis_mensajes/lib/libmis_mensajes__rosidl_typesupport_c.so
[1.317s] -- Up-to-date: /home/siba/dev_4ws-main2/install/mis_mensajes/include/mis_mensajes
[1.318s] -- Up-to-date: /home/siba/dev_4ws-main2/install/mis_mensajes/include/mis_mensajes/msg
[1.318s] -- Up-to-date: /home/siba/dev_4ws-main2/install/mis_mensajes/include/mis_mensajes/msg/angulos_inclinacion.hpp
[1.318s] -- Up-to-date: /home/siba/dev_4ws-main2/install/mis_mensajes/include/mis_mensajes/msg/rosidl_generator_cpp__visibility_control.hpp
[1.318s] -- Up-to-date: /home/siba/dev_4ws-main2/install/mis_mensajes/include/mis_mensajes/msg/detail
[1.319s] -- Up-to-date: /home/siba/dev_4ws-main2/install/mis_mensajes/include/mis_mensajes/msg/detail/angulos_inclinacion__builder.hpp
[1.319s] -- Up-to-date: /home/siba/dev_4ws-main2/install/mis_mensajes/include/mis_mensajes/msg/detail/angulos_inclinacion__traits.hpp
[1.319s] -- Up-to-date: /home/siba/dev_4ws-main2/install/mis_mensajes/include/mis_mensajes/msg/detail/angulos_inclinacion__struct.hpp
[1.319s] -- Up-to-date: /home/siba/dev_4ws-main2/install/mis_mensajes/include/mis_mensajes/msg/detail/angulos_inclinacion__type_support.hpp
[1.319s] -- Up-to-date: /home/siba/dev_4ws-main2/install/mis_mensajes/include/mis_mensajes
[1.319s] -- Up-to-date: /home/siba/dev_4ws-main2/install/mis_mensajes/include/mis_mensajes/msg
[1.319s] -- Up-to-date: /home/siba/dev_4ws-main2/install/mis_mensajes/include/mis_mensajes/msg/detail
[1.320s] -- Up-to-date: /home/siba/dev_4ws-main2/install/mis_mensajes/include/mis_mensajes/msg/detail/angulos_inclinacion__type_support.cpp
[1.320s] -- Up-to-date: /home/siba/dev_4ws-main2/install/mis_mensajes/include/mis_mensajes/msg/detail/angulos_inclinacion__rosidl_typesupport_introspection_cpp.hpp
[1.320s] -- Up-to-date: /home/siba/dev_4ws-main2/install/mis_mensajes/lib/libmis_mensajes__rosidl_typesupport_introspection_cpp.so
[1.320s] -- Up-to-date: /home/siba/dev_4ws-main2/install/mis_mensajes/lib/libmis_mensajes__rosidl_typesupport_cpp.so
[1.320s] -- Up-to-date: /home/siba/dev_4ws-main2/install/mis_mensajes/share/mis_mensajes/environment/pythonpath.sh
[1.320s] -- Up-to-date: /home/siba/dev_4ws-main2/install/mis_mensajes/share/mis_mensajes/environment/pythonpath.dsv
[1.321s] -- Up-to-date: /home/siba/dev_4ws-main2/install/mis_mensajes/lib/python3.8/site-packages/mis_mensajes/__init__.py
[1.440s] -- Up-to-date: /home/siba/dev_4ws-main2/install/mis_mensajes/lib/python3.8/site-packages/mis_mensajes/msg
[1.440s] -- Up-to-date: /home/siba/dev_4ws-main2/install/mis_mensajes/lib/python3.8/site-packages/mis_mensajes/msg/_angulos_inclinacion.py
[1.440s] -- Up-to-date: /home/siba/dev_4ws-main2/install/mis_mensajes/lib/python3.8/site-packages/mis_mensajes/msg/_angulos_inclinacion_s.c
[1.440s] -- Up-to-date: /home/siba/dev_4ws-main2/install/mis_mensajes/lib/python3.8/site-packages/mis_mensajes/msg/__init__.py
[1.441s] -- Up-to-date: /home/siba/dev_4ws-main2/install/mis_mensajes/lib/python3.8/site-packages/mis_mensajes/mis_mensajes_s__rosidl_typesupport_fastrtps_c.cpython-38-x86_64-linux-gnu.so
[1.442s] -- Up-to-date: /home/siba/dev_4ws-main2/install/mis_mensajes/lib/python3.8/site-packages/mis_mensajes/mis_mensajes_s__rosidl_typesupport_introspection_c.cpython-38-x86_64-linux-gnu.so
[1.443s] -- Up-to-date: /home/siba/dev_4ws-main2/install/mis_mensajes/lib/python3.8/site-packages/mis_mensajes/mis_mensajes_s__rosidl_typesupport_c.cpython-38-x86_64-linux-gnu.so
[1.444s] -- Up-to-date: /home/siba/dev_4ws-main2/install/mis_mensajes/lib/libmis_mensajes__python.so
[1.444s] -- Up-to-date: /home/siba/dev_4ws-main2/install/mis_mensajes/share/mis_mensajes/msg/AngulosInclinacion.idl
[1.445s] -- Up-to-date: /home/siba/dev_4ws-main2/install/mis_mensajes/share/mis_mensajes/msg/AngulosInclinacion.msg
[1.445s] -- Up-to-date: /home/siba/dev_4ws-main2/install/mis_mensajes/share/ament_index/resource_index/package_run_dependencies/mis_mensajes
[1.445s] -- Up-to-date: /home/siba/dev_4ws-main2/install/mis_mensajes/share/ament_index/resource_index/parent_prefix_path/mis_mensajes
[1.445s] -- Up-to-date: /home/siba/dev_4ws-main2/install/mis_mensajes/share/mis_mensajes/environment/ament_prefix_path.sh
[1.446s] -- Up-to-date: /home/siba/dev_4ws-main2/install/mis_mensajes/share/mis_mensajes/environment/ament_prefix_path.dsv
[1.446s] -- Up-to-date: /home/siba/dev_4ws-main2/install/mis_mensajes/share/mis_mensajes/environment/path.sh
[1.446s] -- Up-to-date: /home/siba/dev_4ws-main2/install/mis_mensajes/share/mis_mensajes/environment/path.dsv
[1.446s] -- Up-to-date: /home/siba/dev_4ws-main2/install/mis_mensajes/share/mis_mensajes/local_setup.bash
[1.446s] -- Up-to-date: /home/siba/dev_4ws-main2/install/mis_mensajes/share/mis_mensajes/local_setup.sh
[1.446s] -- Up-to-date: /home/siba/dev_4ws-main2/install/mis_mensajes/share/mis_mensajes/local_setup.zsh
[1.447s] -- Up-to-date: /home/siba/dev_4ws-main2/install/mis_mensajes/share/mis_mensajes/local_setup.dsv
[1.447s] -- Installing: /home/siba/dev_4ws-main2/install/mis_mensajes/share/mis_mensajes/package.dsv
[1.447s] -- Up-to-date: /home/siba/dev_4ws-main2/install/mis_mensajes/share/ament_index/resource_index/packages/mis_mensajes
[1.447s] -- Up-to-date: /home/siba/dev_4ws-main2/install/mis_mensajes/share/mis_mensajes/cmake/mis_mensajes__rosidl_generator_cExport.cmake
[1.448s] -- Up-to-date: /home/siba/dev_4ws-main2/install/mis_mensajes/share/mis_mensajes/cmake/mis_mensajes__rosidl_generator_cExport-noconfig.cmake
[1.448s] -- Up-to-date: /home/siba/dev_4ws-main2/install/mis_mensajes/share/mis_mensajes/cmake/mis_mensajes__rosidl_typesupport_introspection_cExport.cmake
[1.448s] -- Up-to-date: /home/siba/dev_4ws-main2/install/mis_mensajes/share/mis_mensajes/cmake/mis_mensajes__rosidl_typesupport_introspection_cExport-noconfig.cmake
[1.448s] -- Up-to-date: /home/siba/dev_4ws-main2/install/mis_mensajes/share/mis_mensajes/cmake/mis_mensajes__rosidl_typesupport_cExport.cmake
[1.448s] -- Up-to-date: /home/siba/dev_4ws-main2/install/mis_mensajes/share/mis_mensajes/cmake/mis_mensajes__rosidl_typesupport_cExport-noconfig.cmake
[1.448s] -- Up-to-date: /home/siba/dev_4ws-main2/install/mis_mensajes/share/mis_mensajes/cmake/mis_mensajes__rosidl_generator_cppExport.cmake
[1.449s] -- Up-to-date: /home/siba/dev_4ws-main2/install/mis_mensajes/share/mis_mensajes/cmake/mis_mensajes__rosidl_typesupport_introspection_cppExport.cmake
[1.449s] -- Up-to-date: /home/siba/dev_4ws-main2/install/mis_mensajes/share/mis_mensajes/cmake/mis_mensajes__rosidl_typesupport_introspection_cppExport-noconfig.cmake
[1.449s] -- Up-to-date: /home/siba/dev_4ws-main2/install/mis_mensajes/share/mis_mensajes/cmake/mis_mensajes__rosidl_typesupport_cppExport.cmake
[1.449s] -- Up-to-date: /home/siba/dev_4ws-main2/install/mis_mensajes/share/mis_mensajes/cmake/mis_mensajes__rosidl_typesupport_cppExport-noconfig.cmake
[1.450s] -- Up-to-date: /home/siba/dev_4ws-main2/install/mis_mensajes/share/mis_mensajes/cmake/rosidl_cmake-extras.cmake
[1.450s] -- Up-to-date: /home/siba/dev_4ws-main2/install/mis_mensajes/share/mis_mensajes/cmake/ament_cmake_export_dependencies-extras.cmake
[1.450s] -- Up-to-date: /home/siba/dev_4ws-main2/install/mis_mensajes/share/mis_mensajes/cmake/ament_cmake_export_libraries-extras.cmake
[1.450s] -- Up-to-date: /home/siba/dev_4ws-main2/install/mis_mensajes/share/mis_mensajes/cmake/ament_cmake_export_targets-extras.cmake
[1.450s] -- Up-to-date: /home/siba/dev_4ws-main2/install/mis_mensajes/share/mis_mensajes/cmake/ament_cmake_export_include_directories-extras.cmake
[1.450s] -- Up-to-date: /home/siba/dev_4ws-main2/install/mis_mensajes/share/mis_mensajes/cmake/rosidl_cmake_export_typesupport_libraries-extras.cmake
[1.450s] -- Up-to-date: /home/siba/dev_4ws-main2/install/mis_mensajes/share/mis_mensajes/cmake/rosidl_cmake_export_typesupport_targets-extras.cmake
[1.451s] -- Up-to-date: /home/siba/dev_4ws-main2/install/mis_mensajes/share/mis_mensajes/cmake/mis_mensajesConfig.cmake
[1.451s] -- Up-to-date: /home/siba/dev_4ws-main2/install/mis_mensajes/share/mis_mensajes/cmake/mis_mensajesConfig-version.cmake
[1.451s] -- Up-to-date: /home/siba/dev_4ws-main2/install/mis_mensajes/share/mis_mensajes/package.xml
[1.464s] Invoked command in '/home/siba/dev_4ws-main2/build/mis_mensajes' returned '0': CMAKE_PREFIX_PATH=${CMAKE_PREFIX_PATH}:/home/siba/dev_4ws-main2/install/path_demo:/home/siba/dev_4ws-main2/install/imu_controller:/home/siba/dev_4ws-main2/install/dc_motor:/home/siba/dev_4ws-main2/install/bldc_can:/home/siba/dev_4ws-main2/install/GAZEBO_description:/home/siba/ros2_ws/install/examples_rclpy_minimal_subscriber:/home/siba/ros2_ws/install/examples_rclpy_minimal_service:/home/siba/ros2_ws/install/examples_rclpy_minimal_publisher:/home/siba/ros2_ws/install/examples_rclpy_minimal_client:/home/siba/ros2_ws/install/examples_rclpy_minimal_action_server:/home/siba/ros2_ws/install/examples_rclpy_minimal_action_client:/home/siba/ros2_ws/install/examples_rclpy_executors:/home/siba/ros2_ws/install/dc_motor_controller:/opt/ros/foxy /usr/bin/cmake --install /home/siba/dev_4ws-main2/build/mis_mensajes
