/home/siba/dev_4ws-main2/install/GAZEBO_description/lib/python3.8/site-packages/GAZEBO_description/__init__.py
/home/siba/dev_4ws-main2/install/GAZEBO_description/lib/python3.8/site-packages/GAZEBO_description/__pycache__/__init__.cpython-38.pyc
/home/siba/dev_4ws-main2/install/GAZEBO_description/share/ament_index/resource_index/packages/GAZEBO_description
/home/siba/dev_4ws-main2/install/GAZEBO_description/share/GAZEBO_description/package.xml
/home/siba/dev_4ws-main2/install/GAZEBO_description/share/GAZEBO_description/launch/gazebo.launch.py
/home/siba/dev_4ws-main2/install/GAZEBO_description/share/GAZEBO_description/launch/display.launch.py
/home/siba/dev_4ws-main2/install/GAZEBO_description/share/GAZEBO_description/urdf/materials.xacro
/home/siba/dev_4ws-main2/install/GAZEBO_description/share/GAZEBO_description/urdf/GAZEBO.xacro
/home/siba/dev_4ws-main2/install/GAZEBO_description/share/GAZEBO_description/urdf/GAZEBO.trans
/home/siba/dev_4ws-main2/install/GAZEBO_description/share/GAZEBO_description/urdf/GAZEBO.gazebo
/home/siba/dev_4ws-main2/install/GAZEBO_description/share/GAZEBO_description/meshes/Componente54_2.stl
/home/siba/dev_4ws-main2/install/GAZEBO_description/share/GAZEBO_description/meshes/Componente53_2.stl
/home/siba/dev_4ws-main2/install/GAZEBO_description/share/GAZEBO_description/meshes/Componente53_1.stl
/home/siba/dev_4ws-main2/install/GAZEBO_description/share/GAZEBO_description/meshes/Componente54_1.stl
/home/siba/dev_4ws-main2/install/GAZEBO_description/share/GAZEBO_description/meshes/Componente52_1.stl
/home/siba/dev_4ws-main2/install/GAZEBO_description/share/GAZEBO_description/meshes/Componente56_2.stl
/home/siba/dev_4ws-main2/install/GAZEBO_description/share/GAZEBO_description/meshes/Componente52_2.stl
/home/siba/dev_4ws-main2/install/GAZEBO_description/share/GAZEBO_description/meshes/base_link.stl
/home/siba/dev_4ws-main2/install/GAZEBO_description/share/GAZEBO_description/meshes/Componente56_1.stl
/home/siba/dev_4ws-main2/install/GAZEBO_description/share/GAZEBO_description/meshes/Componente55_1.stl
/home/siba/dev_4ws-main2/install/GAZEBO_description/share/GAZEBO_description/meshes/Componente55_2.stl
/home/siba/dev_4ws-main2/install/GAZEBO_description/share/GAZEBO_description/config/display.rviz
/home/siba/dev_4ws-main2/install/GAZEBO_description/lib/python3.8/site-packages/GAZEBO_description-0.0.0-py3.8.egg-info/zip-safe
/home/siba/dev_4ws-main2/install/GAZEBO_description/lib/python3.8/site-packages/GAZEBO_description-0.0.0-py3.8.egg-info/PKG-INFO
/home/siba/dev_4ws-main2/install/GAZEBO_description/lib/python3.8/site-packages/GAZEBO_description-0.0.0-py3.8.egg-info/top_level.txt
/home/siba/dev_4ws-main2/install/GAZEBO_description/lib/python3.8/site-packages/GAZEBO_description-0.0.0-py3.8.egg-info/dependency_links.txt
/home/siba/dev_4ws-main2/install/GAZEBO_description/lib/python3.8/site-packages/GAZEBO_description-0.0.0-py3.8.egg-info/entry_points.txt
/home/siba/dev_4ws-main2/install/GAZEBO_description/lib/python3.8/site-packages/GAZEBO_description-0.0.0-py3.8.egg-info/requires.txt
/home/siba/dev_4ws-main2/install/GAZEBO_description/lib/python3.8/site-packages/GAZEBO_description-0.0.0-py3.8.egg-info/SOURCES.txt
