running egg_info
creating ../../../build/imu_controller/imu_controller.egg-info
writing ../../../build/imu_controller/imu_controller.egg-info/PKG-INFO
writing dependency_links to ../../../build/imu_controller/imu_controller.egg-info/dependency_links.txt
writing entry points to ../../../build/imu_controller/imu_controller.egg-info/entry_points.txt
writing requirements to ../../../build/imu_controller/imu_controller.egg-info/requires.txt
writing top-level names to ../../../build/imu_controller/imu_controller.egg-info/top_level.txt
writing manifest file '../../../build/imu_controller/imu_controller.egg-info/SOURCES.txt'
reading manifest file '../../../build/imu_controller/imu_controller.egg-info/SOURCES.txt'
writing manifest file '../../../build/imu_controller/imu_controller.egg-info/SOURCES.txt'
running build
running build_py
creating /home/siba/dev_4ws-main2/build/imu_controller/build
creating /home/siba/dev_4ws-main2/build/imu_controller/build/lib
creating /home/siba/dev_4ws-main2/build/imu_controller/build/lib/imu_controller
copying imu_controller/two_imu_nodes.py -> /home/siba/dev_4ws-main2/build/imu_controller/build/lib/imu_controller
copying imu_controller/three_imu_nodes.py -> /home/siba/dev_4ws-main2/build/imu_controller/build/lib/imu_controller
copying imu_controller/imu_node.py -> /home/siba/dev_4ws-main2/build/imu_controller/build/lib/imu_controller
copying imu_controller/__init__.py -> /home/siba/dev_4ws-main2/build/imu_controller/build/lib/imu_controller
copying imu_controller/imu_node_inc.py -> /home/siba/dev_4ws-main2/build/imu_controller/build/lib/imu_controller
copying imu_controller/test_node.py -> /home/siba/dev_4ws-main2/build/imu_controller/build/lib/imu_controller
running install
running install_lib
creating /home/siba/dev_4ws-main2/install/imu_controller/lib/python3.8/site-packages/imu_controller
copying /home/siba/dev_4ws-main2/build/imu_controller/build/lib/imu_controller/two_imu_nodes.py -> /home/siba/dev_4ws-main2/install/imu_controller/lib/python3.8/site-packages/imu_controller
copying /home/siba/dev_4ws-main2/build/imu_controller/build/lib/imu_controller/three_imu_nodes.py -> /home/siba/dev_4ws-main2/install/imu_controller/lib/python3.8/site-packages/imu_controller
copying /home/siba/dev_4ws-main2/build/imu_controller/build/lib/imu_controller/imu_node.py -> /home/siba/dev_4ws-main2/install/imu_controller/lib/python3.8/site-packages/imu_controller
copying /home/siba/dev_4ws-main2/build/imu_controller/build/lib/imu_controller/__init__.py -> /home/siba/dev_4ws-main2/install/imu_controller/lib/python3.8/site-packages/imu_controller
copying /home/siba/dev_4ws-main2/build/imu_controller/build/lib/imu_controller/imu_node_inc.py -> /home/siba/dev_4ws-main2/install/imu_controller/lib/python3.8/site-packages/imu_controller
copying /home/siba/dev_4ws-main2/build/imu_controller/build/lib/imu_controller/test_node.py -> /home/siba/dev_4ws-main2/install/imu_controller/lib/python3.8/site-packages/imu_controller
byte-compiling /home/siba/dev_4ws-main2/install/imu_controller/lib/python3.8/site-packages/imu_controller/two_imu_nodes.py to two_imu_nodes.cpython-38.pyc
byte-compiling /home/siba/dev_4ws-main2/install/imu_controller/lib/python3.8/site-packages/imu_controller/three_imu_nodes.py to three_imu_nodes.cpython-38.pyc
byte-compiling /home/siba/dev_4ws-main2/install/imu_controller/lib/python3.8/site-packages/imu_controller/imu_node.py to imu_node.cpython-38.pyc
byte-compiling /home/siba/dev_4ws-main2/install/imu_controller/lib/python3.8/site-packages/imu_controller/__init__.py to __init__.cpython-38.pyc
byte-compiling /home/siba/dev_4ws-main2/install/imu_controller/lib/python3.8/site-packages/imu_controller/imu_node_inc.py to imu_node_inc.cpython-38.pyc
byte-compiling /home/siba/dev_4ws-main2/install/imu_controller/lib/python3.8/site-packages/imu_controller/test_node.py to test_node.cpython-38.pyc
running install_data
creating /home/siba/dev_4ws-main2/install/imu_controller/share/ament_index
creating /home/siba/dev_4ws-main2/install/imu_controller/share/ament_index/resource_index
creating /home/siba/dev_4ws-main2/install/imu_controller/share/ament_index/resource_index/packages
copying resource/imu_controller -> /home/siba/dev_4ws-main2/install/imu_controller/share/ament_index/resource_index/packages
copying package.xml -> /home/siba/dev_4ws-main2/install/imu_controller/share/imu_controller
creating /home/siba/dev_4ws-main2/install/imu_controller/share/imu_controller/launch
copying launch/_imu_node_launch.py -> /home/siba/dev_4ws-main2/install/imu_controller/share/imu_controller/launch
copying launch/_test_imu_node_launch.py -> /home/siba/dev_4ws-main2/install/imu_controller/share/imu_controller/launch
copying launch/_imu_rviz_launch.py -> /home/siba/dev_4ws-main2/install/imu_controller/share/imu_controller/launch
copying launch/_imu_launch.py -> /home/siba/dev_4ws-main2/install/imu_controller/share/imu_controller/launch
copying launch/_two_imu_nodes_launch.py -> /home/siba/dev_4ws-main2/install/imu_controller/share/imu_controller/launch
running install_egg_info
Copying ../../../build/imu_controller/imu_controller.egg-info to /home/siba/dev_4ws-main2/install/imu_controller/lib/python3.8/site-packages/imu_controller-0.0.0-py3.8.egg-info
running install_scripts
Installing imu_node script to /home/siba/dev_4ws-main2/install/imu_controller/lib/imu_controller
Installing imu_node_inc script to /home/siba/dev_4ws-main2/install/imu_controller/lib/imu_controller
Installing test_node script to /home/siba/dev_4ws-main2/install/imu_controller/lib/imu_controller
Installing three_imu_nodes script to /home/siba/dev_4ws-main2/install/imu_controller/lib/imu_controller
Installing two_imu_nodes script to /home/siba/dev_4ws-main2/install/imu_controller/lib/imu_controller
writing list of installed files to '/home/siba/dev_4ws-main2/build/imu_controller/install.log'
