[0.883s] Invoking command in '/home/siba/dev_4ws-main2/src/imu_controller/imu_controller': CMAKE_PREFIX_PATH=/home/siba/dev_4ws-main2/install/mis_mensajes:/home/siba/ros2_ws/src/fresas/install/fresas:/home/siba/ros2_ws/install/fresas:/home/siba/ros2_ws/install/examples_rclcpp_multithreaded_executor:/home/siba/ros2_ws/install/examples_rclcpp_minimal_timer:/home/siba/ros2_ws/install/examples_rclcpp_minimal_subscriber:/home/siba/ros2_ws/install/examples_rclcpp_minimal_service:/home/siba/ros2_ws/install/examples_rclcpp_minimal_publisher:/home/siba/ros2_ws/install/examples_rclcpp_minimal_composition:/home/siba/ros2_ws/install/examples_rclcpp_minimal_client:/home/siba/ros2_ws/install/examples_rclcpp_minimal_action_server:/home/siba/ros2_ws/install/examples_rclcpp_minimal_action_client:/home/siba/ros2_ws/install/dc_servo:/home/siba/ros2_ws/install/dc_motor_interfaces:/home/siba/dev_4ws-main2/install/gazebo_simulation:/home/siba/dev_4ws-main2/install/four_ws_control LD_LIBRARY_PATH=/home/siba/dev_4ws-main2/install/mis_mensajes/lib:/home/siba/ros2_ws/install/examples_rclcpp_minimal_composition/lib:/home/siba/ros2_ws/install/dc_motor_interfaces/lib:/usr/lib/x86_64-linux-gnu/gazebo-11/plugins:/opt/ros/foxy/opt/yaml_cpp_vendor/lib:/opt/ros/foxy/opt/rviz_ogre_vendor/lib:/opt/ros/foxy/lib/x86_64-linux-gnu:/opt/ros/foxy/lib PYTHONPATH=/home/siba/dev_4ws-main2/build/imu_controller/prefix_override:/usr/lib/python3/dist-packages/colcon_core/task/python/colcon_distutils_commands:/home/siba/dev_4ws-main2/install/imu_controller/lib/python3.8/site-packages:/home/siba/dev_4ws-main2/install/mis_mensajes/lib/python3.8/site-packages:/home/siba/dev_4ws-main2/install/dc_motor/lib/python3.8/site-packages:/home/siba/dev_4ws-main2/install/fresas/lib/python3.8/site-packages:/home/siba/ros2_ws/src/fresas/install/fresas/lib/python3.8/site-packages:/home/siba/ros2_ws/install/fresas/lib/python3.8/site-packages:/home/siba/ros2_ws/install/examples_rclpy_minimal_subscriber/lib/python3.8/site-packages:/home/siba/ros2_ws/install/examples_rclpy_minimal_service/lib/python3.8/site-packages:/home/siba/ros2_ws/install/examples_rclpy_minimal_publisher/lib/python3.8/site-packages:/home/siba/ros2_ws/install/examples_rclpy_minimal_client/lib/python3.8/site-packages:/home/siba/ros2_ws/install/examples_rclpy_minimal_action_server/lib/python3.8/site-packages:/home/siba/ros2_ws/install/examples_rclpy_minimal_action_client/lib/python3.8/site-packages:/home/siba/ros2_ws/install/examples_rclpy_executors/lib/python3.8/site-packages:/home/siba/ros2_ws/install/dc_motor_controller/lib/python3.8/site-packages:/home/siba/ros2_ws/install/dc_motor_interfaces/lib/python3.8/site-packages:/home/siba/dev_4ws-main2/install/path_demo/lib/python3.8/site-packages:/home/siba/dev_4ws-main2/install/imu_controller/lib/python3.8/site-packages:/home/siba/dev_4ws-main2/install/GAZEBO_description/lib/python3.8/site-packages:/opt/ros/foxy/lib/python3.8/site-packages /usr/bin/python3 -W ignore:setup.py install is deprecated setup.py egg_info --egg-base ../../../build/imu_controller build --build-base /home/siba/dev_4ws-main2/build/imu_controller/build install --record /home/siba/dev_4ws-main2/build/imu_controller/install.log --install-scripts $base/lib/imu_controller --single-version-externally-managed install_data
[1.223s] running egg_info
[1.224s] creating ../../../build/imu_controller/imu_controller.egg-info
[1.225s] writing ../../../build/imu_controller/imu_controller.egg-info/PKG-INFO
[1.225s] writing dependency_links to ../../../build/imu_controller/imu_controller.egg-info/dependency_links.txt
[1.225s] writing entry points to ../../../build/imu_controller/imu_controller.egg-info/entry_points.txt
[1.225s] writing requirements to ../../../build/imu_controller/imu_controller.egg-info/requires.txt
[1.225s] writing top-level names to ../../../build/imu_controller/imu_controller.egg-info/top_level.txt
[1.228s] writing manifest file '../../../build/imu_controller/imu_controller.egg-info/SOURCES.txt'
[1.264s] reading manifest file '../../../build/imu_controller/imu_controller.egg-info/SOURCES.txt'
[1.265s] writing manifest file '../../../build/imu_controller/imu_controller.egg-info/SOURCES.txt'
[1.266s] running build
[1.266s] running build_py
[1.266s] creating /home/siba/dev_4ws-main2/build/imu_controller/build
[1.266s] creating /home/siba/dev_4ws-main2/build/imu_controller/build/lib
[1.266s] creating /home/siba/dev_4ws-main2/build/imu_controller/build/lib/imu_controller
[1.266s] copying imu_controller/two_imu_nodes.py -> /home/siba/dev_4ws-main2/build/imu_controller/build/lib/imu_controller
[1.267s] copying imu_controller/three_imu_nodes.py -> /home/siba/dev_4ws-main2/build/imu_controller/build/lib/imu_controller
[1.267s] copying imu_controller/imu_node.py -> /home/siba/dev_4ws-main2/build/imu_controller/build/lib/imu_controller
[1.267s] copying imu_controller/__init__.py -> /home/siba/dev_4ws-main2/build/imu_controller/build/lib/imu_controller
[1.267s] copying imu_controller/imu_node_inc.py -> /home/siba/dev_4ws-main2/build/imu_controller/build/lib/imu_controller
[1.267s] copying imu_controller/test_node.py -> /home/siba/dev_4ws-main2/build/imu_controller/build/lib/imu_controller
[1.267s] running install
[1.269s] running install_lib
[1.270s] creating /home/siba/dev_4ws-main2/install/imu_controller/lib/python3.8/site-packages/imu_controller
[1.270s] copying /home/siba/dev_4ws-main2/build/imu_controller/build/lib/imu_controller/two_imu_nodes.py -> /home/siba/dev_4ws-main2/install/imu_controller/lib/python3.8/site-packages/imu_controller
[1.270s] copying /home/siba/dev_4ws-main2/build/imu_controller/build/lib/imu_controller/three_imu_nodes.py -> /home/siba/dev_4ws-main2/install/imu_controller/lib/python3.8/site-packages/imu_controller
[1.271s] copying /home/siba/dev_4ws-main2/build/imu_controller/build/lib/imu_controller/imu_node.py -> /home/siba/dev_4ws-main2/install/imu_controller/lib/python3.8/site-packages/imu_controller
[1.271s] copying /home/siba/dev_4ws-main2/build/imu_controller/build/lib/imu_controller/__init__.py -> /home/siba/dev_4ws-main2/install/imu_controller/lib/python3.8/site-packages/imu_controller
[1.271s] copying /home/siba/dev_4ws-main2/build/imu_controller/build/lib/imu_controller/imu_node_inc.py -> /home/siba/dev_4ws-main2/install/imu_controller/lib/python3.8/site-packages/imu_controller
[1.271s] copying /home/siba/dev_4ws-main2/build/imu_controller/build/lib/imu_controller/test_node.py -> /home/siba/dev_4ws-main2/install/imu_controller/lib/python3.8/site-packages/imu_controller
[1.272s] byte-compiling /home/siba/dev_4ws-main2/install/imu_controller/lib/python3.8/site-packages/imu_controller/two_imu_nodes.py to two_imu_nodes.cpython-38.pyc
[1.275s] byte-compiling /home/siba/dev_4ws-main2/install/imu_controller/lib/python3.8/site-packages/imu_controller/three_imu_nodes.py to three_imu_nodes.cpython-38.pyc
[1.275s] byte-compiling /home/siba/dev_4ws-main2/install/imu_controller/lib/python3.8/site-packages/imu_controller/imu_node.py to imu_node.cpython-38.pyc
[1.276s] byte-compiling /home/siba/dev_4ws-main2/install/imu_controller/lib/python3.8/site-packages/imu_controller/__init__.py to __init__.cpython-38.pyc
[1.277s] byte-compiling /home/siba/dev_4ws-main2/install/imu_controller/lib/python3.8/site-packages/imu_controller/imu_node_inc.py to imu_node_inc.cpython-38.pyc
[1.277s] byte-compiling /home/siba/dev_4ws-main2/install/imu_controller/lib/python3.8/site-packages/imu_controller/test_node.py to test_node.cpython-38.pyc
[1.278s] running install_data
[1.278s] creating /home/siba/dev_4ws-main2/install/imu_controller/share/ament_index
[1.278s] creating /home/siba/dev_4ws-main2/install/imu_controller/share/ament_index/resource_index
[1.278s] creating /home/siba/dev_4ws-main2/install/imu_controller/share/ament_index/resource_index/packages
[1.279s] copying resource/imu_controller -> /home/siba/dev_4ws-main2/install/imu_controller/share/ament_index/resource_index/packages
[1.279s] copying package.xml -> /home/siba/dev_4ws-main2/install/imu_controller/share/imu_controller
[1.279s] creating /home/siba/dev_4ws-main2/install/imu_controller/share/imu_controller/launch
[1.279s] copying launch/_imu_node_launch.py -> /home/siba/dev_4ws-main2/install/imu_controller/share/imu_controller/launch
[1.279s] copying launch/_test_imu_node_launch.py -> /home/siba/dev_4ws-main2/install/imu_controller/share/imu_controller/launch
[1.279s] copying launch/_imu_rviz_launch.py -> /home/siba/dev_4ws-main2/install/imu_controller/share/imu_controller/launch
[1.280s] copying launch/_imu_launch.py -> /home/siba/dev_4ws-main2/install/imu_controller/share/imu_controller/launch
[1.280s] copying launch/_two_imu_nodes_launch.py -> /home/siba/dev_4ws-main2/install/imu_controller/share/imu_controller/launch
[1.280s] running install_egg_info
[1.282s] Copying ../../../build/imu_controller/imu_controller.egg-info to /home/siba/dev_4ws-main2/install/imu_controller/lib/python3.8/site-packages/imu_controller-0.0.0-py3.8.egg-info
[1.283s] running install_scripts
[1.303s] Installing imu_node script to /home/siba/dev_4ws-main2/install/imu_controller/lib/imu_controller
[1.303s] Installing imu_node_inc script to /home/siba/dev_4ws-main2/install/imu_controller/lib/imu_controller
[1.304s] Installing test_node script to /home/siba/dev_4ws-main2/install/imu_controller/lib/imu_controller
[1.304s] Installing three_imu_nodes script to /home/siba/dev_4ws-main2/install/imu_controller/lib/imu_controller
[1.304s] Installing two_imu_nodes script to /home/siba/dev_4ws-main2/install/imu_controller/lib/imu_controller
[1.304s] writing list of installed files to '/home/siba/dev_4ws-main2/build/imu_controller/install.log'
[1.333s] Invoked command in '/home/siba/dev_4ws-main2/src/imu_controller/imu_controller' returned '0': CMAKE_PREFIX_PATH=/home/siba/dev_4ws-main2/install/mis_mensajes:/home/siba/ros2_ws/src/fresas/install/fresas:/home/siba/ros2_ws/install/fresas:/home/siba/ros2_ws/install/examples_rclcpp_multithreaded_executor:/home/siba/ros2_ws/install/examples_rclcpp_minimal_timer:/home/siba/ros2_ws/install/examples_rclcpp_minimal_subscriber:/home/siba/ros2_ws/install/examples_rclcpp_minimal_service:/home/siba/ros2_ws/install/examples_rclcpp_minimal_publisher:/home/siba/ros2_ws/install/examples_rclcpp_minimal_composition:/home/siba/ros2_ws/install/examples_rclcpp_minimal_client:/home/siba/ros2_ws/install/examples_rclcpp_minimal_action_server:/home/siba/ros2_ws/install/examples_rclcpp_minimal_action_client:/home/siba/ros2_ws/install/dc_servo:/home/siba/ros2_ws/install/dc_motor_interfaces:/home/siba/dev_4ws-main2/install/gazebo_simulation:/home/siba/dev_4ws-main2/install/four_ws_control LD_LIBRARY_PATH=/home/siba/dev_4ws-main2/install/mis_mensajes/lib:/home/siba/ros2_ws/install/examples_rclcpp_minimal_composition/lib:/home/siba/ros2_ws/install/dc_motor_interfaces/lib:/usr/lib/x86_64-linux-gnu/gazebo-11/plugins:/opt/ros/foxy/opt/yaml_cpp_vendor/lib:/opt/ros/foxy/opt/rviz_ogre_vendor/lib:/opt/ros/foxy/lib/x86_64-linux-gnu:/opt/ros/foxy/lib PYTHONPATH=/home/siba/dev_4ws-main2/build/imu_controller/prefix_override:/usr/lib/python3/dist-packages/colcon_core/task/python/colcon_distutils_commands:/home/siba/dev_4ws-main2/install/imu_controller/lib/python3.8/site-packages:/home/siba/dev_4ws-main2/install/mis_mensajes/lib/python3.8/site-packages:/home/siba/dev_4ws-main2/install/dc_motor/lib/python3.8/site-packages:/home/siba/dev_4ws-main2/install/fresas/lib/python3.8/site-packages:/home/siba/ros2_ws/src/fresas/install/fresas/lib/python3.8/site-packages:/home/siba/ros2_ws/install/fresas/lib/python3.8/site-packages:/home/siba/ros2_ws/install/examples_rclpy_minimal_subscriber/lib/python3.8/site-packages:/home/siba/ros2_ws/install/examples_rclpy_minimal_service/lib/python3.8/site-packages:/home/siba/ros2_ws/install/examples_rclpy_minimal_publisher/lib/python3.8/site-packages:/home/siba/ros2_ws/install/examples_rclpy_minimal_client/lib/python3.8/site-packages:/home/siba/ros2_ws/install/examples_rclpy_minimal_action_server/lib/python3.8/site-packages:/home/siba/ros2_ws/install/examples_rclpy_minimal_action_client/lib/python3.8/site-packages:/home/siba/ros2_ws/install/examples_rclpy_executors/lib/python3.8/site-packages:/home/siba/ros2_ws/install/dc_motor_controller/lib/python3.8/site-packages:/home/siba/ros2_ws/install/dc_motor_interfaces/lib/python3.8/site-packages:/home/siba/dev_4ws-main2/install/path_demo/lib/python3.8/site-packages:/home/siba/dev_4ws-main2/install/imu_controller/lib/python3.8/site-packages:/home/siba/dev_4ws-main2/install/GAZEBO_description/lib/python3.8/site-packages:/opt/ros/foxy/lib/python3.8/site-packages /usr/bin/python3 -W ignore:setup.py install is deprecated setup.py egg_info --egg-base ../../../build/imu_controller build --build-base /home/siba/dev_4ws-main2/build/imu_controller/build install --record /home/siba/dev_4ws-main2/build/imu_controller/install.log --install-scripts $base/lib/imu_controller --single-version-externally-managed install_data
