[1.256s] Invoking command in '/home/siba/dev_4ws-main2/src/bldc_can': PYTHONPATH=/home/siba/dev_4ws-main2/build/bldc_can/prefix_override:/usr/lib/python3/dist-packages/colcon_core/task/python/colcon_distutils_commands:/home/siba/dev_4ws-main2/install/bldc_can/lib/python3.8/site-packages:/home/siba/dev_4ws-main2/install/mis_mensajes/lib/python3.8/site-packages:/home/siba/dev_4ws-main2/install/bldc_can/lib/python3.8/site-packages:/home/siba/dev_4ws-main2/install/path_demo/lib/python3.8/site-packages:/home/siba/dev_4ws-main2/install/imu_controller/lib/python3.8/site-packages:/home/siba/dev_4ws-main2/install/dc_motor/lib/python3.8/site-packages:/home/siba/dev_4ws-main2/install/GAZEBO_description/lib/python3.8/site-packages:/home/siba/ros2_ws/install/fresas/lib/python3.8/site-packages:/home/siba/ros2_ws/install/examples_rclpy_minimal_subscriber/lib/python3.8/site-packages:/home/siba/ros2_ws/install/examples_rclpy_minimal_service/lib/python3.8/site-packages:/home/siba/ros2_ws/install/examples_rclpy_minimal_publisher/lib/python3.8/site-packages:/home/siba/ros2_ws/install/examples_rclpy_minimal_client/lib/python3.8/site-packages:/home/siba/ros2_ws/install/examples_rclpy_minimal_action_server/lib/python3.8/site-packages:/home/siba/ros2_ws/install/examples_rclpy_minimal_action_client/lib/python3.8/site-packages:/home/siba/ros2_ws/install/examples_rclpy_executors/lib/python3.8/site-packages:/home/siba/ros2_ws/install/dc_motor_controller/lib/python3.8/site-packages:/home/siba/ros2_ws/install/dc_motor_interfaces/lib/python3.8/site-packages:/home/siba/ros2_ws/src/fresas/install/fresas/lib/python3.8/site-packages:/opt/ros/foxy/lib/python3.8/site-packages /usr/bin/python3 -W ignore:setup.py install is deprecated setup.py egg_info --egg-base ../../build/bldc_can build --build-base /home/siba/dev_4ws-main2/build/bldc_can/build install --record /home/siba/dev_4ws-main2/build/bldc_can/install.log --install-scripts $base/lib/bldc_can --single-version-externally-managed install_data
[1.789s] running egg_info
[1.791s] writing ../../build/bldc_can/bldc_can.egg-info/PKG-INFO
[1.792s] writing dependency_links to ../../build/bldc_can/bldc_can.egg-info/dependency_links.txt
[1.793s] writing entry points to ../../build/bldc_can/bldc_can.egg-info/entry_points.txt
[1.793s] writing requirements to ../../build/bldc_can/bldc_can.egg-info/requires.txt
[1.793s] writing top-level names to ../../build/bldc_can/bldc_can.egg-info/top_level.txt
[1.874s] reading manifest file '../../build/bldc_can/bldc_can.egg-info/SOURCES.txt'
[1.875s] writing manifest file '../../build/bldc_can/bldc_can.egg-info/SOURCES.txt'
[1.877s] running build
[1.878s] running build_py
[1.879s] copying bldc_can/bldc_can_monitor.py -> /home/siba/dev_4ws-main2/build/bldc_can/build/lib/bldc_can
[1.879s] running install
[1.879s] running install_lib
[1.880s] copying /home/siba/dev_4ws-main2/build/bldc_can/build/lib/bldc_can/bldc_can_monitor.py -> /home/siba/dev_4ws-main2/install/bldc_can/lib/python3.8/site-packages/bldc_can
[1.881s] byte-compiling /home/siba/dev_4ws-main2/install/bldc_can/lib/python3.8/site-packages/bldc_can/bldc_can_monitor.py to bldc_can_monitor.cpython-38.pyc
[1.884s] running install_data
[1.884s] copying package.xml -> /home/siba/dev_4ws-main2/install/bldc_can/share/bldc_can
[1.884s] running install_egg_info
[1.887s] removing '/home/siba/dev_4ws-main2/install/bldc_can/lib/python3.8/site-packages/bldc_can-0.0.1-py3.8.egg-info' (and everything under it)
[1.890s] Copying ../../build/bldc_can/bldc_can.egg-info to /home/siba/dev_4ws-main2/install/bldc_can/lib/python3.8/site-packages/bldc_can-0.0.1-py3.8.egg-info
[1.891s] running install_scripts
[1.926s] Installing can_monitor script to /home/siba/dev_4ws-main2/install/bldc_can/lib/bldc_can
[1.926s] Installing can_node script to /home/siba/dev_4ws-main2/install/bldc_can/lib/bldc_can
[1.926s] writing list of installed files to '/home/siba/dev_4ws-main2/build/bldc_can/install.log'
[1.981s] Invoked command in '/home/siba/dev_4ws-main2/src/bldc_can' returned '0': PYTHONPATH=/home/siba/dev_4ws-main2/build/bldc_can/prefix_override:/usr/lib/python3/dist-packages/colcon_core/task/python/colcon_distutils_commands:/home/siba/dev_4ws-main2/install/bldc_can/lib/python3.8/site-packages:/home/siba/dev_4ws-main2/install/mis_mensajes/lib/python3.8/site-packages:/home/siba/dev_4ws-main2/install/bldc_can/lib/python3.8/site-packages:/home/siba/dev_4ws-main2/install/path_demo/lib/python3.8/site-packages:/home/siba/dev_4ws-main2/install/imu_controller/lib/python3.8/site-packages:/home/siba/dev_4ws-main2/install/dc_motor/lib/python3.8/site-packages:/home/siba/dev_4ws-main2/install/GAZEBO_description/lib/python3.8/site-packages:/home/siba/ros2_ws/install/fresas/lib/python3.8/site-packages:/home/siba/ros2_ws/install/examples_rclpy_minimal_subscriber/lib/python3.8/site-packages:/home/siba/ros2_ws/install/examples_rclpy_minimal_service/lib/python3.8/site-packages:/home/siba/ros2_ws/install/examples_rclpy_minimal_publisher/lib/python3.8/site-packages:/home/siba/ros2_ws/install/examples_rclpy_minimal_client/lib/python3.8/site-packages:/home/siba/ros2_ws/install/examples_rclpy_minimal_action_server/lib/python3.8/site-packages:/home/siba/ros2_ws/install/examples_rclpy_minimal_action_client/lib/python3.8/site-packages:/home/siba/ros2_ws/install/examples_rclpy_executors/lib/python3.8/site-packages:/home/siba/ros2_ws/install/dc_motor_controller/lib/python3.8/site-packages:/home/siba/ros2_ws/install/dc_motor_interfaces/lib/python3.8/site-packages:/home/siba/ros2_ws/src/fresas/install/fresas/lib/python3.8/site-packages:/opt/ros/foxy/lib/python3.8/site-packages /usr/bin/python3 -W ignore:setup.py install is deprecated setup.py egg_info --egg-base ../../build/bldc_can build --build-base /home/siba/dev_4ws-main2/build/bldc_can/build install --record /home/siba/dev_4ws-main2/build/bldc_can/install.log --install-scripts $base/lib/bldc_can --single-version-externally-managed install_data
