/home/siba/dev_4ws-main2/install/path_demo/lib/python3.8/site-packages/path_demo/path_visualizer.py
/home/siba/dev_4ws-main2/install/path_demo/lib/python3.8/site-packages/path_demo/path_publisher_node.py
/home/siba/dev_4ws-main2/install/path_demo/lib/python3.8/site-packages/path_demo/__init__.py
/home/siba/dev_4ws-main2/install/path_demo/lib/python3.8/site-packages/path_demo/robot_pose_listener.py
/home/siba/dev_4ws-main2/install/path_demo/lib/python3.8/site-packages/path_demo/kinematics_controller_node.py
/home/siba/dev_4ws-main2/install/path_demo/lib/python3.8/site-packages/path_demo/__pycache__/path_visualizer.cpython-38.pyc
/home/siba/dev_4ws-main2/install/path_demo/lib/python3.8/site-packages/path_demo/__pycache__/path_publisher_node.cpython-38.pyc
/home/siba/dev_4ws-main2/install/path_demo/lib/python3.8/site-packages/path_demo/__pycache__/__init__.cpython-38.pyc
/home/siba/dev_4ws-main2/install/path_demo/lib/python3.8/site-packages/path_demo/__pycache__/robot_pose_listener.cpython-38.pyc
/home/siba/dev_4ws-main2/install/path_demo/lib/python3.8/site-packages/path_demo/__pycache__/kinematics_controller_node.cpython-38.pyc
/home/siba/dev_4ws-main2/install/path_demo/share/ament_index/resource_index/packages/path_demo
/home/siba/dev_4ws-main2/install/path_demo/share/path_demo/package.xml
/home/siba/dev_4ws-main2/install/path_demo/share/path_demo/launch/visualize_random_path.launch.py
/home/siba/dev_4ws-main2/install/path_demo/lib/python3.8/site-packages/path_demo-0.0.0-py3.8.egg-info/zip-safe
/home/siba/dev_4ws-main2/install/path_demo/lib/python3.8/site-packages/path_demo-0.0.0-py3.8.egg-info/PKG-INFO
/home/siba/dev_4ws-main2/install/path_demo/lib/python3.8/site-packages/path_demo-0.0.0-py3.8.egg-info/top_level.txt
/home/siba/dev_4ws-main2/install/path_demo/lib/python3.8/site-packages/path_demo-0.0.0-py3.8.egg-info/dependency_links.txt
/home/siba/dev_4ws-main2/install/path_demo/lib/python3.8/site-packages/path_demo-0.0.0-py3.8.egg-info/entry_points.txt
/home/siba/dev_4ws-main2/install/path_demo/lib/python3.8/site-packages/path_demo-0.0.0-py3.8.egg-info/requires.txt
/home/siba/dev_4ws-main2/install/path_demo/lib/python3.8/site-packages/path_demo-0.0.0-py3.8.egg-info/SOURCES.txt
/home/siba/dev_4ws-main2/install/path_demo/lib/path_demo/kinematics_controller_node
/home/siba/dev_4ws-main2/install/path_demo/lib/path_demo/path_publisher_node
/home/siba/dev_4ws-main2/install/path_demo/lib/path_demo/path_visualizer
/home/siba/dev_4ws-main2/install/path_demo/lib/path_demo/robot_pose_listener
