[2.238s] Invoking command in '/home/siba/dev_4ws-main2/src/dc_motor': PYTHONPATH=/home/siba/dev_4ws-main2/build/dc_motor/prefix_override:/usr/lib/python3/dist-packages/colcon_core/task/python/colcon_distutils_commands:/home/siba/dev_4ws-main2/install/dc_motor/lib/python3.8/site-packages:${PYTHONPATH} /usr/bin/python3 -W ignore:setup.py install is deprecated setup.py egg_info --egg-base ../../build/dc_motor build --build-base /home/siba/dev_4ws-main2/build/dc_motor/build install --record /home/siba/dev_4ws-main2/build/dc_motor/install.log --install-scripts $base/lib/dc_motor --single-version-externally-managed install_data
[3.043s] running egg_info
[3.043s] writing ../../build/dc_motor/dc_motor.egg-info/PKG-INFO
[3.043s] writing dependency_links to ../../build/dc_motor/dc_motor.egg-info/dependency_links.txt
[3.043s] writing entry points to ../../build/dc_motor/dc_motor.egg-info/entry_points.txt
[3.044s] writing requirements to ../../build/dc_motor/dc_motor.egg-info/requires.txt
[3.044s] writing top-level names to ../../build/dc_motor/dc_motor.egg-info/top_level.txt
[3.068s] reading manifest file '../../build/dc_motor/dc_motor.egg-info/SOURCES.txt'
[3.078s] writing manifest file '../../build/dc_motor/dc_motor.egg-info/SOURCES.txt'
[3.079s] running build
[3.079s] running build_py
[3.079s] running install
[3.081s] running install_lib
[3.083s] running install_data
[3.084s] running install_egg_info
[3.087s] removing '/home/siba/dev_4ws-main2/install/dc_motor/lib/python3.8/site-packages/dc_motor-0.0.0-py3.8.egg-info' (and everything under it)
[3.088s] Copying ../../build/dc_motor/dc_motor.egg-info to /home/siba/dev_4ws-main2/install/dc_motor/lib/python3.8/site-packages/dc_motor-0.0.0-py3.8.egg-info
[3.089s] running install_scripts
[3.182s] Installing dc_motor_node_v1 script to /home/siba/dev_4ws-main2/install/dc_motor/lib/dc_motor
[3.182s] writing list of installed files to '/home/siba/dev_4ws-main2/build/dc_motor/install.log'
[4.068s] Invoked command in '/home/siba/dev_4ws-main2/src/dc_motor' returned '0': PYTHONPATH=/home/siba/dev_4ws-main2/build/dc_motor/prefix_override:/usr/lib/python3/dist-packages/colcon_core/task/python/colcon_distutils_commands:/home/siba/dev_4ws-main2/install/dc_motor/lib/python3.8/site-packages:${PYTHONPATH} /usr/bin/python3 -W ignore:setup.py install is deprecated setup.py egg_info --egg-base ../../build/dc_motor build --build-base /home/siba/dev_4ws-main2/build/dc_motor/build install --record /home/siba/dev_4ws-main2/build/dc_motor/install.log --install-scripts $base/lib/dc_motor --single-version-externally-managed install_data
