[1.550s] Invoking command in '/home/siba/dev_4ws-main2/src/imu_controller/imu_controller': PYTHONPATH=/home/siba/dev_4ws-main2/build/imu_controller/prefix_override:/usr/lib/python3/dist-packages/colcon_core/task/python/colcon_distutils_commands:/home/siba/dev_4ws-main2/install/imu_controller/lib/python3.8/site-packages:/home/siba/dev_4ws-main2/install/mis_mensajes/lib/python3.8/site-packages:/home/siba/dev_4ws-main2/install/bldc_can/lib/python3.8/site-packages:/home/siba/dev_4ws-main2/install/path_demo/lib/python3.8/site-packages:/home/siba/dev_4ws-main2/install/imu_controller/lib/python3.8/site-packages:/home/siba/dev_4ws-main2/install/dc_motor/lib/python3.8/site-packages:/home/siba/dev_4ws-main2/install/GAZEBO_description/lib/python3.8/site-packages:/home/siba/ros2_ws/install/fresas/lib/python3.8/site-packages:/home/siba/ros2_ws/install/examples_rclpy_minimal_subscriber/lib/python3.8/site-packages:/home/siba/ros2_ws/install/examples_rclpy_minimal_service/lib/python3.8/site-packages:/home/siba/ros2_ws/install/examples_rclpy_minimal_publisher/lib/python3.8/site-packages:/home/siba/ros2_ws/install/examples_rclpy_minimal_client/lib/python3.8/site-packages:/home/siba/ros2_ws/install/examples_rclpy_minimal_action_server/lib/python3.8/site-packages:/home/siba/ros2_ws/install/examples_rclpy_minimal_action_client/lib/python3.8/site-packages:/home/siba/ros2_ws/install/examples_rclpy_executors/lib/python3.8/site-packages:/home/siba/ros2_ws/install/dc_motor_controller/lib/python3.8/site-packages:/home/siba/ros2_ws/install/dc_motor_interfaces/lib/python3.8/site-packages:/home/siba/ros2_ws/src/fresas/install/fresas/lib/python3.8/site-packages:/opt/ros/foxy/lib/python3.8/site-packages /usr/bin/python3 -W ignore:setup.py install is deprecated setup.py egg_info --egg-base ../../../build/imu_controller build --build-base /home/siba/dev_4ws-main2/build/imu_controller/build install --record /home/siba/dev_4ws-main2/build/imu_controller/install.log --install-scripts $base/lib/imu_controller --single-version-externally-managed install_data
[2.049s] running egg_info
[2.050s] writing ../../../build/imu_controller/imu_controller.egg-info/PKG-INFO
[2.051s] writing dependency_links to ../../../build/imu_controller/imu_controller.egg-info/dependency_links.txt
[2.051s] writing entry points to ../../../build/imu_controller/imu_controller.egg-info/entry_points.txt
[2.051s] writing requirements to ../../../build/imu_controller/imu_controller.egg-info/requires.txt
[2.052s] writing top-level names to ../../../build/imu_controller/imu_controller.egg-info/top_level.txt
[2.124s] reading manifest file '../../../build/imu_controller/imu_controller.egg-info/SOURCES.txt'
[2.126s] writing manifest file '../../../build/imu_controller/imu_controller.egg-info/SOURCES.txt'
[2.126s] running build
[2.127s] running build_py
[2.127s] running install
[2.129s] running install_lib
[2.132s] running install_data
[2.133s] running install_egg_info
[2.137s] removing '/home/siba/dev_4ws-main2/install/imu_controller/lib/python3.8/site-packages/imu_controller-0.0.0-py3.8.egg-info' (and everything under it)
[2.138s] Copying ../../../build/imu_controller/imu_controller.egg-info to /home/siba/dev_4ws-main2/install/imu_controller/lib/python3.8/site-packages/imu_controller-0.0.0-py3.8.egg-info
[2.140s] running install_scripts
[2.175s] Installing imu_node script to /home/siba/dev_4ws-main2/install/imu_controller/lib/imu_controller
[2.176s] Installing imu_node_inc script to /home/siba/dev_4ws-main2/install/imu_controller/lib/imu_controller
[2.176s] Installing test_node script to /home/siba/dev_4ws-main2/install/imu_controller/lib/imu_controller
[2.176s] Installing three_imu_nodes script to /home/siba/dev_4ws-main2/install/imu_controller/lib/imu_controller
[2.177s] Installing two_imu_nodes script to /home/siba/dev_4ws-main2/install/imu_controller/lib/imu_controller
[2.177s] writing list of installed files to '/home/siba/dev_4ws-main2/build/imu_controller/install.log'
[2.221s] Invoked command in '/home/siba/dev_4ws-main2/src/imu_controller/imu_controller' returned '0': PYTHONPATH=/home/siba/dev_4ws-main2/build/imu_controller/prefix_override:/usr/lib/python3/dist-packages/colcon_core/task/python/colcon_distutils_commands:/home/siba/dev_4ws-main2/install/imu_controller/lib/python3.8/site-packages:/home/siba/dev_4ws-main2/install/mis_mensajes/lib/python3.8/site-packages:/home/siba/dev_4ws-main2/install/bldc_can/lib/python3.8/site-packages:/home/siba/dev_4ws-main2/install/path_demo/lib/python3.8/site-packages:/home/siba/dev_4ws-main2/install/imu_controller/lib/python3.8/site-packages:/home/siba/dev_4ws-main2/install/dc_motor/lib/python3.8/site-packages:/home/siba/dev_4ws-main2/install/GAZEBO_description/lib/python3.8/site-packages:/home/siba/ros2_ws/install/fresas/lib/python3.8/site-packages:/home/siba/ros2_ws/install/examples_rclpy_minimal_subscriber/lib/python3.8/site-packages:/home/siba/ros2_ws/install/examples_rclpy_minimal_service/lib/python3.8/site-packages:/home/siba/ros2_ws/install/examples_rclpy_minimal_publisher/lib/python3.8/site-packages:/home/siba/ros2_ws/install/examples_rclpy_minimal_client/lib/python3.8/site-packages:/home/siba/ros2_ws/install/examples_rclpy_minimal_action_server/lib/python3.8/site-packages:/home/siba/ros2_ws/install/examples_rclpy_minimal_action_client/lib/python3.8/site-packages:/home/siba/ros2_ws/install/examples_rclpy_executors/lib/python3.8/site-packages:/home/siba/ros2_ws/install/dc_motor_controller/lib/python3.8/site-packages:/home/siba/ros2_ws/install/dc_motor_interfaces/lib/python3.8/site-packages:/home/siba/ros2_ws/src/fresas/install/fresas/lib/python3.8/site-packages:/opt/ros/foxy/lib/python3.8/site-packages /usr/bin/python3 -W ignore:setup.py install is deprecated setup.py egg_info --egg-base ../../../build/imu_controller build --build-base /home/siba/dev_4ws-main2/build/imu_controller/build install --record /home/siba/dev_4ws-main2/build/imu_controller/install.log --install-scripts $base/lib/imu_controller --single-version-externally-managed install_data
