[0.058s] Invoking command in '/home/siba/dev_4ws-main2/build/mis_mensajes': CMAKE_PREFIX_PATH=${CMAKE_PREFIX_PATH}:/home/siba/dev_4ws-main2/install/dc_motor:/home/siba/dev_4ws-main2/install/fresas:/home/siba/ros2_ws/install/examples_rclpy_minimal_subscriber:/home/siba/ros2_ws/install/examples_rclpy_minimal_service:/home/siba/ros2_ws/install/examples_rclpy_minimal_publisher:/home/siba/ros2_ws/install/examples_rclpy_minimal_client:/home/siba/ros2_ws/install/examples_rclpy_minimal_action_server:/home/siba/ros2_ws/install/examples_rclpy_minimal_action_client:/home/siba/ros2_ws/install/examples_rclpy_executors:/home/siba/ros2_ws/install/dc_motor_controller:/home/siba/dev_4ws-main2/install/path_demo:/home/siba/dev_4ws-main2/install/imu_controller:/home/siba/dev_4ws-main2/install/GAZEBO_description:/opt/ros/foxy /usr/bin/cmake /home/siba/dev_4ws-main2/src/mis_mensajes -DCMAKE_INSTALL_PREFIX=/home/siba/dev_4ws-main2/install/mis_mensajes
[0.800s] -- The C compiler identification is GNU 9.4.0
[0.800s] -- The CXX compiler identification is GNU 9.4.0
[0.800s] -- Check for working C compiler: /usr/bin/cc
[0.800s] -- Check for working C compiler: /usr/bin/cc -- works
[0.800s] -- Detecting C compiler ABI info
[0.802s] -- Detecting C compiler ABI info - done
[0.804s] -- Detecting C compile features
[0.809s] -- Detecting C compile features - done
[0.809s] -- Check for working CXX compiler: /usr/bin/c++
[0.810s] -- Check for working CXX compiler: /usr/bin/c++ -- works
[0.810s] -- Detecting CXX compiler ABI info
[0.810s] -- Detecting CXX compiler ABI info - done
[0.810s] -- Detecting CXX compile features
[0.810s] -- Detecting CXX compile features - done
[0.810s] -- Found ament_cmake: 0.9.12 (/opt/ros/foxy/share/ament_cmake/cmake)
[0.810s] -- Found PythonInterp: /usr/bin/python3 (found suitable version "3.8.10", minimum required is "3") 
[0.811s] -- Using PYTHON_EXECUTABLE: /usr/bin/python3
[1.337s] -- Found std_msgs: 2.0.5 (/opt/ros/foxy/share/std_msgs/cmake)
[1.438s] -- Using all available rosidl_typesupport_c: rosidl_typesupport_fastrtps_c;rosidl_typesupport_introspection_c
[1.467s] -- Found rosidl_adapter: 1.3.1 (/opt/ros/foxy/share/rosidl_adapter/cmake)
[2.014s] -- Found OpenSSL: /usr/lib/x86_64-linux-gnu/libcrypto.so (found version "1.1.1f")  
[2.117s] -- Found FastRTPS: /opt/ros/foxy/include  
[2.430s] -- Using all available rosidl_typesupport_cpp: rosidl_typesupport_fastrtps_cpp;rosidl_typesupport_introspection_cpp
[2.672s] -- Found rosidl_default_generators: 1.0.1 (/opt/ros/foxy/share/rosidl_default_generators/cmake)
[2.780s] -- Found PythonInterp: /usr/bin/python3 (found version "3.8.10") 
[3.203s] -- Found ament_cmake_ros: 0.9.2 (/opt/ros/foxy/share/ament_cmake_ros/cmake)
[3.669s] -- Using all available rosidl_typesupport_c: rosidl_typesupport_fastrtps_c;rosidl_typesupport_introspection_c
[3.845s] -- Using all available rosidl_typesupport_cpp: rosidl_typesupport_fastrtps_cpp;rosidl_typesupport_introspection_cpp
[3.915s] -- Found PythonInterp: /usr/bin/python3 (found suitable version "3.8.10", minimum required is "3.5") 
[3.918s] -- Found python_cmake_module: 0.8.1 (/opt/ros/foxy/share/python_cmake_module/cmake)
[4.001s] -- Found PythonLibs: /usr/lib/x86_64-linux-gnu/libpython3.8.so (found suitable version "3.8.10", minimum required is "3.5") 
[4.002s] -- Using PYTHON_EXECUTABLE: /usr/bin/python3
[4.002s] -- Using PYTHON_INCLUDE_DIRS: /usr/include/python3.8
[4.002s] -- Using PYTHON_LIBRARIES: /usr/lib/x86_64-linux-gnu/libpython3.8.so
[4.056s] -- Found PythonExtra: .so  
[4.225s] -- Found ament_lint_auto: 0.9.8 (/opt/ros/foxy/share/ament_lint_auto/cmake)
[4.307s] -- Added test 'copyright' to check source files copyright and LICENSE
[4.312s] -- Added test 'lint_cmake' to check CMake code style
[4.315s] -- Added test 'xmllint' to check XML markup files
[4.327s] -- Configuring done
[4.434s] -- Generating done
[4.441s] -- Build files have been written to: /home/siba/dev_4ws-main2/build/mis_mensajes
[4.458s] Invoked command in '/home/siba/dev_4ws-main2/build/mis_mensajes' returned '0': CMAKE_PREFIX_PATH=${CMAKE_PREFIX_PATH}:/home/siba/dev_4ws-main2/install/dc_motor:/home/siba/dev_4ws-main2/install/fresas:/home/siba/ros2_ws/install/examples_rclpy_minimal_subscriber:/home/siba/ros2_ws/install/examples_rclpy_minimal_service:/home/siba/ros2_ws/install/examples_rclpy_minimal_publisher:/home/siba/ros2_ws/install/examples_rclpy_minimal_client:/home/siba/ros2_ws/install/examples_rclpy_minimal_action_server:/home/siba/ros2_ws/install/examples_rclpy_minimal_action_client:/home/siba/ros2_ws/install/examples_rclpy_executors:/home/siba/ros2_ws/install/dc_motor_controller:/home/siba/dev_4ws-main2/install/path_demo:/home/siba/dev_4ws-main2/install/imu_controller:/home/siba/dev_4ws-main2/install/GAZEBO_description:/opt/ros/foxy /usr/bin/cmake /home/siba/dev_4ws-main2/src/mis_mensajes -DCMAKE_INSTALL_PREFIX=/home/siba/dev_4ws-main2/install/mis_mensajes
[4.462s] Invoking command in '/home/siba/dev_4ws-main2/build/mis_mensajes': CMAKE_PREFIX_PATH=${CMAKE_PREFIX_PATH}:/home/siba/dev_4ws-main2/install/dc_motor:/home/siba/dev_4ws-main2/install/fresas:/home/siba/ros2_ws/install/examples_rclpy_minimal_subscriber:/home/siba/ros2_ws/install/examples_rclpy_minimal_service:/home/siba/ros2_ws/install/examples_rclpy_minimal_publisher:/home/siba/ros2_ws/install/examples_rclpy_minimal_client:/home/siba/ros2_ws/install/examples_rclpy_minimal_action_server:/home/siba/ros2_ws/install/examples_rclpy_minimal_action_client:/home/siba/ros2_ws/install/examples_rclpy_executors:/home/siba/ros2_ws/install/dc_motor_controller:/home/siba/dev_4ws-main2/install/path_demo:/home/siba/dev_4ws-main2/install/imu_controller:/home/siba/dev_4ws-main2/install/GAZEBO_description:/opt/ros/foxy /usr/bin/cmake --build /home/siba/dev_4ws-main2/build/mis_mensajes -- -j4 -l4
[4.550s] [35m[1mScanning dependencies of target mis_mensajes__cpp[0m
[4.573s] [  3%] [34m[1mGenerating C code for ROS interfaces[0m
[4.591s] [  6%] [34m[1mGenerating C++ code for ROS interfaces[0m
[5.285s] [35m[1mScanning dependencies of target mis_mensajes__rosidl_generator_c[0m
[5.337s] [  9%] [32mBuilding C object CMakeFiles/mis_mensajes__rosidl_generator_c.dir/rosidl_generator_c/mis_mensajes/msg/detail/angulos_inclinacion__functions.c.o[0m
[5.387s] [  9%] Built target mis_mensajes__cpp
[5.425s] [ 12%] [34m[1mGenerating C++ type support for eProsima Fast-RTPS[0m
[5.432s] [ 16%] [34m[1mGenerating C++ type support dispatch for ROS interfaces[0m
[5.449s] [ 19%] [34m[1mGenerating C++ introspection for ROS interfaces[0m
[5.473s] [ 22%] [32m[1mLinking C shared library libmis_mensajes__rosidl_generator_c.so[0m
[5.661s] [ 22%] Built target mis_mensajes__rosidl_generator_c
[5.695s] [ 25%] [34m[1mGenerating C introspection for ROS interfaces[0m
[6.281s] [35m[1mScanning dependencies of target mis_mensajes__rosidl_typesupport_cpp[0m
[6.334s] [ 29%] [32mBuilding CXX object CMakeFiles/mis_mensajes__rosidl_typesupport_cpp.dir/rosidl_typesupport_cpp/mis_mensajes/msg/angulos_inclinacion__type_support.cpp.o[0m
[6.348s] [35m[1mScanning dependencies of target mis_mensajes__rosidl_typesupport_fastrtps_cpp[0m
[6.417s] [ 32%] [32mBuilding CXX object CMakeFiles/mis_mensajes__rosidl_typesupport_fastrtps_cpp.dir/rosidl_typesupport_fastrtps_cpp/mis_mensajes/msg/detail/dds_fastrtps/angulos_inclinacion__type_support.cpp.o[0m
[6.437s] [35m[1mScanning dependencies of target mis_mensajes__rosidl_typesupport_introspection_cpp[0m
[6.510s] [ 35%] [32mBuilding CXX object CMakeFiles/mis_mensajes__rosidl_typesupport_introspection_cpp.dir/rosidl_typesupport_introspection_cpp/mis_mensajes/msg/detail/angulos_inclinacion__type_support.cpp.o[0m
[6.554s] [35m[1mScanning dependencies of target mis_mensajes__rosidl_typesupport_introspection_c[0m
[6.629s] [ 38%] [32mBuilding C object CMakeFiles/mis_mensajes__rosidl_typesupport_introspection_c.dir/rosidl_typesupport_introspection_c/mis_mensajes/msg/detail/angulos_inclinacion__type_support.c.o[0m
[6.789s] [ 41%] [32m[1mLinking C shared library libmis_mensajes__rosidl_typesupport_introspection_c.so[0m
[6.979s] [ 41%] Built target mis_mensajes__rosidl_typesupport_introspection_c
[7.067s] [ 45%] [34m[1mGenerating C type support dispatch for ROS interfaces[0m
[7.414s] [ 48%] [32m[1mLinking CXX shared library libmis_mensajes__rosidl_typesupport_cpp.so[0m
[7.497s] [ 51%] [32m[1mLinking CXX shared library libmis_mensajes__rosidl_typesupport_introspection_cpp.so[0m
[7.656s] [ 51%] Built target mis_mensajes__rosidl_typesupport_cpp
[7.792s] [35m[1mScanning dependencies of target mis_mensajes__rosidl_typesupport_c[0m
[7.846s] [ 54%] [32mBuilding CXX object CMakeFiles/mis_mensajes__rosidl_typesupport_c.dir/rosidl_typesupport_c/mis_mensajes/msg/angulos_inclinacion__type_support.cpp.o[0m
[7.855s] [ 54%] Built target mis_mensajes__rosidl_typesupport_introspection_cpp
[7.929s] [ 58%] [32m[1mLinking CXX shared library libmis_mensajes__rosidl_typesupport_c.so[0m
[8.001s] [ 61%] [32m[1mLinking CXX shared library libmis_mensajes__rosidl_typesupport_fastrtps_cpp.so[0m
[8.032s] [ 61%] Built target mis_mensajes__rosidl_typesupport_c
[8.193s] [ 61%] Built target mis_mensajes__rosidl_typesupport_fastrtps_cpp
[8.209s] [ 64%] [34m[1mGenerating C type support for eProsima Fast-RTPS[0m
[8.471s] [35m[1mScanning dependencies of target mis_mensajes__rosidl_typesupport_fastrtps_c[0m
[8.497s] [ 67%] [32mBuilding CXX object CMakeFiles/mis_mensajes__rosidl_typesupport_fastrtps_c.dir/rosidl_typesupport_fastrtps_c/mis_mensajes/msg/detail/angulos_inclinacion__type_support_c.cpp.o[0m
[8.940s] [ 70%] [32m[1mLinking CXX shared library libmis_mensajes__rosidl_typesupport_fastrtps_c.so[0m
[9.074s] [ 70%] Built target mis_mensajes__rosidl_typesupport_fastrtps_c
[9.089s] [35m[1mScanning dependencies of target mis_mensajes[0m
[9.105s] [ 70%] Built target mis_mensajes
[9.119s] [35m[1mScanning dependencies of target mis_mensajes__py[0m
[9.135s] [ 74%] [34m[1mGenerating Python code for ROS interfaces[0m
[9.700s] [ 74%] Built target mis_mensajes__py
[9.714s] [35m[1mScanning dependencies of target mis_mensajes__python[0m
[9.743s] [ 77%] [32mBuilding C object CMakeFiles/mis_mensajes__python.dir/rosidl_generator_py/mis_mensajes/msg/_angulos_inclinacion_s.c.o[0m
[9.857s] [ 80%] [32m[1mLinking C shared library rosidl_generator_py/mis_mensajes/libmis_mensajes__python.so[0m
[9.917s] [ 80%] Built target mis_mensajes__python
[9.936s] [35m[1mScanning dependencies of target mis_mensajes__rosidl_typesupport_c__pyext[0m
[9.937s] [35m[1mScanning dependencies of target mis_mensajes__rosidl_typesupport_fastrtps_c__pyext[0m
[9.937s] [35m[1mScanning dependencies of target mis_mensajes__rosidl_typesupport_introspection_c__pyext[0m
[9.989s] [ 83%] [32mBuilding C object CMakeFiles/mis_mensajes__rosidl_typesupport_fastrtps_c__pyext.dir/rosidl_generator_py/mis_mensajes/_mis_mensajes_s.ep.rosidl_typesupport_fastrtps_c.c.o[0m
[10.003s] [ 87%] [32mBuilding C object CMakeFiles/mis_mensajes__rosidl_typesupport_introspection_c__pyext.dir/rosidl_generator_py/mis_mensajes/_mis_mensajes_s.ep.rosidl_typesupport_introspection_c.c.o[0m
[10.063s] [ 90%] [32mBuilding C object CMakeFiles/mis_mensajes__rosidl_typesupport_c__pyext.dir/rosidl_generator_py/mis_mensajes/_mis_mensajes_s.ep.rosidl_typesupport_c.c.o[0m
[10.153s] [ 93%] [32m[1mLinking CXX shared library rosidl_generator_py/mis_mensajes/mis_mensajes_s__rosidl_typesupport_fastrtps_c.cpython-38-x86_64-linux-gnu.so[0m
[10.239s] [ 96%] [32m[1mLinking C shared library rosidl_generator_py/mis_mensajes/mis_mensajes_s__rosidl_typesupport_introspection_c.cpython-38-x86_64-linux-gnu.so[0m
[10.291s] [100%] [32m[1mLinking C shared library rosidl_generator_py/mis_mensajes/mis_mensajes_s__rosidl_typesupport_c.cpython-38-x86_64-linux-gnu.so[0m
[10.295s] [100%] Built target mis_mensajes__rosidl_typesupport_fastrtps_c__pyext
[10.331s] [100%] Built target mis_mensajes__rosidl_typesupport_introspection_c__pyext
[10.346s] [100%] Built target mis_mensajes__rosidl_typesupport_c__pyext
[10.363s] Invoked command in '/home/siba/dev_4ws-main2/build/mis_mensajes' returned '0': CMAKE_PREFIX_PATH=${CMAKE_PREFIX_PATH}:/home/siba/dev_4ws-main2/install/dc_motor:/home/siba/dev_4ws-main2/install/fresas:/home/siba/ros2_ws/install/examples_rclpy_minimal_subscriber:/home/siba/ros2_ws/install/examples_rclpy_minimal_service:/home/siba/ros2_ws/install/examples_rclpy_minimal_publisher:/home/siba/ros2_ws/install/examples_rclpy_minimal_client:/home/siba/ros2_ws/install/examples_rclpy_minimal_action_server:/home/siba/ros2_ws/install/examples_rclpy_minimal_action_client:/home/siba/ros2_ws/install/examples_rclpy_executors:/home/siba/ros2_ws/install/dc_motor_controller:/home/siba/dev_4ws-main2/install/path_demo:/home/siba/dev_4ws-main2/install/imu_controller:/home/siba/dev_4ws-main2/install/GAZEBO_description:/opt/ros/foxy /usr/bin/cmake --build /home/siba/dev_4ws-main2/build/mis_mensajes -- -j4 -l4
[10.441s] Invoking command in '/home/siba/dev_4ws-main2/build/mis_mensajes': CMAKE_PREFIX_PATH=${CMAKE_PREFIX_PATH}:/home/siba/dev_4ws-main2/install/dc_motor:/home/siba/dev_4ws-main2/install/fresas:/home/siba/ros2_ws/install/examples_rclpy_minimal_subscriber:/home/siba/ros2_ws/install/examples_rclpy_minimal_service:/home/siba/ros2_ws/install/examples_rclpy_minimal_publisher:/home/siba/ros2_ws/install/examples_rclpy_minimal_client:/home/siba/ros2_ws/install/examples_rclpy_minimal_action_server:/home/siba/ros2_ws/install/examples_rclpy_minimal_action_client:/home/siba/ros2_ws/install/examples_rclpy_executors:/home/siba/ros2_ws/install/dc_motor_controller:/home/siba/dev_4ws-main2/install/path_demo:/home/siba/dev_4ws-main2/install/imu_controller:/home/siba/dev_4ws-main2/install/GAZEBO_description:/opt/ros/foxy /usr/bin/cmake --install /home/siba/dev_4ws-main2/build/mis_mensajes
[10.453s] -- Install configuration: ""
[10.454s] -- Installing: /home/siba/dev_4ws-main2/install/mis_mensajes/share/ament_index/resource_index/rosidl_interfaces/mis_mensajes
[10.454s] -- Installing: /home/siba/dev_4ws-main2/install/mis_mensajes/include/mis_mensajes
[10.454s] -- Installing: /home/siba/dev_4ws-main2/install/mis_mensajes/include/mis_mensajes/msg
[10.454s] -- Installing: /home/siba/dev_4ws-main2/install/mis_mensajes/include/mis_mensajes/msg/angulos_inclinacion.h
[10.455s] -- Installing: /home/siba/dev_4ws-main2/install/mis_mensajes/include/mis_mensajes/msg/rosidl_generator_c__visibility_control.h
[10.455s] -- Installing: /home/siba/dev_4ws-main2/install/mis_mensajes/include/mis_mensajes/msg/detail
[10.455s] -- Installing: /home/siba/dev_4ws-main2/install/mis_mensajes/include/mis_mensajes/msg/detail/angulos_inclinacion__type_support.h
[10.455s] -- Installing: /home/siba/dev_4ws-main2/install/mis_mensajes/include/mis_mensajes/msg/detail/angulos_inclinacion__struct.h
[10.455s] -- Installing: /home/siba/dev_4ws-main2/install/mis_mensajes/include/mis_mensajes/msg/detail/angulos_inclinacion__functions.h
[10.455s] -- Installing: /home/siba/dev_4ws-main2/install/mis_mensajes/include/mis_mensajes/msg/detail/angulos_inclinacion__functions.c
[10.456s] -- Installing: /home/siba/dev_4ws-main2/install/mis_mensajes/share/mis_mensajes/environment/library_path.sh
[10.456s] -- Installing: /home/siba/dev_4ws-main2/install/mis_mensajes/share/mis_mensajes/environment/library_path.dsv
[10.456s] -- Installing: /home/siba/dev_4ws-main2/install/mis_mensajes/lib/libmis_mensajes__rosidl_generator_c.so
[10.456s] -- Set runtime path of "/home/siba/dev_4ws-main2/install/mis_mensajes/lib/libmis_mensajes__rosidl_generator_c.so" to ""
[10.456s] -- Up-to-date: /home/siba/dev_4ws-main2/install/mis_mensajes/include/mis_mensajes
[10.457s] -- Up-to-date: /home/siba/dev_4ws-main2/install/mis_mensajes/include/mis_mensajes/msg
[10.457s] -- Installing: /home/siba/dev_4ws-main2/install/mis_mensajes/include/mis_mensajes/msg/rosidl_typesupport_fastrtps_c__visibility_control.h
[10.457s] -- Up-to-date: /home/siba/dev_4ws-main2/install/mis_mensajes/include/mis_mensajes/msg/detail
[10.457s] -- Installing: /home/siba/dev_4ws-main2/install/mis_mensajes/include/mis_mensajes/msg/detail/angulos_inclinacion__rosidl_typesupport_fastrtps_c.h
[10.457s] -- Installing: /home/siba/dev_4ws-main2/install/mis_mensajes/lib/libmis_mensajes__rosidl_typesupport_fastrtps_c.so
[10.458s] -- Set runtime path of "/home/siba/dev_4ws-main2/install/mis_mensajes/lib/libmis_mensajes__rosidl_typesupport_fastrtps_c.so" to ""
[10.458s] -- Up-to-date: /home/siba/dev_4ws-main2/install/mis_mensajes/include/mis_mensajes
[10.459s] -- Up-to-date: /home/siba/dev_4ws-main2/install/mis_mensajes/include/mis_mensajes/msg
[10.459s] -- Installing: /home/siba/dev_4ws-main2/install/mis_mensajes/include/mis_mensajes/msg/rosidl_typesupport_fastrtps_cpp__visibility_control.h
[10.459s] -- Up-to-date: /home/siba/dev_4ws-main2/install/mis_mensajes/include/mis_mensajes/msg/detail
[10.459s] -- Installing: /home/siba/dev_4ws-main2/install/mis_mensajes/include/mis_mensajes/msg/detail/angulos_inclinacion__rosidl_typesupport_fastrtps_cpp.hpp
[10.459s] -- Installing: /home/siba/dev_4ws-main2/install/mis_mensajes/include/mis_mensajes/msg/detail/dds_fastrtps
[10.459s] -- Installing: /home/siba/dev_4ws-main2/install/mis_mensajes/lib/libmis_mensajes__rosidl_typesupport_fastrtps_cpp.so
[10.460s] -- Set runtime path of "/home/siba/dev_4ws-main2/install/mis_mensajes/lib/libmis_mensajes__rosidl_typesupport_fastrtps_cpp.so" to ""
[10.460s] -- Up-to-date: /home/siba/dev_4ws-main2/install/mis_mensajes/include/mis_mensajes
[10.460s] -- Up-to-date: /home/siba/dev_4ws-main2/install/mis_mensajes/include/mis_mensajes/msg
[10.461s] -- Installing: /home/siba/dev_4ws-main2/install/mis_mensajes/include/mis_mensajes/msg/rosidl_typesupport_introspection_c__visibility_control.h
[10.461s] -- Up-to-date: /home/siba/dev_4ws-main2/install/mis_mensajes/include/mis_mensajes/msg/detail
[10.461s] -- Installing: /home/siba/dev_4ws-main2/install/mis_mensajes/include/mis_mensajes/msg/detail/angulos_inclinacion__type_support.c
[10.461s] -- Installing: /home/siba/dev_4ws-main2/install/mis_mensajes/include/mis_mensajes/msg/detail/angulos_inclinacion__rosidl_typesupport_introspection_c.h
[10.461s] -- Installing: /home/siba/dev_4ws-main2/install/mis_mensajes/lib/libmis_mensajes__rosidl_typesupport_introspection_c.so
[10.462s] -- Set runtime path of "/home/siba/dev_4ws-main2/install/mis_mensajes/lib/libmis_mensajes__rosidl_typesupport_introspection_c.so" to ""
[10.462s] -- Installing: /home/siba/dev_4ws-main2/install/mis_mensajes/lib/libmis_mensajes__rosidl_typesupport_c.so
[10.463s] -- Set runtime path of "/home/siba/dev_4ws-main2/install/mis_mensajes/lib/libmis_mensajes__rosidl_typesupport_c.so" to ""
[10.463s] -- Up-to-date: /home/siba/dev_4ws-main2/install/mis_mensajes/include/mis_mensajes
[10.463s] -- Up-to-date: /home/siba/dev_4ws-main2/install/mis_mensajes/include/mis_mensajes/msg
[10.463s] -- Installing: /home/siba/dev_4ws-main2/install/mis_mensajes/include/mis_mensajes/msg/angulos_inclinacion.hpp
[10.464s] -- Installing: /home/siba/dev_4ws-main2/install/mis_mensajes/include/mis_mensajes/msg/rosidl_generator_cpp__visibility_control.hpp
[10.464s] -- Up-to-date: /home/siba/dev_4ws-main2/install/mis_mensajes/include/mis_mensajes/msg/detail
[10.464s] -- Installing: /home/siba/dev_4ws-main2/install/mis_mensajes/include/mis_mensajes/msg/detail/angulos_inclinacion__builder.hpp
[10.464s] -- Installing: /home/siba/dev_4ws-main2/install/mis_mensajes/include/mis_mensajes/msg/detail/angulos_inclinacion__traits.hpp
[10.464s] -- Installing: /home/siba/dev_4ws-main2/install/mis_mensajes/include/mis_mensajes/msg/detail/angulos_inclinacion__struct.hpp
[10.465s] -- Installing: /home/siba/dev_4ws-main2/install/mis_mensajes/include/mis_mensajes/msg/detail/angulos_inclinacion__type_support.hpp
[10.465s] -- Up-to-date: /home/siba/dev_4ws-main2/install/mis_mensajes/include/mis_mensajes
[10.465s] -- Up-to-date: /home/siba/dev_4ws-main2/install/mis_mensajes/include/mis_mensajes/msg
[10.465s] -- Up-to-date: /home/siba/dev_4ws-main2/install/mis_mensajes/include/mis_mensajes/msg/detail
[10.465s] -- Installing: /home/siba/dev_4ws-main2/install/mis_mensajes/include/mis_mensajes/msg/detail/angulos_inclinacion__type_support.cpp
[10.465s] -- Installing: /home/siba/dev_4ws-main2/install/mis_mensajes/include/mis_mensajes/msg/detail/angulos_inclinacion__rosidl_typesupport_introspection_cpp.hpp
[10.465s] -- Installing: /home/siba/dev_4ws-main2/install/mis_mensajes/lib/libmis_mensajes__rosidl_typesupport_introspection_cpp.so
[10.466s] -- Set runtime path of "/home/siba/dev_4ws-main2/install/mis_mensajes/lib/libmis_mensajes__rosidl_typesupport_introspection_cpp.so" to ""
[10.466s] -- Installing: /home/siba/dev_4ws-main2/install/mis_mensajes/lib/libmis_mensajes__rosidl_typesupport_cpp.so
[10.467s] -- Set runtime path of "/home/siba/dev_4ws-main2/install/mis_mensajes/lib/libmis_mensajes__rosidl_typesupport_cpp.so" to ""
[10.467s] -- Installing: /home/siba/dev_4ws-main2/install/mis_mensajes/share/mis_mensajes/environment/pythonpath.sh
[10.467s] -- Installing: /home/siba/dev_4ws-main2/install/mis_mensajes/share/mis_mensajes/environment/pythonpath.dsv
[10.468s] -- Installing: /home/siba/dev_4ws-main2/install/mis_mensajes/lib/python3.8/site-packages/mis_mensajes/__init__.py
[10.521s] Compiling '/home/siba/dev_4ws-main2/install/mis_mensajes/lib/python3.8/site-packages/mis_mensajes/__init__.py'...
[10.526s] -- Installing: /home/siba/dev_4ws-main2/install/mis_mensajes/lib/python3.8/site-packages/mis_mensajes/msg
[10.526s] -- Installing: /home/siba/dev_4ws-main2/install/mis_mensajes/lib/python3.8/site-packages/mis_mensajes/msg/_angulos_inclinacion.py
[10.527s] -- Installing: /home/siba/dev_4ws-main2/install/mis_mensajes/lib/python3.8/site-packages/mis_mensajes/msg/_angulos_inclinacion_s.c
[10.527s] -- Installing: /home/siba/dev_4ws-main2/install/mis_mensajes/lib/python3.8/site-packages/mis_mensajes/msg/__init__.py
[10.527s] -- Installing: /home/siba/dev_4ws-main2/install/mis_mensajes/lib/python3.8/site-packages/mis_mensajes/mis_mensajes_s__rosidl_typesupport_fastrtps_c.cpython-38-x86_64-linux-gnu.so
[10.528s] -- Set runtime path of "/home/siba/dev_4ws-main2/install/mis_mensajes/lib/python3.8/site-packages/mis_mensajes/mis_mensajes_s__rosidl_typesupport_fastrtps_c.cpython-38-x86_64-linux-gnu.so" to ""
[10.528s] -- Installing: /home/siba/dev_4ws-main2/install/mis_mensajes/lib/python3.8/site-packages/mis_mensajes/mis_mensajes_s__rosidl_typesupport_introspection_c.cpython-38-x86_64-linux-gnu.so
[10.529s] -- Set runtime path of "/home/siba/dev_4ws-main2/install/mis_mensajes/lib/python3.8/site-packages/mis_mensajes/mis_mensajes_s__rosidl_typesupport_introspection_c.cpython-38-x86_64-linux-gnu.so" to ""
[10.530s] -- Installing: /home/siba/dev_4ws-main2/install/mis_mensajes/lib/python3.8/site-packages/mis_mensajes/mis_mensajes_s__rosidl_typesupport_c.cpython-38-x86_64-linux-gnu.so
[10.530s] -- Set runtime path of "/home/siba/dev_4ws-main2/install/mis_mensajes/lib/python3.8/site-packages/mis_mensajes/mis_mensajes_s__rosidl_typesupport_c.cpython-38-x86_64-linux-gnu.so" to ""
[10.531s] -- Installing: /home/siba/dev_4ws-main2/install/mis_mensajes/lib/libmis_mensajes__python.so
[10.531s] -- Set runtime path of "/home/siba/dev_4ws-main2/install/mis_mensajes/lib/libmis_mensajes__python.so" to ""
[10.532s] -- Installing: /home/siba/dev_4ws-main2/install/mis_mensajes/share/mis_mensajes/msg/AngulosInclinacion.idl
[10.532s] -- Installing: /home/siba/dev_4ws-main2/install/mis_mensajes/share/mis_mensajes/msg/AngulosInclinacion.msg
[10.532s] -- Installing: /home/siba/dev_4ws-main2/install/mis_mensajes/share/ament_index/resource_index/package_run_dependencies/mis_mensajes
[10.532s] -- Installing: /home/siba/dev_4ws-main2/install/mis_mensajes/share/ament_index/resource_index/parent_prefix_path/mis_mensajes
[10.533s] -- Installing: /home/siba/dev_4ws-main2/install/mis_mensajes/share/mis_mensajes/environment/ament_prefix_path.sh
[10.533s] -- Installing: /home/siba/dev_4ws-main2/install/mis_mensajes/share/mis_mensajes/environment/ament_prefix_path.dsv
[10.533s] -- Installing: /home/siba/dev_4ws-main2/install/mis_mensajes/share/mis_mensajes/environment/path.sh
[10.533s] -- Installing: /home/siba/dev_4ws-main2/install/mis_mensajes/share/mis_mensajes/environment/path.dsv
[10.533s] -- Installing: /home/siba/dev_4ws-main2/install/mis_mensajes/share/mis_mensajes/local_setup.bash
[10.534s] -- Installing: /home/siba/dev_4ws-main2/install/mis_mensajes/share/mis_mensajes/local_setup.sh
[10.534s] -- Installing: /home/siba/dev_4ws-main2/install/mis_mensajes/share/mis_mensajes/local_setup.zsh
[10.534s] -- Installing: /home/siba/dev_4ws-main2/install/mis_mensajes/share/mis_mensajes/local_setup.dsv
[10.534s] -- Installing: /home/siba/dev_4ws-main2/install/mis_mensajes/share/mis_mensajes/package.dsv
[10.534s] -- Installing: /home/siba/dev_4ws-main2/install/mis_mensajes/share/ament_index/resource_index/packages/mis_mensajes
[10.535s] -- Installing: /home/siba/dev_4ws-main2/install/mis_mensajes/share/mis_mensajes/cmake/mis_mensajes__rosidl_generator_cExport.cmake
[10.535s] -- Installing: /home/siba/dev_4ws-main2/install/mis_mensajes/share/mis_mensajes/cmake/mis_mensajes__rosidl_generator_cExport-noconfig.cmake
[10.535s] -- Installing: /home/siba/dev_4ws-main2/install/mis_mensajes/share/mis_mensajes/cmake/mis_mensajes__rosidl_typesupport_introspection_cExport.cmake
[10.536s] -- Installing: /home/siba/dev_4ws-main2/install/mis_mensajes/share/mis_mensajes/cmake/mis_mensajes__rosidl_typesupport_introspection_cExport-noconfig.cmake
[10.536s] -- Installing: /home/siba/dev_4ws-main2/install/mis_mensajes/share/mis_mensajes/cmake/mis_mensajes__rosidl_typesupport_cExport.cmake
[10.536s] -- Installing: /home/siba/dev_4ws-main2/install/mis_mensajes/share/mis_mensajes/cmake/mis_mensajes__rosidl_typesupport_cExport-noconfig.cmake
[10.537s] -- Installing: /home/siba/dev_4ws-main2/install/mis_mensajes/share/mis_mensajes/cmake/mis_mensajes__rosidl_generator_cppExport.cmake
[10.537s] -- Installing: /home/siba/dev_4ws-main2/install/mis_mensajes/share/mis_mensajes/cmake/mis_mensajes__rosidl_typesupport_introspection_cppExport.cmake
[10.537s] -- Installing: /home/siba/dev_4ws-main2/install/mis_mensajes/share/mis_mensajes/cmake/mis_mensajes__rosidl_typesupport_introspection_cppExport-noconfig.cmake
[10.537s] -- Installing: /home/siba/dev_4ws-main2/install/mis_mensajes/share/mis_mensajes/cmake/mis_mensajes__rosidl_typesupport_cppExport.cmake
[10.538s] -- Installing: /home/siba/dev_4ws-main2/install/mis_mensajes/share/mis_mensajes/cmake/mis_mensajes__rosidl_typesupport_cppExport-noconfig.cmake
[10.538s] -- Installing: /home/siba/dev_4ws-main2/install/mis_mensajes/share/mis_mensajes/cmake/rosidl_cmake-extras.cmake
[10.538s] -- Installing: /home/siba/dev_4ws-main2/install/mis_mensajes/share/mis_mensajes/cmake/ament_cmake_export_dependencies-extras.cmake
[10.538s] -- Installing: /home/siba/dev_4ws-main2/install/mis_mensajes/share/mis_mensajes/cmake/ament_cmake_export_libraries-extras.cmake
[10.539s] -- Installing: /home/siba/dev_4ws-main2/install/mis_mensajes/share/mis_mensajes/cmake/ament_cmake_export_targets-extras.cmake
[10.539s] -- Installing: /home/siba/dev_4ws-main2/install/mis_mensajes/share/mis_mensajes/cmake/ament_cmake_export_include_directories-extras.cmake
[10.539s] -- Installing: /home/siba/dev_4ws-main2/install/mis_mensajes/share/mis_mensajes/cmake/rosidl_cmake_export_typesupport_libraries-extras.cmake
[10.539s] -- Installing: /home/siba/dev_4ws-main2/install/mis_mensajes/share/mis_mensajes/cmake/rosidl_cmake_export_typesupport_targets-extras.cmake
[10.540s] -- Installing: /home/siba/dev_4ws-main2/install/mis_mensajes/share/mis_mensajes/cmake/mis_mensajesConfig.cmake
[10.540s] -- Installing: /home/siba/dev_4ws-main2/install/mis_mensajes/share/mis_mensajes/cmake/mis_mensajesConfig-version.cmake
[10.540s] -- Installing: /home/siba/dev_4ws-main2/install/mis_mensajes/share/mis_mensajes/package.xml
[10.545s] Invoked command in '/home/siba/dev_4ws-main2/build/mis_mensajes' returned '0': CMAKE_PREFIX_PATH=${CMAKE_PREFIX_PATH}:/home/siba/dev_4ws-main2/install/dc_motor:/home/siba/dev_4ws-main2/install/fresas:/home/siba/ros2_ws/install/examples_rclpy_minimal_subscriber:/home/siba/ros2_ws/install/examples_rclpy_minimal_service:/home/siba/ros2_ws/install/examples_rclpy_minimal_publisher:/home/siba/ros2_ws/install/examples_rclpy_minimal_client:/home/siba/ros2_ws/install/examples_rclpy_minimal_action_server:/home/siba/ros2_ws/install/examples_rclpy_minimal_action_client:/home/siba/ros2_ws/install/examples_rclpy_executors:/home/siba/ros2_ws/install/dc_motor_controller:/home/siba/dev_4ws-main2/install/path_demo:/home/siba/dev_4ws-main2/install/imu_controller:/home/siba/dev_4ws-main2/install/GAZEBO_description:/opt/ros/foxy /usr/bin/cmake --install /home/siba/dev_4ws-main2/build/mis_mensajes
