[0.802s] Invoking command in '/home/siba/dev_4ws-main2/build/four_ws_control': CMAKE_PREFIX_PATH=${CMAKE_PREFIX_PATH}:/home/siba/dev_4ws-main2/install/bldc_can:/home/siba/dev_4ws-main2/install/path_demo:/home/siba/dev_4ws-main2/install/imu_controller:/home/siba/dev_4ws-main2/install/dc_motor:/home/siba/dev_4ws-main2/install/GAZEBO_description:/home/siba/ros2_ws/install/examples_rclpy_minimal_subscriber:/home/siba/ros2_ws/install/examples_rclpy_minimal_service:/home/siba/ros2_ws/install/examples_rclpy_minimal_publisher:/home/siba/ros2_ws/install/examples_rclpy_minimal_client:/home/siba/ros2_ws/install/examples_rclpy_minimal_action_server:/home/siba/ros2_ws/install/examples_rclpy_minimal_action_client:/home/siba/ros2_ws/install/examples_rclpy_executors:/home/siba/ros2_ws/install/dc_motor_controller:/opt/ros/foxy /usr/bin/cmake --build /home/siba/dev_4ws-main2/build/four_ws_control -- -j4 -l4
[0.879s] Invoked command in '/home/siba/dev_4ws-main2/build/four_ws_control' returned '0': CMAKE_PREFIX_PATH=${CMAKE_PREFIX_PATH}:/home/siba/dev_4ws-main2/install/bldc_can:/home/siba/dev_4ws-main2/install/path_demo:/home/siba/dev_4ws-main2/install/imu_controller:/home/siba/dev_4ws-main2/install/dc_motor:/home/siba/dev_4ws-main2/install/GAZEBO_description:/home/siba/ros2_ws/install/examples_rclpy_minimal_subscriber:/home/siba/ros2_ws/install/examples_rclpy_minimal_service:/home/siba/ros2_ws/install/examples_rclpy_minimal_publisher:/home/siba/ros2_ws/install/examples_rclpy_minimal_client:/home/siba/ros2_ws/install/examples_rclpy_minimal_action_server:/home/siba/ros2_ws/install/examples_rclpy_minimal_action_client:/home/siba/ros2_ws/install/examples_rclpy_executors:/home/siba/ros2_ws/install/dc_motor_controller:/opt/ros/foxy /usr/bin/cmake --build /home/siba/dev_4ws-main2/build/four_ws_control -- -j4 -l4
[0.952s] Invoking command in '/home/siba/dev_4ws-main2/build/four_ws_control': CMAKE_PREFIX_PATH=${CMAKE_PREFIX_PATH}:/home/siba/dev_4ws-main2/install/bldc_can:/home/siba/dev_4ws-main2/install/path_demo:/home/siba/dev_4ws-main2/install/imu_controller:/home/siba/dev_4ws-main2/install/dc_motor:/home/siba/dev_4ws-main2/install/GAZEBO_description:/home/siba/ros2_ws/install/examples_rclpy_minimal_subscriber:/home/siba/ros2_ws/install/examples_rclpy_minimal_service:/home/siba/ros2_ws/install/examples_rclpy_minimal_publisher:/home/siba/ros2_ws/install/examples_rclpy_minimal_client:/home/siba/ros2_ws/install/examples_rclpy_minimal_action_server:/home/siba/ros2_ws/install/examples_rclpy_minimal_action_client:/home/siba/ros2_ws/install/examples_rclpy_executors:/home/siba/ros2_ws/install/dc_motor_controller:/opt/ros/foxy /usr/bin/cmake --install /home/siba/dev_4ws-main2/build/four_ws_control
[1.020s] -- Install configuration: ""
[1.020s] -- Up-to-date: /home/siba/dev_4ws-main2/install/four_ws_control/share/four_ws_control//scripts
[1.022s] -- Up-to-date: /home/siba/dev_4ws-main2/install/four_ws_control/share/four_ws_control//scripts/robot_control.py
[1.022s] -- Up-to-date: /home/siba/dev_4ws-main2/install/four_ws_control/share/four_ws_control//launch
[1.024s] -- Up-to-date: /home/siba/dev_4ws-main2/install/four_ws_control/share/four_ws_control//launch/four_ws_control.launch.py
[1.025s] -- Up-to-date: /home/siba/dev_4ws-main2/install/four_ws_control/lib/four_ws_control/robot_control.py
[1.026s] -- Up-to-date: /home/siba/dev_4ws-main2/install/four_ws_control/lib/four_ws_control/four_ws_control.launch.py
[1.027s] -- Up-to-date: /home/siba/dev_4ws-main2/install/four_ws_control/share/ament_index/resource_index/package_run_dependencies/four_ws_control
[1.028s] -- Up-to-date: /home/siba/dev_4ws-main2/install/four_ws_control/share/ament_index/resource_index/parent_prefix_path/four_ws_control
[1.029s] -- Up-to-date: /home/siba/dev_4ws-main2/install/four_ws_control/share/four_ws_control/environment/ament_prefix_path.sh
[1.030s] -- Up-to-date: /home/siba/dev_4ws-main2/install/four_ws_control/share/four_ws_control/environment/ament_prefix_path.dsv
[1.031s] -- Up-to-date: /home/siba/dev_4ws-main2/install/four_ws_control/share/four_ws_control/environment/path.sh
[1.032s] -- Up-to-date: /home/siba/dev_4ws-main2/install/four_ws_control/share/four_ws_control/environment/path.dsv
[1.033s] -- Up-to-date: /home/siba/dev_4ws-main2/install/four_ws_control/share/four_ws_control/local_setup.bash
[1.034s] -- Up-to-date: /home/siba/dev_4ws-main2/install/four_ws_control/share/four_ws_control/local_setup.sh
[1.035s] -- Up-to-date: /home/siba/dev_4ws-main2/install/four_ws_control/share/four_ws_control/local_setup.zsh
[1.036s] -- Up-to-date: /home/siba/dev_4ws-main2/install/four_ws_control/share/four_ws_control/local_setup.dsv
[1.037s] -- Installing: /home/siba/dev_4ws-main2/install/four_ws_control/share/four_ws_control/package.dsv
[1.040s] -- Up-to-date: /home/siba/dev_4ws-main2/install/four_ws_control/share/ament_index/resource_index/packages/four_ws_control
[1.041s] -- Up-to-date: /home/siba/dev_4ws-main2/install/four_ws_control/share/four_ws_control/cmake/four_ws_controlConfig.cmake
[1.044s] -- Up-to-date: /home/siba/dev_4ws-main2/install/four_ws_control/share/four_ws_control/cmake/four_ws_controlConfig-version.cmake
[1.046s] -- Up-to-date: /home/siba/dev_4ws-main2/install/four_ws_control/share/four_ws_control/package.xml
[1.053s] Invoked command in '/home/siba/dev_4ws-main2/build/four_ws_control' returned '0': CMAKE_PREFIX_PATH=${CMAKE_PREFIX_PATH}:/home/siba/dev_4ws-main2/install/bldc_can:/home/siba/dev_4ws-main2/install/path_demo:/home/siba/dev_4ws-main2/install/imu_controller:/home/siba/dev_4ws-main2/install/dc_motor:/home/siba/dev_4ws-main2/install/GAZEBO_description:/home/siba/ros2_ws/install/examples_rclpy_minimal_subscriber:/home/siba/ros2_ws/install/examples_rclpy_minimal_service:/home/siba/ros2_ws/install/examples_rclpy_minimal_publisher:/home/siba/ros2_ws/install/examples_rclpy_minimal_client:/home/siba/ros2_ws/install/examples_rclpy_minimal_action_server:/home/siba/ros2_ws/install/examples_rclpy_minimal_action_client:/home/siba/ros2_ws/install/examples_rclpy_executors:/home/siba/ros2_ws/install/dc_motor_controller:/opt/ros/foxy /usr/bin/cmake --install /home/siba/dev_4ws-main2/build/four_ws_control
