[1.097s] Invoking command in '/home/siba/dev_4ws-main2/src/imu_controller/imu_controller': PYTHONPATH=/home/siba/dev_4ws-main2/build/imu_controller/prefix_override:/usr/lib/python3/dist-packages/colcon_core/task/python/colcon_distutils_commands:/home/siba/dev_4ws-main2/install/imu_controller/lib/python3.8/site-packages:/home/siba/dev_4ws-main2/install/mis_mensajes/lib/python3.8/site-packages:/home/siba/dev_4ws-main2/install/path_demo/lib/python3.8/site-packages:/home/siba/dev_4ws-main2/install/imu_controller/lib/python3.8/site-packages:/home/siba/dev_4ws-main2/install/dc_motor/lib/python3.8/site-packages:/home/siba/dev_4ws-main2/install/GAZEBO_description/lib/python3.8/site-packages:/home/siba/ros2_ws/install/fresas/lib/python3.8/site-packages:/home/siba/ros2_ws/install/examples_rclpy_minimal_subscriber/lib/python3.8/site-packages:/home/siba/ros2_ws/install/examples_rclpy_minimal_service/lib/python3.8/site-packages:/home/siba/ros2_ws/install/examples_rclpy_minimal_publisher/lib/python3.8/site-packages:/home/siba/ros2_ws/install/examples_rclpy_minimal_client/lib/python3.8/site-packages:/home/siba/ros2_ws/install/examples_rclpy_minimal_action_server/lib/python3.8/site-packages:/home/siba/ros2_ws/install/examples_rclpy_minimal_action_client/lib/python3.8/site-packages:/home/siba/ros2_ws/install/examples_rclpy_executors/lib/python3.8/site-packages:/home/siba/ros2_ws/install/dc_motor_controller/lib/python3.8/site-packages:/home/siba/ros2_ws/install/dc_motor_interfaces/lib/python3.8/site-packages:/home/siba/ros2_ws/src/fresas/install/fresas/lib/python3.8/site-packages:/opt/ros/foxy/lib/python3.8/site-packages /usr/bin/python3 -W ignore:setup.py install is deprecated setup.py egg_info --egg-base ../../../build/imu_controller build --build-base /home/siba/dev_4ws-main2/build/imu_controller/build install --record /home/siba/dev_4ws-main2/build/imu_controller/install.log --install-scripts $base/lib/imu_controller --single-version-externally-managed install_data
[1.365s] running egg_info
[1.366s] writing ../../../build/imu_controller/imu_controller.egg-info/PKG-INFO
[1.367s] writing dependency_links to ../../../build/imu_controller/imu_controller.egg-info/dependency_links.txt
[1.367s] writing entry points to ../../../build/imu_controller/imu_controller.egg-info/entry_points.txt
[1.367s] writing requirements to ../../../build/imu_controller/imu_controller.egg-info/requires.txt
[1.367s] writing top-level names to ../../../build/imu_controller/imu_controller.egg-info/top_level.txt
[1.405s] reading manifest file '../../../build/imu_controller/imu_controller.egg-info/SOURCES.txt'
[1.406s] writing manifest file '../../../build/imu_controller/imu_controller.egg-info/SOURCES.txt'
[1.406s] running build
[1.406s] running build_py
[1.407s] running install
[1.408s] running install_lib
[1.409s] running install_data
[1.410s] running install_egg_info
[1.412s] removing '/home/siba/dev_4ws-main2/install/imu_controller/lib/python3.8/site-packages/imu_controller-0.0.0-py3.8.egg-info' (and everything under it)
[1.412s] Copying ../../../build/imu_controller/imu_controller.egg-info to /home/siba/dev_4ws-main2/install/imu_controller/lib/python3.8/site-packages/imu_controller-0.0.0-py3.8.egg-info
[1.413s] running install_scripts
[1.434s] Installing imu_node script to /home/siba/dev_4ws-main2/install/imu_controller/lib/imu_controller
[1.434s] Installing imu_node_inc script to /home/siba/dev_4ws-main2/install/imu_controller/lib/imu_controller
[1.434s] Installing test_node script to /home/siba/dev_4ws-main2/install/imu_controller/lib/imu_controller
[1.434s] Installing three_imu_nodes script to /home/siba/dev_4ws-main2/install/imu_controller/lib/imu_controller
[1.434s] Installing two_imu_nodes script to /home/siba/dev_4ws-main2/install/imu_controller/lib/imu_controller
[1.435s] writing list of installed files to '/home/siba/dev_4ws-main2/build/imu_controller/install.log'
[1.462s] Invoked command in '/home/siba/dev_4ws-main2/src/imu_controller/imu_controller' returned '0': PYTHONPATH=/home/siba/dev_4ws-main2/build/imu_controller/prefix_override:/usr/lib/python3/dist-packages/colcon_core/task/python/colcon_distutils_commands:/home/siba/dev_4ws-main2/install/imu_controller/lib/python3.8/site-packages:/home/siba/dev_4ws-main2/install/mis_mensajes/lib/python3.8/site-packages:/home/siba/dev_4ws-main2/install/path_demo/lib/python3.8/site-packages:/home/siba/dev_4ws-main2/install/imu_controller/lib/python3.8/site-packages:/home/siba/dev_4ws-main2/install/dc_motor/lib/python3.8/site-packages:/home/siba/dev_4ws-main2/install/GAZEBO_description/lib/python3.8/site-packages:/home/siba/ros2_ws/install/fresas/lib/python3.8/site-packages:/home/siba/ros2_ws/install/examples_rclpy_minimal_subscriber/lib/python3.8/site-packages:/home/siba/ros2_ws/install/examples_rclpy_minimal_service/lib/python3.8/site-packages:/home/siba/ros2_ws/install/examples_rclpy_minimal_publisher/lib/python3.8/site-packages:/home/siba/ros2_ws/install/examples_rclpy_minimal_client/lib/python3.8/site-packages:/home/siba/ros2_ws/install/examples_rclpy_minimal_action_server/lib/python3.8/site-packages:/home/siba/ros2_ws/install/examples_rclpy_minimal_action_client/lib/python3.8/site-packages:/home/siba/ros2_ws/install/examples_rclpy_executors/lib/python3.8/site-packages:/home/siba/ros2_ws/install/dc_motor_controller/lib/python3.8/site-packages:/home/siba/ros2_ws/install/dc_motor_interfaces/lib/python3.8/site-packages:/home/siba/ros2_ws/src/fresas/install/fresas/lib/python3.8/site-packages:/opt/ros/foxy/lib/python3.8/site-packages /usr/bin/python3 -W ignore:setup.py install is deprecated setup.py egg_info --egg-base ../../../build/imu_controller build --build-base /home/siba/dev_4ws-main2/build/imu_controller/build install --record /home/siba/dev_4ws-main2/build/imu_controller/install.log --install-scripts $base/lib/imu_controller --single-version-externally-managed install_data
