[1.760s] Invoking command in '/home/siba/dev_4ws-main2/src/path_demo': PYTHONPATH=/home/siba/dev_4ws-main2/build/path_demo/prefix_override:/usr/lib/python3/dist-packages/colcon_core/task/python/colcon_distutils_commands:/home/siba/dev_4ws-main2/install/path_demo/lib/python3.8/site-packages:${PYTHONPATH} /usr/bin/python3 -W ignore:setup.py install is deprecated setup.py egg_info --egg-base ../../build/path_demo build --build-base /home/siba/dev_4ws-main2/build/path_demo/build install --record /home/siba/dev_4ws-main2/build/path_demo/install.log --install-scripts $base/lib/path_demo --single-version-externally-managed install_data
[2.260s] running egg_info
[2.262s] writing ../../build/path_demo/path_demo.egg-info/PKG-INFO
[2.264s] writing dependency_links to ../../build/path_demo/path_demo.egg-info/dependency_links.txt
[2.268s] writing entry points to ../../build/path_demo/path_demo.egg-info/entry_points.txt
[2.268s] writing requirements to ../../build/path_demo/path_demo.egg-info/requires.txt
[2.269s] writing top-level names to ../../build/path_demo/path_demo.egg-info/top_level.txt
[2.358s] reading manifest file '../../build/path_demo/path_demo.egg-info/SOURCES.txt'
[2.360s] writing manifest file '../../build/path_demo/path_demo.egg-info/SOURCES.txt'
[2.360s] running build
[2.361s] running build_py
[2.361s] running install
[2.363s] running install_lib
[2.366s] running install_data
[2.366s] running install_egg_info
[2.370s] removing '/home/siba/dev_4ws-main2/install/path_demo/lib/python3.8/site-packages/path_demo-0.0.0-py3.8.egg-info' (and everything under it)
[2.371s] Copying ../../build/path_demo/path_demo.egg-info to /home/siba/dev_4ws-main2/install/path_demo/lib/python3.8/site-packages/path_demo-0.0.0-py3.8.egg-info
[2.373s] running install_scripts
[2.410s] Installing kinematics_controller_node script to /home/siba/dev_4ws-main2/install/path_demo/lib/path_demo
[2.410s] Installing path_publisher_node script to /home/siba/dev_4ws-main2/install/path_demo/lib/path_demo
[2.411s] Installing path_visualizer script to /home/siba/dev_4ws-main2/install/path_demo/lib/path_demo
[2.411s] Installing robot_pose_listener script to /home/siba/dev_4ws-main2/install/path_demo/lib/path_demo
[2.412s] writing list of installed files to '/home/siba/dev_4ws-main2/build/path_demo/install.log'
[2.463s] Invoked command in '/home/siba/dev_4ws-main2/src/path_demo' returned '0': PYTHONPATH=/home/siba/dev_4ws-main2/build/path_demo/prefix_override:/usr/lib/python3/dist-packages/colcon_core/task/python/colcon_distutils_commands:/home/siba/dev_4ws-main2/install/path_demo/lib/python3.8/site-packages:${PYTHONPATH} /usr/bin/python3 -W ignore:setup.py install is deprecated setup.py egg_info --egg-base ../../build/path_demo build --build-base /home/siba/dev_4ws-main2/build/path_demo/build install --record /home/siba/dev_4ws-main2/build/path_demo/install.log --install-scripts $base/lib/path_demo --single-version-externally-managed install_data
