[1.690s] Invoking command in '/home/siba/dev_4ws-main2/src/path_demo': PYTHONPATH=/home/siba/dev_4ws-main2/build/path_demo/prefix_override:/usr/lib/python3/dist-packages/colcon_core/task/python/colcon_distutils_commands:/home/siba/dev_4ws-main2/install/path_demo/lib/python3.8/site-packages:${PYTHONPATH} /usr/bin/python3 -W ignore:setup.py install is deprecated setup.py egg_info --egg-base ../../build/path_demo build --build-base /home/siba/dev_4ws-main2/build/path_demo/build install --record /home/siba/dev_4ws-main2/build/path_demo/install.log --install-scripts $base/lib/path_demo --single-version-externally-managed install_data
[2.472s] running egg_info
[2.475s] writing ../../build/path_demo/path_demo.egg-info/PKG-INFO
[2.482s] writing dependency_links to ../../build/path_demo/path_demo.egg-info/dependency_links.txt
[2.485s] writing entry points to ../../build/path_demo/path_demo.egg-info/entry_points.txt
[2.485s] writing requirements to ../../build/path_demo/path_demo.egg-info/requires.txt
[2.485s] writing top-level names to ../../build/path_demo/path_demo.egg-info/top_level.txt
[2.604s] reading manifest file '../../build/path_demo/path_demo.egg-info/SOURCES.txt'
[2.607s] writing manifest file '../../build/path_demo/path_demo.egg-info/SOURCES.txt'
[2.611s] running build
[2.611s] running build_py
[2.611s] running install
[2.618s] running install_lib
[2.622s] running install_data
[2.624s] running install_egg_info
[2.632s] removing '/home/siba/dev_4ws-main2/install/path_demo/lib/python3.8/site-packages/path_demo-0.0.0-py3.8.egg-info' (and everything under it)
[2.637s] Copying ../../build/path_demo/path_demo.egg-info to /home/siba/dev_4ws-main2/install/path_demo/lib/python3.8/site-packages/path_demo-0.0.0-py3.8.egg-info
[2.639s] running install_scripts
[2.690s] Installing kinematics_controller_node script to /home/siba/dev_4ws-main2/install/path_demo/lib/path_demo
[2.691s] Installing path_publisher_node script to /home/siba/dev_4ws-main2/install/path_demo/lib/path_demo
[2.691s] Installing path_visualizer script to /home/siba/dev_4ws-main2/install/path_demo/lib/path_demo
[2.703s] Installing robot_pose_listener script to /home/siba/dev_4ws-main2/install/path_demo/lib/path_demo
[2.713s] writing list of installed files to '/home/siba/dev_4ws-main2/build/path_demo/install.log'
[2.756s] Invoked command in '/home/siba/dev_4ws-main2/src/path_demo' returned '0': PYTHONPATH=/home/siba/dev_4ws-main2/build/path_demo/prefix_override:/usr/lib/python3/dist-packages/colcon_core/task/python/colcon_distutils_commands:/home/siba/dev_4ws-main2/install/path_demo/lib/python3.8/site-packages:${PYTHONPATH} /usr/bin/python3 -W ignore:setup.py install is deprecated setup.py egg_info --egg-base ../../build/path_demo build --build-base /home/siba/dev_4ws-main2/build/path_demo/build install --record /home/siba/dev_4ws-main2/build/path_demo/install.log --install-scripts $base/lib/path_demo --single-version-externally-managed install_data
