running egg_info
creating ../../build/dc_motor/dc_motor.egg-info
writing ../../build/dc_motor/dc_motor.egg-info/PKG-INFO
writing dependency_links to ../../build/dc_motor/dc_motor.egg-info/dependency_links.txt
writing entry points to ../../build/dc_motor/dc_motor.egg-info/entry_points.txt
writing requirements to ../../build/dc_motor/dc_motor.egg-info/requires.txt
writing top-level names to ../../build/dc_motor/dc_motor.egg-info/top_level.txt
writing manifest file '../../build/dc_motor/dc_motor.egg-info/SOURCES.txt'
reading manifest file '../../build/dc_motor/dc_motor.egg-info/SOURCES.txt'
writing manifest file '../../build/dc_motor/dc_motor.egg-info/SOURCES.txt'
running build
running build_py
creating /home/siba/dev_4ws-main2/build/dc_motor/build
creating /home/siba/dev_4ws-main2/build/dc_motor/build/lib
creating /home/siba/dev_4ws-main2/build/dc_motor/build/lib/dc_motor
copying dc_motor/dc_motor_node_v1.py -> /home/siba/dev_4ws-main2/build/dc_motor/build/lib/dc_motor
copying dc_motor/__init__.py -> /home/siba/dev_4ws-main2/build/dc_motor/build/lib/dc_motor
running install
running install_lib
creating /home/siba/dev_4ws-main2/install/dc_motor/lib/python3.8/site-packages/dc_motor
copying /home/siba/dev_4ws-main2/build/dc_motor/build/lib/dc_motor/dc_motor_node_v1.py -> /home/siba/dev_4ws-main2/install/dc_motor/lib/python3.8/site-packages/dc_motor
copying /home/siba/dev_4ws-main2/build/dc_motor/build/lib/dc_motor/__init__.py -> /home/siba/dev_4ws-main2/install/dc_motor/lib/python3.8/site-packages/dc_motor
byte-compiling /home/siba/dev_4ws-main2/install/dc_motor/lib/python3.8/site-packages/dc_motor/dc_motor_node_v1.py to dc_motor_node_v1.cpython-38.pyc
byte-compiling /home/siba/dev_4ws-main2/install/dc_motor/lib/python3.8/site-packages/dc_motor/__init__.py to __init__.cpython-38.pyc
running install_data
creating /home/siba/dev_4ws-main2/install/dc_motor/share/ament_index
creating /home/siba/dev_4ws-main2/install/dc_motor/share/ament_index/resource_index
creating /home/siba/dev_4ws-main2/install/dc_motor/share/ament_index/resource_index/packages
copying resource/dc_motor -> /home/siba/dev_4ws-main2/install/dc_motor/share/ament_index/resource_index/packages
copying package.xml -> /home/siba/dev_4ws-main2/install/dc_motor/share/dc_motor
creating /home/siba/dev_4ws-main2/install/dc_motor/share/dc_motor/launch
copying launch/dc_motor_launch.launch.py -> /home/siba/dev_4ws-main2/install/dc_motor/share/dc_motor/launch
running install_egg_info
Copying ../../build/dc_motor/dc_motor.egg-info to /home/siba/dev_4ws-main2/install/dc_motor/lib/python3.8/site-packages/dc_motor-0.0.0-py3.8.egg-info
running install_scripts
Installing dc_motor_node_v1 script to /home/siba/dev_4ws-main2/install/dc_motor/lib/dc_motor
writing list of installed files to '/home/siba/dev_4ws-main2/build/dc_motor/install.log'
