-- Found ament_cmake: 0.9.12 (/opt/ros/foxy/share/ament_cmake/cmake)
-- Found PythonInterp: /usr/bin/python3 (found suitable version "3.8.10", minimum required is "3") 
-- Using PYTHON_EXECUTABLE: /usr/bin/python3
-- Found std_msgs: 2.0.5 (/opt/ros/foxy/share/std_msgs/cmake)
-- Using all available rosidl_typesupport_c: rosidl_typesupport_fastrtps_c;rosidl_typesupport_introspection_c
-- Found rosidl_adapter: 1.3.1 (/opt/ros/foxy/share/rosidl_adapter/cmake)
-- Using all available rosidl_typesupport_cpp: rosidl_typesupport_fastrtps_cpp;rosidl_typesupport_introspection_cpp
-- Found rosidl_default_generators: 1.0.1 (/opt/ros/foxy/share/rosidl_default_generators/cmake)
-- Found PythonInterp: /usr/bin/python3 (found version "3.8.10") 
-- Found ament_cmake_ros: 0.9.2 (/opt/ros/foxy/share/ament_cmake_ros/cmake)
-- Using all available rosidl_typesupport_c: rosidl_typesupport_fastrtps_c;rosidl_typesupport_introspection_c
-- Using all available rosidl_typesupport_cpp: rosidl_typesupport_fastrtps_cpp;rosidl_typesupport_introspection_cpp
-- Found PythonInterp: /usr/bin/python3 (found suitable version "3.8.10", minimum required is "3.5") 
-- Found python_cmake_module: 0.8.1 (/opt/ros/foxy/share/python_cmake_module/cmake)
-- Using PYTHON_EXECUTABLE: /usr/bin/python3
-- Using PYTHON_INCLUDE_DIRS: /usr/include/python3.8
-- Using PYTHON_LIBRARIES: /usr/lib/x86_64-linux-gnu/libpython3.8.so
-- Found ament_lint_auto: 0.9.8 (/opt/ros/foxy/share/ament_lint_auto/cmake)
-- Added test 'copyright' to check source files copyright and LICENSE
-- Added test 'lint_cmake' to check CMake code style
-- Added test 'xmllint' to check XML markup files
-- Configuring done
-- Generating done
-- Build files have been written to: /home/siba/dev_4ws-main2/build/mis_mensajes
[35m[1mScanning dependencies of target mis_mensajes__cpp[0m
[  2%] [34m[1mGenerating C code for ROS interfaces[0m
[  5%] [34m[1mGenerating C++ code for ROS interfaces[0m
[35m[1mScanning dependencies of target mis_mensajes__rosidl_generator_c[0m
[  5%] Built target mis_mensajes__cpp
[  7%] [32mBuilding C object CMakeFiles/mis_mensajes__rosidl_generator_c.dir/rosidl_generator_c/mis_mensajes/msg/detail/angulos_inclinacion__functions.c.o[0m
[ 10%] [32mBuilding C object CMakeFiles/mis_mensajes__rosidl_generator_c.dir/rosidl_generator_c/mis_mensajes/msg/detail/motor_datos__functions.c.o[0m
[ 12%] [34m[1mGenerating C++ introspection for ROS interfaces[0m
[ 15%] [34m[1mGenerating C++ type support for eProsima Fast-RTPS[0m
[ 17%] [34m[1mGenerating C++ type support dispatch for ROS interfaces[0m
[ 20%] [32m[1mLinking C shared library libmis_mensajes__rosidl_generator_c.so[0m
[ 20%] Built target mis_mensajes__rosidl_generator_c
[ 23%] [34m[1mGenerating C introspection for ROS interfaces[0m
[35m[1mScanning dependencies of target mis_mensajes__rosidl_typesupport_fastrtps_cpp[0m
[ 25%] [32mBuilding CXX object CMakeFiles/mis_mensajes__rosidl_typesupport_fastrtps_cpp.dir/rosidl_typesupport_fastrtps_cpp/mis_mensajes/msg/detail/dds_fastrtps/angulos_inclinacion__type_support.cpp.o[0m
[35m[1mScanning dependencies of target mis_mensajes__rosidl_typesupport_introspection_cpp[0m
[ 28%] [32mBuilding CXX object CMakeFiles/mis_mensajes__rosidl_typesupport_introspection_cpp.dir/rosidl_typesupport_introspection_cpp/mis_mensajes/msg/detail/angulos_inclinacion__type_support.cpp.o[0m
[35m[1mScanning dependencies of target mis_mensajes__rosidl_typesupport_cpp[0m
[ 30%] [32mBuilding CXX object CMakeFiles/mis_mensajes__rosidl_typesupport_cpp.dir/rosidl_typesupport_cpp/mis_mensajes/msg/angulos_inclinacion__type_support.cpp.o[0m
[35m[1mScanning dependencies of target mis_mensajes__rosidl_typesupport_introspection_c[0m
[ 33%] [32mBuilding C object CMakeFiles/mis_mensajes__rosidl_typesupport_introspection_c.dir/rosidl_typesupport_introspection_c/mis_mensajes/msg/detail/angulos_inclinacion__type_support.c.o[0m
[ 35%] [32mBuilding C object CMakeFiles/mis_mensajes__rosidl_typesupport_introspection_c.dir/rosidl_typesupport_introspection_c/mis_mensajes/msg/detail/motor_datos__type_support.c.o[0m
[ 38%] [32m[1mLinking C shared library libmis_mensajes__rosidl_typesupport_introspection_c.so[0m
[ 38%] Built target mis_mensajes__rosidl_typesupport_introspection_c
[ 41%] [34m[1mGenerating C type support dispatch for ROS interfaces[0m
[ 43%] [32mBuilding CXX object CMakeFiles/mis_mensajes__rosidl_typesupport_introspection_cpp.dir/rosidl_typesupport_introspection_cpp/mis_mensajes/msg/detail/motor_datos__type_support.cpp.o[0m
[ 46%] [32mBuilding CXX object CMakeFiles/mis_mensajes__rosidl_typesupport_cpp.dir/rosidl_typesupport_cpp/mis_mensajes/msg/motor_datos__type_support.cpp.o[0m
[ 48%] [32mBuilding CXX object CMakeFiles/mis_mensajes__rosidl_typesupport_fastrtps_cpp.dir/rosidl_typesupport_fastrtps_cpp/mis_mensajes/msg/detail/dds_fastrtps/motor_datos__type_support.cpp.o[0m
[35m[1mScanning dependencies of target mis_mensajes__rosidl_typesupport_c[0m
[ 51%] [32mBuilding CXX object CMakeFiles/mis_mensajes__rosidl_typesupport_c.dir/rosidl_typesupport_c/mis_mensajes/msg/angulos_inclinacion__type_support.cpp.o[0m
[ 53%] [32mBuilding CXX object CMakeFiles/mis_mensajes__rosidl_typesupport_c.dir/rosidl_typesupport_c/mis_mensajes/msg/motor_datos__type_support.cpp.o[0m
[ 56%] [32m[1mLinking CXX shared library libmis_mensajes__rosidl_typesupport_introspection_cpp.so[0m
[ 58%] [32m[1mLinking CXX shared library libmis_mensajes__rosidl_typesupport_c.so[0m
[ 61%] [32m[1mLinking CXX shared library libmis_mensajes__rosidl_typesupport_cpp.so[0m
[ 61%] Built target mis_mensajes__rosidl_typesupport_c
[ 61%] Built target mis_mensajes__rosidl_typesupport_introspection_cpp
[ 61%] Built target mis_mensajes__rosidl_typesupport_cpp
[ 64%] [32m[1mLinking CXX shared library libmis_mensajes__rosidl_typesupport_fastrtps_cpp.so[0m
[ 64%] Built target mis_mensajes__rosidl_typesupport_fastrtps_cpp
[ 66%] [34m[1mGenerating C type support for eProsima Fast-RTPS[0m
[35m[1mScanning dependencies of target mis_mensajes__rosidl_typesupport_fastrtps_c[0m
[ 69%] [32mBuilding CXX object CMakeFiles/mis_mensajes__rosidl_typesupport_fastrtps_c.dir/rosidl_typesupport_fastrtps_c/mis_mensajes/msg/detail/angulos_inclinacion__type_support_c.cpp.o[0m
[ 71%] [32mBuilding CXX object CMakeFiles/mis_mensajes__rosidl_typesupport_fastrtps_c.dir/rosidl_typesupport_fastrtps_c/mis_mensajes/msg/detail/motor_datos__type_support_c.cpp.o[0m
[ 74%] [32m[1mLinking CXX shared library libmis_mensajes__rosidl_typesupport_fastrtps_c.so[0m
[ 74%] Built target mis_mensajes__rosidl_typesupport_fastrtps_c
[ 74%] Built target mis_mensajes
[35m[1mScanning dependencies of target mis_mensajes__py[0m
[ 76%] [34m[1mGenerating Python code for ROS interfaces[0m
[ 76%] Built target mis_mensajes__py
[35m[1mScanning dependencies of target mis_mensajes__python[0m
[ 79%] [32mBuilding C object CMakeFiles/mis_mensajes__python.dir/rosidl_generator_py/mis_mensajes/msg/_motor_datos_s.c.o[0m
[ 82%] [32mBuilding C object CMakeFiles/mis_mensajes__python.dir/rosidl_generator_py/mis_mensajes/msg/_angulos_inclinacion_s.c.o[0m
[ 84%] [32m[1mLinking C shared library rosidl_generator_py/mis_mensajes/libmis_mensajes__python.so[0m
[ 84%] Built target mis_mensajes__python
[35m[1mScanning dependencies of target mis_mensajes__rosidl_typesupport_introspection_c__pyext[0m
[35m[1mScanning dependencies of target mis_mensajes__rosidl_typesupport_c__pyext[0m
[35m[1mScanning dependencies of target mis_mensajes__rosidl_typesupport_fastrtps_c__pyext[0m
[ 87%] [32mBuilding C object CMakeFiles/mis_mensajes__rosidl_typesupport_introspection_c__pyext.dir/rosidl_generator_py/mis_mensajes/_mis_mensajes_s.ep.rosidl_typesupport_introspection_c.c.o[0m
[ 89%] [32mBuilding C object CMakeFiles/mis_mensajes__rosidl_typesupport_c__pyext.dir/rosidl_generator_py/mis_mensajes/_mis_mensajes_s.ep.rosidl_typesupport_c.c.o[0m
[ 92%] [32mBuilding C object CMakeFiles/mis_mensajes__rosidl_typesupport_fastrtps_c__pyext.dir/rosidl_generator_py/mis_mensajes/_mis_mensajes_s.ep.rosidl_typesupport_fastrtps_c.c.o[0m
[ 94%] [32m[1mLinking C shared library rosidl_generator_py/mis_mensajes/mis_mensajes_s__rosidl_typesupport_introspection_c.cpython-38-x86_64-linux-gnu.so[0m
[ 97%] [32m[1mLinking CXX shared library rosidl_generator_py/mis_mensajes/mis_mensajes_s__rosidl_typesupport_fastrtps_c.cpython-38-x86_64-linux-gnu.so[0m
[100%] [32m[1mLinking C shared library rosidl_generator_py/mis_mensajes/mis_mensajes_s__rosidl_typesupport_c.cpython-38-x86_64-linux-gnu.so[0m
[100%] Built target mis_mensajes__rosidl_typesupport_introspection_c__pyext
[100%] Built target mis_mensajes__rosidl_typesupport_c__pyext
[100%] Built target mis_mensajes__rosidl_typesupport_fastrtps_c__pyext
-- Install configuration: ""
-- Installing: /home/siba/dev_4ws-main2/install/mis_mensajes/share/ament_index/resource_index/rosidl_interfaces/mis_mensajes
-- Up-to-date: /home/siba/dev_4ws-main2/install/mis_mensajes/include/mis_mensajes
-- Up-to-date: /home/siba/dev_4ws-main2/install/mis_mensajes/include/mis_mensajes/msg
-- Installing: /home/siba/dev_4ws-main2/install/mis_mensajes/include/mis_mensajes/msg/angulos_inclinacion.h
-- Installing: /home/siba/dev_4ws-main2/install/mis_mensajes/include/mis_mensajes/msg/motor_datos.h
-- Up-to-date: /home/siba/dev_4ws-main2/install/mis_mensajes/include/mis_mensajes/msg/rosidl_generator_c__visibility_control.h
-- Up-to-date: /home/siba/dev_4ws-main2/install/mis_mensajes/include/mis_mensajes/msg/detail
-- Installing: /home/siba/dev_4ws-main2/install/mis_mensajes/include/mis_mensajes/msg/detail/motor_datos__functions.c
-- Installing: /home/siba/dev_4ws-main2/install/mis_mensajes/include/mis_mensajes/msg/detail/angulos_inclinacion__type_support.h
-- Installing: /home/siba/dev_4ws-main2/install/mis_mensajes/include/mis_mensajes/msg/detail/angulos_inclinacion__struct.h
-- Installing: /home/siba/dev_4ws-main2/install/mis_mensajes/include/mis_mensajes/msg/detail/angulos_inclinacion__functions.h
-- Installing: /home/siba/dev_4ws-main2/install/mis_mensajes/include/mis_mensajes/msg/detail/angulos_inclinacion__functions.c
-- Installing: /home/siba/dev_4ws-main2/install/mis_mensajes/include/mis_mensajes/msg/detail/motor_datos__type_support.h
-- Installing: /home/siba/dev_4ws-main2/install/mis_mensajes/include/mis_mensajes/msg/detail/motor_datos__functions.h
-- Installing: /home/siba/dev_4ws-main2/install/mis_mensajes/include/mis_mensajes/msg/detail/motor_datos__struct.h
-- Up-to-date: /home/siba/dev_4ws-main2/install/mis_mensajes/share/mis_mensajes/environment/library_path.sh
-- Installing: /home/siba/dev_4ws-main2/install/mis_mensajes/share/mis_mensajes/environment/library_path.dsv
-- Installing: /home/siba/dev_4ws-main2/install/mis_mensajes/lib/libmis_mensajes__rosidl_generator_c.so
-- Set runtime path of "/home/siba/dev_4ws-main2/install/mis_mensajes/lib/libmis_mensajes__rosidl_generator_c.so" to ""
-- Up-to-date: /home/siba/dev_4ws-main2/install/mis_mensajes/include/mis_mensajes
-- Up-to-date: /home/siba/dev_4ws-main2/install/mis_mensajes/include/mis_mensajes/msg
-- Up-to-date: /home/siba/dev_4ws-main2/install/mis_mensajes/include/mis_mensajes/msg/rosidl_typesupport_fastrtps_c__visibility_control.h
-- Up-to-date: /home/siba/dev_4ws-main2/install/mis_mensajes/include/mis_mensajes/msg/detail
-- Installing: /home/siba/dev_4ws-main2/install/mis_mensajes/include/mis_mensajes/msg/detail/angulos_inclinacion__rosidl_typesupport_fastrtps_c.h
-- Installing: /home/siba/dev_4ws-main2/install/mis_mensajes/include/mis_mensajes/msg/detail/motor_datos__rosidl_typesupport_fastrtps_c.h
-- Installing: /home/siba/dev_4ws-main2/install/mis_mensajes/lib/libmis_mensajes__rosidl_typesupport_fastrtps_c.so
-- Set runtime path of "/home/siba/dev_4ws-main2/install/mis_mensajes/lib/libmis_mensajes__rosidl_typesupport_fastrtps_c.so" to ""
-- Up-to-date: /home/siba/dev_4ws-main2/install/mis_mensajes/include/mis_mensajes
-- Up-to-date: /home/siba/dev_4ws-main2/install/mis_mensajes/include/mis_mensajes/msg
-- Up-to-date: /home/siba/dev_4ws-main2/install/mis_mensajes/include/mis_mensajes/msg/rosidl_typesupport_fastrtps_cpp__visibility_control.h
-- Up-to-date: /home/siba/dev_4ws-main2/install/mis_mensajes/include/mis_mensajes/msg/detail
-- Installing: /home/siba/dev_4ws-main2/install/mis_mensajes/include/mis_mensajes/msg/detail/angulos_inclinacion__rosidl_typesupport_fastrtps_cpp.hpp
-- Installing: /home/siba/dev_4ws-main2/install/mis_mensajes/include/mis_mensajes/msg/detail/motor_datos__rosidl_typesupport_fastrtps_cpp.hpp
-- Up-to-date: /home/siba/dev_4ws-main2/install/mis_mensajes/include/mis_mensajes/msg/detail/dds_fastrtps
-- Installing: /home/siba/dev_4ws-main2/install/mis_mensajes/lib/libmis_mensajes__rosidl_typesupport_fastrtps_cpp.so
-- Set runtime path of "/home/siba/dev_4ws-main2/install/mis_mensajes/lib/libmis_mensajes__rosidl_typesupport_fastrtps_cpp.so" to ""
-- Up-to-date: /home/siba/dev_4ws-main2/install/mis_mensajes/include/mis_mensajes
-- Up-to-date: /home/siba/dev_4ws-main2/install/mis_mensajes/include/mis_mensajes/msg
-- Up-to-date: /home/siba/dev_4ws-main2/install/mis_mensajes/include/mis_mensajes/msg/rosidl_typesupport_introspection_c__visibility_control.h
-- Up-to-date: /home/siba/dev_4ws-main2/install/mis_mensajes/include/mis_mensajes/msg/detail
-- Installing: /home/siba/dev_4ws-main2/install/mis_mensajes/include/mis_mensajes/msg/detail/motor_datos__type_support.c
-- Installing: /home/siba/dev_4ws-main2/install/mis_mensajes/include/mis_mensajes/msg/detail/angulos_inclinacion__type_support.c
-- Installing: /home/siba/dev_4ws-main2/install/mis_mensajes/include/mis_mensajes/msg/detail/motor_datos__rosidl_typesupport_introspection_c.h
-- Installing: /home/siba/dev_4ws-main2/install/mis_mensajes/include/mis_mensajes/msg/detail/angulos_inclinacion__rosidl_typesupport_introspection_c.h
-- Installing: /home/siba/dev_4ws-main2/install/mis_mensajes/lib/libmis_mensajes__rosidl_typesupport_introspection_c.so
-- Set runtime path of "/home/siba/dev_4ws-main2/install/mis_mensajes/lib/libmis_mensajes__rosidl_typesupport_introspection_c.so" to ""
-- Installing: /home/siba/dev_4ws-main2/install/mis_mensajes/lib/libmis_mensajes__rosidl_typesupport_c.so
-- Set runtime path of "/home/siba/dev_4ws-main2/install/mis_mensajes/lib/libmis_mensajes__rosidl_typesupport_c.so" to ""
-- Up-to-date: /home/siba/dev_4ws-main2/install/mis_mensajes/include/mis_mensajes
-- Up-to-date: /home/siba/dev_4ws-main2/install/mis_mensajes/include/mis_mensajes/msg
-- Installing: /home/siba/dev_4ws-main2/install/mis_mensajes/include/mis_mensajes/msg/angulos_inclinacion.hpp
-- Up-to-date: /home/siba/dev_4ws-main2/install/mis_mensajes/include/mis_mensajes/msg/rosidl_generator_cpp__visibility_control.hpp
-- Installing: /home/siba/dev_4ws-main2/install/mis_mensajes/include/mis_mensajes/msg/motor_datos.hpp
-- Up-to-date: /home/siba/dev_4ws-main2/install/mis_mensajes/include/mis_mensajes/msg/detail
-- Installing: /home/siba/dev_4ws-main2/install/mis_mensajes/include/mis_mensajes/msg/detail/motor_datos__struct.hpp
-- Installing: /home/siba/dev_4ws-main2/install/mis_mensajes/include/mis_mensajes/msg/detail/angulos_inclinacion__builder.hpp
-- Installing: /home/siba/dev_4ws-main2/install/mis_mensajes/include/mis_mensajes/msg/detail/motor_datos__builder.hpp
-- Installing: /home/siba/dev_4ws-main2/install/mis_mensajes/include/mis_mensajes/msg/detail/angulos_inclinacion__traits.hpp
-- Installing: /home/siba/dev_4ws-main2/install/mis_mensajes/include/mis_mensajes/msg/detail/angulos_inclinacion__struct.hpp
-- Installing: /home/siba/dev_4ws-main2/install/mis_mensajes/include/mis_mensajes/msg/detail/angulos_inclinacion__type_support.hpp
-- Installing: /home/siba/dev_4ws-main2/install/mis_mensajes/include/mis_mensajes/msg/detail/motor_datos__type_support.hpp
-- Installing: /home/siba/dev_4ws-main2/install/mis_mensajes/include/mis_mensajes/msg/detail/motor_datos__traits.hpp
-- Up-to-date: /home/siba/dev_4ws-main2/install/mis_mensajes/include/mis_mensajes
-- Up-to-date: /home/siba/dev_4ws-main2/install/mis_mensajes/include/mis_mensajes/msg
-- Up-to-date: /home/siba/dev_4ws-main2/install/mis_mensajes/include/mis_mensajes/msg/detail
-- Installing: /home/siba/dev_4ws-main2/install/mis_mensajes/include/mis_mensajes/msg/detail/motor_datos__type_support.cpp
-- Installing: /home/siba/dev_4ws-main2/install/mis_mensajes/include/mis_mensajes/msg/detail/angulos_inclinacion__type_support.cpp
-- Installing: /home/siba/dev_4ws-main2/install/mis_mensajes/include/mis_mensajes/msg/detail/angulos_inclinacion__rosidl_typesupport_introspection_cpp.hpp
-- Installing: /home/siba/dev_4ws-main2/install/mis_mensajes/include/mis_mensajes/msg/detail/motor_datos__rosidl_typesupport_introspection_cpp.hpp
-- Installing: /home/siba/dev_4ws-main2/install/mis_mensajes/lib/libmis_mensajes__rosidl_typesupport_introspection_cpp.so
-- Set runtime path of "/home/siba/dev_4ws-main2/install/mis_mensajes/lib/libmis_mensajes__rosidl_typesupport_introspection_cpp.so" to ""
-- Installing: /home/siba/dev_4ws-main2/install/mis_mensajes/lib/libmis_mensajes__rosidl_typesupport_cpp.so
-- Set runtime path of "/home/siba/dev_4ws-main2/install/mis_mensajes/lib/libmis_mensajes__rosidl_typesupport_cpp.so" to ""
-- Up-to-date: /home/siba/dev_4ws-main2/install/mis_mensajes/share/mis_mensajes/environment/pythonpath.sh
-- Installing: /home/siba/dev_4ws-main2/install/mis_mensajes/share/mis_mensajes/environment/pythonpath.dsv
-- Installing: /home/siba/dev_4ws-main2/install/mis_mensajes/lib/python3.8/site-packages/mis_mensajes/__init__.py
Compiling '/home/siba/dev_4ws-main2/install/mis_mensajes/lib/python3.8/site-packages/mis_mensajes/__init__.py'...
-- Up-to-date: /home/siba/dev_4ws-main2/install/mis_mensajes/lib/python3.8/site-packages/mis_mensajes/msg
-- Installing: /home/siba/dev_4ws-main2/install/mis_mensajes/lib/python3.8/site-packages/mis_mensajes/msg/_angulos_inclinacion.py
-- Installing: /home/siba/dev_4ws-main2/install/mis_mensajes/lib/python3.8/site-packages/mis_mensajes/msg/_angulos_inclinacion_s.c
-- Installing: /home/siba/dev_4ws-main2/install/mis_mensajes/lib/python3.8/site-packages/mis_mensajes/msg/_motor_datos.py
-- Installing: /home/siba/dev_4ws-main2/install/mis_mensajes/lib/python3.8/site-packages/mis_mensajes/msg/__init__.py
-- Installing: /home/siba/dev_4ws-main2/install/mis_mensajes/lib/python3.8/site-packages/mis_mensajes/msg/_motor_datos_s.c
-- Installing: /home/siba/dev_4ws-main2/install/mis_mensajes/lib/python3.8/site-packages/mis_mensajes/mis_mensajes_s__rosidl_typesupport_fastrtps_c.cpython-38-x86_64-linux-gnu.so
-- Set runtime path of "/home/siba/dev_4ws-main2/install/mis_mensajes/lib/python3.8/site-packages/mis_mensajes/mis_mensajes_s__rosidl_typesupport_fastrtps_c.cpython-38-x86_64-linux-gnu.so" to ""
-- Installing: /home/siba/dev_4ws-main2/install/mis_mensajes/lib/python3.8/site-packages/mis_mensajes/mis_mensajes_s__rosidl_typesupport_introspection_c.cpython-38-x86_64-linux-gnu.so
-- Set runtime path of "/home/siba/dev_4ws-main2/install/mis_mensajes/lib/python3.8/site-packages/mis_mensajes/mis_mensajes_s__rosidl_typesupport_introspection_c.cpython-38-x86_64-linux-gnu.so" to ""
-- Installing: /home/siba/dev_4ws-main2/install/mis_mensajes/lib/python3.8/site-packages/mis_mensajes/mis_mensajes_s__rosidl_typesupport_c.cpython-38-x86_64-linux-gnu.so
-- Set runtime path of "/home/siba/dev_4ws-main2/install/mis_mensajes/lib/python3.8/site-packages/mis_mensajes/mis_mensajes_s__rosidl_typesupport_c.cpython-38-x86_64-linux-gnu.so" to ""
-- Installing: /home/siba/dev_4ws-main2/install/mis_mensajes/lib/libmis_mensajes__python.so
-- Set runtime path of "/home/siba/dev_4ws-main2/install/mis_mensajes/lib/libmis_mensajes__python.so" to ""
-- Up-to-date: /home/siba/dev_4ws-main2/install/mis_mensajes/share/mis_mensajes/msg/AngulosInclinacion.idl
-- Installing: /home/siba/dev_4ws-main2/install/mis_mensajes/share/mis_mensajes/msg/MotorDatos.idl
-- Up-to-date: /home/siba/dev_4ws-main2/install/mis_mensajes/share/mis_mensajes/msg/AngulosInclinacion.msg
-- Installing: /home/siba/dev_4ws-main2/install/mis_mensajes/share/mis_mensajes/msg/MotorDatos.msg
-- Up-to-date: /home/siba/dev_4ws-main2/install/mis_mensajes/share/ament_index/resource_index/package_run_dependencies/mis_mensajes
-- Installing: /home/siba/dev_4ws-main2/install/mis_mensajes/share/ament_index/resource_index/parent_prefix_path/mis_mensajes
-- Up-to-date: /home/siba/dev_4ws-main2/install/mis_mensajes/share/mis_mensajes/environment/ament_prefix_path.sh
-- Installing: /home/siba/dev_4ws-main2/install/mis_mensajes/share/mis_mensajes/environment/ament_prefix_path.dsv
-- Up-to-date: /home/siba/dev_4ws-main2/install/mis_mensajes/share/mis_mensajes/environment/path.sh
-- Installing: /home/siba/dev_4ws-main2/install/mis_mensajes/share/mis_mensajes/environment/path.dsv
-- Up-to-date: /home/siba/dev_4ws-main2/install/mis_mensajes/share/mis_mensajes/local_setup.bash
-- Up-to-date: /home/siba/dev_4ws-main2/install/mis_mensajes/share/mis_mensajes/local_setup.sh
-- Up-to-date: /home/siba/dev_4ws-main2/install/mis_mensajes/share/mis_mensajes/local_setup.zsh
-- Installing: /home/siba/dev_4ws-main2/install/mis_mensajes/share/mis_mensajes/local_setup.dsv
-- Installing: /home/siba/dev_4ws-main2/install/mis_mensajes/share/mis_mensajes/package.dsv
-- Up-to-date: /home/siba/dev_4ws-main2/install/mis_mensajes/share/ament_index/resource_index/packages/mis_mensajes
-- Up-to-date: /home/siba/dev_4ws-main2/install/mis_mensajes/share/mis_mensajes/cmake/mis_mensajes__rosidl_generator_cExport.cmake
-- Installing: /home/siba/dev_4ws-main2/install/mis_mensajes/share/mis_mensajes/cmake/mis_mensajes__rosidl_generator_cExport-noconfig.cmake
-- Up-to-date: /home/siba/dev_4ws-main2/install/mis_mensajes/share/mis_mensajes/cmake/mis_mensajes__rosidl_typesupport_introspection_cExport.cmake
-- Installing: /home/siba/dev_4ws-main2/install/mis_mensajes/share/mis_mensajes/cmake/mis_mensajes__rosidl_typesupport_introspection_cExport-noconfig.cmake
-- Up-to-date: /home/siba/dev_4ws-main2/install/mis_mensajes/share/mis_mensajes/cmake/mis_mensajes__rosidl_typesupport_cExport.cmake
-- Installing: /home/siba/dev_4ws-main2/install/mis_mensajes/share/mis_mensajes/cmake/mis_mensajes__rosidl_typesupport_cExport-noconfig.cmake
-- Up-to-date: /home/siba/dev_4ws-main2/install/mis_mensajes/share/mis_mensajes/cmake/mis_mensajes__rosidl_generator_cppExport.cmake
-- Up-to-date: /home/siba/dev_4ws-main2/install/mis_mensajes/share/mis_mensajes/cmake/mis_mensajes__rosidl_typesupport_introspection_cppExport.cmake
-- Installing: /home/siba/dev_4ws-main2/install/mis_mensajes/share/mis_mensajes/cmake/mis_mensajes__rosidl_typesupport_introspection_cppExport-noconfig.cmake
-- Up-to-date: /home/siba/dev_4ws-main2/install/mis_mensajes/share/mis_mensajes/cmake/mis_mensajes__rosidl_typesupport_cppExport.cmake
-- Installing: /home/siba/dev_4ws-main2/install/mis_mensajes/share/mis_mensajes/cmake/mis_mensajes__rosidl_typesupport_cppExport-noconfig.cmake
-- Installing: /home/siba/dev_4ws-main2/install/mis_mensajes/share/mis_mensajes/cmake/rosidl_cmake-extras.cmake
-- Up-to-date: /home/siba/dev_4ws-main2/install/mis_mensajes/share/mis_mensajes/cmake/ament_cmake_export_dependencies-extras.cmake
-- Up-to-date: /home/siba/dev_4ws-main2/install/mis_mensajes/share/mis_mensajes/cmake/ament_cmake_export_libraries-extras.cmake
-- Up-to-date: /home/siba/dev_4ws-main2/install/mis_mensajes/share/mis_mensajes/cmake/ament_cmake_export_targets-extras.cmake
-- Up-to-date: /home/siba/dev_4ws-main2/install/mis_mensajes/share/mis_mensajes/cmake/ament_cmake_export_include_directories-extras.cmake
-- Up-to-date: /home/siba/dev_4ws-main2/install/mis_mensajes/share/mis_mensajes/cmake/rosidl_cmake_export_typesupport_libraries-extras.cmake
-- Up-to-date: /home/siba/dev_4ws-main2/install/mis_mensajes/share/mis_mensajes/cmake/rosidl_cmake_export_typesupport_targets-extras.cmake
-- Up-to-date: /home/siba/dev_4ws-main2/install/mis_mensajes/share/mis_mensajes/cmake/mis_mensajesConfig.cmake
-- Up-to-date: /home/siba/dev_4ws-main2/install/mis_mensajes/share/mis_mensajes/cmake/mis_mensajesConfig-version.cmake
-- Up-to-date: /home/siba/dev_4ws-main2/install/mis_mensajes/share/mis_mensajes/package.xml
