[0.881s] Invoking command in '/home/siba/dev_4ws-main2/build/four_ws_control': CMAKE_PREFIX_PATH=${CMAKE_PREFIX_PATH}:/home/siba/dev_4ws-main2/install/bldc_can:/home/siba/dev_4ws-main2/install/path_demo:/home/siba/dev_4ws-main2/install/imu_controller:/home/siba/dev_4ws-main2/install/dc_motor:/home/siba/dev_4ws-main2/install/GAZEBO_description:/home/siba/ros2_ws/install/examples_rclpy_minimal_subscriber:/home/siba/ros2_ws/install/examples_rclpy_minimal_service:/home/siba/ros2_ws/install/examples_rclpy_minimal_publisher:/home/siba/ros2_ws/install/examples_rclpy_minimal_client:/home/siba/ros2_ws/install/examples_rclpy_minimal_action_server:/home/siba/ros2_ws/install/examples_rclpy_minimal_action_client:/home/siba/ros2_ws/install/examples_rclpy_executors:/home/siba/ros2_ws/install/dc_motor_controller:/opt/ros/foxy /usr/bin/cmake --build /home/siba/dev_4ws-main2/build/four_ws_control -- -j4 -l4
[0.959s] Invoked command in '/home/siba/dev_4ws-main2/build/four_ws_control' returned '0': CMAKE_PREFIX_PATH=${CMAKE_PREFIX_PATH}:/home/siba/dev_4ws-main2/install/bldc_can:/home/siba/dev_4ws-main2/install/path_demo:/home/siba/dev_4ws-main2/install/imu_controller:/home/siba/dev_4ws-main2/install/dc_motor:/home/siba/dev_4ws-main2/install/GAZEBO_description:/home/siba/ros2_ws/install/examples_rclpy_minimal_subscriber:/home/siba/ros2_ws/install/examples_rclpy_minimal_service:/home/siba/ros2_ws/install/examples_rclpy_minimal_publisher:/home/siba/ros2_ws/install/examples_rclpy_minimal_client:/home/siba/ros2_ws/install/examples_rclpy_minimal_action_server:/home/siba/ros2_ws/install/examples_rclpy_minimal_action_client:/home/siba/ros2_ws/install/examples_rclpy_executors:/home/siba/ros2_ws/install/dc_motor_controller:/opt/ros/foxy /usr/bin/cmake --build /home/siba/dev_4ws-main2/build/four_ws_control -- -j4 -l4
[1.022s] Invoking command in '/home/siba/dev_4ws-main2/build/four_ws_control': CMAKE_PREFIX_PATH=${CMAKE_PREFIX_PATH}:/home/siba/dev_4ws-main2/install/bldc_can:/home/siba/dev_4ws-main2/install/path_demo:/home/siba/dev_4ws-main2/install/imu_controller:/home/siba/dev_4ws-main2/install/dc_motor:/home/siba/dev_4ws-main2/install/GAZEBO_description:/home/siba/ros2_ws/install/examples_rclpy_minimal_subscriber:/home/siba/ros2_ws/install/examples_rclpy_minimal_service:/home/siba/ros2_ws/install/examples_rclpy_minimal_publisher:/home/siba/ros2_ws/install/examples_rclpy_minimal_client:/home/siba/ros2_ws/install/examples_rclpy_minimal_action_server:/home/siba/ros2_ws/install/examples_rclpy_minimal_action_client:/home/siba/ros2_ws/install/examples_rclpy_executors:/home/siba/ros2_ws/install/dc_motor_controller:/opt/ros/foxy /usr/bin/cmake --install /home/siba/dev_4ws-main2/build/four_ws_control
[1.040s] -- Install configuration: ""
[1.041s] -- Up-to-date: /home/siba/dev_4ws-main2/install/four_ws_control/share/four_ws_control//scripts
[1.042s] -- Up-to-date: /home/siba/dev_4ws-main2/install/four_ws_control/share/four_ws_control//scripts/robot_control.py
[1.044s] -- Up-to-date: /home/siba/dev_4ws-main2/install/four_ws_control/share/four_ws_control//launch
[1.045s] -- Up-to-date: /home/siba/dev_4ws-main2/install/four_ws_control/share/four_ws_control//launch/four_ws_control.launch.py
[1.046s] -- Up-to-date: /home/siba/dev_4ws-main2/install/four_ws_control/lib/four_ws_control/robot_control.py
[1.047s] -- Up-to-date: /home/siba/dev_4ws-main2/install/four_ws_control/lib/four_ws_control/four_ws_control.launch.py
[1.048s] -- Up-to-date: /home/siba/dev_4ws-main2/install/four_ws_control/share/ament_index/resource_index/package_run_dependencies/four_ws_control
[1.049s] -- Up-to-date: /home/siba/dev_4ws-main2/install/four_ws_control/share/ament_index/resource_index/parent_prefix_path/four_ws_control
[1.050s] -- Up-to-date: /home/siba/dev_4ws-main2/install/four_ws_control/share/four_ws_control/environment/ament_prefix_path.sh
[1.051s] -- Up-to-date: /home/siba/dev_4ws-main2/install/four_ws_control/share/four_ws_control/environment/ament_prefix_path.dsv
[1.053s] -- Up-to-date: /home/siba/dev_4ws-main2/install/four_ws_control/share/four_ws_control/environment/path.sh
[1.053s] -- Up-to-date: /home/siba/dev_4ws-main2/install/four_ws_control/share/four_ws_control/environment/path.dsv
[1.055s] -- Up-to-date: /home/siba/dev_4ws-main2/install/four_ws_control/share/four_ws_control/local_setup.bash
[1.056s] -- Up-to-date: /home/siba/dev_4ws-main2/install/four_ws_control/share/four_ws_control/local_setup.sh
[1.057s] -- Up-to-date: /home/siba/dev_4ws-main2/install/four_ws_control/share/four_ws_control/local_setup.zsh
[1.059s] -- Up-to-date: /home/siba/dev_4ws-main2/install/four_ws_control/share/four_ws_control/local_setup.dsv
[1.059s] -- Installing: /home/siba/dev_4ws-main2/install/four_ws_control/share/four_ws_control/package.dsv
[1.061s] -- Up-to-date: /home/siba/dev_4ws-main2/install/four_ws_control/share/ament_index/resource_index/packages/four_ws_control
[1.062s] -- Up-to-date: /home/siba/dev_4ws-main2/install/four_ws_control/share/four_ws_control/cmake/four_ws_controlConfig.cmake
[1.062s] -- Up-to-date: /home/siba/dev_4ws-main2/install/four_ws_control/share/four_ws_control/cmake/four_ws_controlConfig-version.cmake
[1.062s] -- Up-to-date: /home/siba/dev_4ws-main2/install/four_ws_control/share/four_ws_control/package.xml
[1.074s] Invoked command in '/home/siba/dev_4ws-main2/build/four_ws_control' returned '0': CMAKE_PREFIX_PATH=${CMAKE_PREFIX_PATH}:/home/siba/dev_4ws-main2/install/bldc_can:/home/siba/dev_4ws-main2/install/path_demo:/home/siba/dev_4ws-main2/install/imu_controller:/home/siba/dev_4ws-main2/install/dc_motor:/home/siba/dev_4ws-main2/install/GAZEBO_description:/home/siba/ros2_ws/install/examples_rclpy_minimal_subscriber:/home/siba/ros2_ws/install/examples_rclpy_minimal_service:/home/siba/ros2_ws/install/examples_rclpy_minimal_publisher:/home/siba/ros2_ws/install/examples_rclpy_minimal_client:/home/siba/ros2_ws/install/examples_rclpy_minimal_action_server:/home/siba/ros2_ws/install/examples_rclpy_minimal_action_client:/home/siba/ros2_ws/install/examples_rclpy_executors:/home/siba/ros2_ws/install/dc_motor_controller:/opt/ros/foxy /usr/bin/cmake --install /home/siba/dev_4ws-main2/build/four_ws_control
