[1.476s] Invoking command in '/home/siba/dev_4ws-main2/src/bldc_can': PYTHONPATH=/home/siba/dev_4ws-main2/build/bldc_can/prefix_override:/usr/lib/python3/dist-packages/colcon_core/task/python/colcon_distutils_commands:/home/siba/dev_4ws-main2/install/bldc_can/lib/python3.8/site-packages:/home/siba/dev_4ws-main2/install/mis_mensajes/lib/python3.8/site-packages:/home/siba/dev_4ws-main2/install/bldc_can/lib/python3.8/site-packages:/home/siba/dev_4ws-main2/install/path_demo/lib/python3.8/site-packages:/home/siba/dev_4ws-main2/install/imu_controller/lib/python3.8/site-packages:/home/siba/dev_4ws-main2/install/dc_motor/lib/python3.8/site-packages:/home/siba/dev_4ws-main2/install/GAZEBO_description/lib/python3.8/site-packages:/home/siba/ros2_ws/install/fresas/lib/python3.8/site-packages:/home/siba/ros2_ws/install/examples_rclpy_minimal_subscriber/lib/python3.8/site-packages:/home/siba/ros2_ws/install/examples_rclpy_minimal_service/lib/python3.8/site-packages:/home/siba/ros2_ws/install/examples_rclpy_minimal_publisher/lib/python3.8/site-packages:/home/siba/ros2_ws/install/examples_rclpy_minimal_client/lib/python3.8/site-packages:/home/siba/ros2_ws/install/examples_rclpy_minimal_action_server/lib/python3.8/site-packages:/home/siba/ros2_ws/install/examples_rclpy_minimal_action_client/lib/python3.8/site-packages:/home/siba/ros2_ws/install/examples_rclpy_executors/lib/python3.8/site-packages:/home/siba/ros2_ws/install/dc_motor_controller/lib/python3.8/site-packages:/home/siba/ros2_ws/install/dc_motor_interfaces/lib/python3.8/site-packages:/home/siba/ros2_ws/src/fresas/install/fresas/lib/python3.8/site-packages:/opt/ros/foxy/lib/python3.8/site-packages /usr/bin/python3 -W ignore:setup.py install is deprecated setup.py egg_info --egg-base ../../build/bldc_can build --build-base /home/siba/dev_4ws-main2/build/bldc_can/build install --record /home/siba/dev_4ws-main2/build/bldc_can/install.log --install-scripts $base/lib/bldc_can --single-version-externally-managed install_data
[2.079s] running egg_info
[2.081s] writing ../../build/bldc_can/bldc_can.egg-info/PKG-INFO
[2.082s] writing dependency_links to ../../build/bldc_can/bldc_can.egg-info/dependency_links.txt
[2.083s] writing entry points to ../../build/bldc_can/bldc_can.egg-info/entry_points.txt
[2.083s] writing requirements to ../../build/bldc_can/bldc_can.egg-info/requires.txt
[2.084s] writing top-level names to ../../build/bldc_can/bldc_can.egg-info/top_level.txt
[2.185s] reading manifest file '../../build/bldc_can/bldc_can.egg-info/SOURCES.txt'
[2.187s] writing manifest file '../../build/bldc_can/bldc_can.egg-info/SOURCES.txt'
[2.187s] running build
[2.188s] running build_py
[2.189s] running install
[2.191s] running install_lib
[2.195s] running install_data
[2.195s] copying package.xml -> /home/siba/dev_4ws-main2/install/bldc_can/share/bldc_can
[2.196s] running install_egg_info
[2.200s] removing '/home/siba/dev_4ws-main2/install/bldc_can/lib/python3.8/site-packages/bldc_can-0.0.1-py3.8.egg-info' (and everything under it)
[2.200s] Copying ../../build/bldc_can/bldc_can.egg-info to /home/siba/dev_4ws-main2/install/bldc_can/lib/python3.8/site-packages/bldc_can-0.0.1-py3.8.egg-info
[2.202s] running install_scripts
[2.240s] Installing can_monitor script to /home/siba/dev_4ws-main2/install/bldc_can/lib/bldc_can
[2.240s] Installing can_node script to /home/siba/dev_4ws-main2/install/bldc_can/lib/bldc_can
[2.241s] writing list of installed files to '/home/siba/dev_4ws-main2/build/bldc_can/install.log'
[2.285s] Invoked command in '/home/siba/dev_4ws-main2/src/bldc_can' returned '0': PYTHONPATH=/home/siba/dev_4ws-main2/build/bldc_can/prefix_override:/usr/lib/python3/dist-packages/colcon_core/task/python/colcon_distutils_commands:/home/siba/dev_4ws-main2/install/bldc_can/lib/python3.8/site-packages:/home/siba/dev_4ws-main2/install/mis_mensajes/lib/python3.8/site-packages:/home/siba/dev_4ws-main2/install/bldc_can/lib/python3.8/site-packages:/home/siba/dev_4ws-main2/install/path_demo/lib/python3.8/site-packages:/home/siba/dev_4ws-main2/install/imu_controller/lib/python3.8/site-packages:/home/siba/dev_4ws-main2/install/dc_motor/lib/python3.8/site-packages:/home/siba/dev_4ws-main2/install/GAZEBO_description/lib/python3.8/site-packages:/home/siba/ros2_ws/install/fresas/lib/python3.8/site-packages:/home/siba/ros2_ws/install/examples_rclpy_minimal_subscriber/lib/python3.8/site-packages:/home/siba/ros2_ws/install/examples_rclpy_minimal_service/lib/python3.8/site-packages:/home/siba/ros2_ws/install/examples_rclpy_minimal_publisher/lib/python3.8/site-packages:/home/siba/ros2_ws/install/examples_rclpy_minimal_client/lib/python3.8/site-packages:/home/siba/ros2_ws/install/examples_rclpy_minimal_action_server/lib/python3.8/site-packages:/home/siba/ros2_ws/install/examples_rclpy_minimal_action_client/lib/python3.8/site-packages:/home/siba/ros2_ws/install/examples_rclpy_executors/lib/python3.8/site-packages:/home/siba/ros2_ws/install/dc_motor_controller/lib/python3.8/site-packages:/home/siba/ros2_ws/install/dc_motor_interfaces/lib/python3.8/site-packages:/home/siba/ros2_ws/src/fresas/install/fresas/lib/python3.8/site-packages:/opt/ros/foxy/lib/python3.8/site-packages /usr/bin/python3 -W ignore:setup.py install is deprecated setup.py egg_info --egg-base ../../build/bldc_can build --build-base /home/siba/dev_4ws-main2/build/bldc_can/build install --record /home/siba/dev_4ws-main2/build/bldc_can/install.log --install-scripts $base/lib/bldc_can --single-version-externally-managed install_data
