/home/siba/dev_4ws-main2/install/imu_controller/lib/python3.8/site-packages/imu_controller/two_imu_nodes.py
/home/siba/dev_4ws-main2/install/imu_controller/lib/python3.8/site-packages/imu_controller/three_imu_nodes.py
/home/siba/dev_4ws-main2/install/imu_controller/lib/python3.8/site-packages/imu_controller/imu_node.py
/home/siba/dev_4ws-main2/install/imu_controller/lib/python3.8/site-packages/imu_controller/__init__.py
/home/siba/dev_4ws-main2/install/imu_controller/lib/python3.8/site-packages/imu_controller/imu_node_inc.py
/home/siba/dev_4ws-main2/install/imu_controller/lib/python3.8/site-packages/imu_controller/test_node.py
/home/siba/dev_4ws-main2/install/imu_controller/lib/python3.8/site-packages/imu_controller/__pycache__/two_imu_nodes.cpython-38.pyc
/home/siba/dev_4ws-main2/install/imu_controller/lib/python3.8/site-packages/imu_controller/__pycache__/three_imu_nodes.cpython-38.pyc
/home/siba/dev_4ws-main2/install/imu_controller/lib/python3.8/site-packages/imu_controller/__pycache__/imu_node.cpython-38.pyc
/home/siba/dev_4ws-main2/install/imu_controller/lib/python3.8/site-packages/imu_controller/__pycache__/__init__.cpython-38.pyc
/home/siba/dev_4ws-main2/install/imu_controller/lib/python3.8/site-packages/imu_controller/__pycache__/imu_node_inc.cpython-38.pyc
/home/siba/dev_4ws-main2/install/imu_controller/lib/python3.8/site-packages/imu_controller/__pycache__/test_node.cpython-38.pyc
/home/siba/dev_4ws-main2/install/imu_controller/share/ament_index/resource_index/packages/imu_controller
/home/siba/dev_4ws-main2/install/imu_controller/share/imu_controller/package.xml
/home/siba/dev_4ws-main2/install/imu_controller/share/imu_controller/launch/_imu_node_launch.py
/home/siba/dev_4ws-main2/install/imu_controller/share/imu_controller/launch/_test_imu_node_launch.py
/home/siba/dev_4ws-main2/install/imu_controller/share/imu_controller/launch/_imu_rviz_launch.py
/home/siba/dev_4ws-main2/install/imu_controller/share/imu_controller/launch/_imu_launch.py
/home/siba/dev_4ws-main2/install/imu_controller/share/imu_controller/launch/_two_imu_nodes_launch.py
/home/siba/dev_4ws-main2/install/imu_controller/lib/python3.8/site-packages/imu_controller-0.0.0-py3.8.egg-info/zip-safe
/home/siba/dev_4ws-main2/install/imu_controller/lib/python3.8/site-packages/imu_controller-0.0.0-py3.8.egg-info/PKG-INFO
/home/siba/dev_4ws-main2/install/imu_controller/lib/python3.8/site-packages/imu_controller-0.0.0-py3.8.egg-info/top_level.txt
/home/siba/dev_4ws-main2/install/imu_controller/lib/python3.8/site-packages/imu_controller-0.0.0-py3.8.egg-info/dependency_links.txt
/home/siba/dev_4ws-main2/install/imu_controller/lib/python3.8/site-packages/imu_controller-0.0.0-py3.8.egg-info/entry_points.txt
/home/siba/dev_4ws-main2/install/imu_controller/lib/python3.8/site-packages/imu_controller-0.0.0-py3.8.egg-info/requires.txt
/home/siba/dev_4ws-main2/install/imu_controller/lib/python3.8/site-packages/imu_controller-0.0.0-py3.8.egg-info/SOURCES.txt
/home/siba/dev_4ws-main2/install/imu_controller/lib/imu_controller/imu_node
/home/siba/dev_4ws-main2/install/imu_controller/lib/imu_controller/imu_node_inc
/home/siba/dev_4ws-main2/install/imu_controller/lib/imu_controller/test_node
/home/siba/dev_4ws-main2/install/imu_controller/lib/imu_controller/three_imu_nodes
/home/siba/dev_4ws-main2/install/imu_controller/lib/imu_controller/two_imu_nodes
