[0.029s] Invoking command in '/home/siba/dev_4ws-main2/build/gazebo_simulation': CMAKE_PREFIX_PATH=${CMAKE_PREFIX_PATH}:/home/siba/dev_4ws-main2/install/bldc_can:/home/siba/dev_4ws-main2/install/path_demo:/home/siba/dev_4ws-main2/install/imu_controller:/home/siba/dev_4ws-main2/install/dc_motor:/home/siba/dev_4ws-main2/install/GAZEBO_description:/home/siba/ros2_ws/install/examples_rclpy_minimal_subscriber:/home/siba/ros2_ws/install/examples_rclpy_minimal_service:/home/siba/ros2_ws/install/examples_rclpy_minimal_publisher:/home/siba/ros2_ws/install/examples_rclpy_minimal_client:/home/siba/ros2_ws/install/examples_rclpy_minimal_action_server:/home/siba/ros2_ws/install/examples_rclpy_minimal_action_client:/home/siba/ros2_ws/install/examples_rclpy_executors:/home/siba/ros2_ws/install/dc_motor_controller:/opt/ros/foxy /usr/bin/cmake --build /home/siba/dev_4ws-main2/build/gazebo_simulation -- -j4 -l4
[0.132s] Invoked command in '/home/siba/dev_4ws-main2/build/gazebo_simulation' returned '0': CMAKE_PREFIX_PATH=${CMAKE_PREFIX_PATH}:/home/siba/dev_4ws-main2/install/bldc_can:/home/siba/dev_4ws-main2/install/path_demo:/home/siba/dev_4ws-main2/install/imu_controller:/home/siba/dev_4ws-main2/install/dc_motor:/home/siba/dev_4ws-main2/install/GAZEBO_description:/home/siba/ros2_ws/install/examples_rclpy_minimal_subscriber:/home/siba/ros2_ws/install/examples_rclpy_minimal_service:/home/siba/ros2_ws/install/examples_rclpy_minimal_publisher:/home/siba/ros2_ws/install/examples_rclpy_minimal_client:/home/siba/ros2_ws/install/examples_rclpy_minimal_action_server:/home/siba/ros2_ws/install/examples_rclpy_minimal_action_client:/home/siba/ros2_ws/install/examples_rclpy_executors:/home/siba/ros2_ws/install/dc_motor_controller:/opt/ros/foxy /usr/bin/cmake --build /home/siba/dev_4ws-main2/build/gazebo_simulation -- -j4 -l4
[0.328s] Invoking command in '/home/siba/dev_4ws-main2/build/gazebo_simulation': CMAKE_PREFIX_PATH=${CMAKE_PREFIX_PATH}:/home/siba/dev_4ws-main2/install/bldc_can:/home/siba/dev_4ws-main2/install/path_demo:/home/siba/dev_4ws-main2/install/imu_controller:/home/siba/dev_4ws-main2/install/dc_motor:/home/siba/dev_4ws-main2/install/GAZEBO_description:/home/siba/ros2_ws/install/examples_rclpy_minimal_subscriber:/home/siba/ros2_ws/install/examples_rclpy_minimal_service:/home/siba/ros2_ws/install/examples_rclpy_minimal_publisher:/home/siba/ros2_ws/install/examples_rclpy_minimal_client:/home/siba/ros2_ws/install/examples_rclpy_minimal_action_server:/home/siba/ros2_ws/install/examples_rclpy_minimal_action_client:/home/siba/ros2_ws/install/examples_rclpy_executors:/home/siba/ros2_ws/install/dc_motor_controller:/opt/ros/foxy /usr/bin/cmake --install /home/siba/dev_4ws-main2/build/gazebo_simulation
[0.351s] -- Install configuration: ""
[0.352s] -- Up-to-date: /home/siba/dev_4ws-main2/install/gazebo_simulation/share/gazebo_simulation//launch
[0.354s] -- Up-to-date: /home/siba/dev_4ws-main2/install/gazebo_simulation/share/gazebo_simulation//launch/robot_sim.launch.py
[0.356s] -- Up-to-date: /home/siba/dev_4ws-main2/install/gazebo_simulation/share/gazebo_simulation//launch/robot_state_publisher.launch.py
[0.357s] -- Up-to-date: /home/siba/dev_4ws-main2/install/gazebo_simulation/share/gazebo_simulation//models
[0.358s] -- Up-to-date: /home/siba/dev_4ws-main2/install/gazebo_simulation/share/gazebo_simulation//models/rs_robot
[0.359s] -- Up-to-date: /home/siba/dev_4ws-main2/install/gazebo_simulation/share/gazebo_simulation//models/rs_robot/rs_robot.sdf
[0.364s] -- Up-to-date: /home/siba/dev_4ws-main2/install/gazebo_simulation/share/gazebo_simulation//models/rs_robot/meshes
[0.364s] -- Up-to-date: /home/siba/dev_4ws-main2/install/gazebo_simulation/share/gazebo_simulation//models/rs_robot/meshes/STL
[0.365s] -- Up-to-date: /home/siba/dev_4ws-main2/install/gazebo_simulation/share/gazebo_simulation//models/rs_robot/meshes/STL/lidar_base
[0.365s] -- Up-to-date: /home/siba/dev_4ws-main2/install/gazebo_simulation/share/gazebo_simulation//models/rs_robot/meshes/STL/lidar_base/YDlidar_base.stl
[0.366s] -- Up-to-date: /home/siba/dev_4ws-main2/install/gazebo_simulation/share/gazebo_simulation//models/rs_robot/meshes/STL/base
[0.366s] -- Up-to-date: /home/siba/dev_4ws-main2/install/gazebo_simulation/share/gazebo_simulation//models/rs_robot/meshes/STL/base/base_link_old.stl
[0.366s] -- Up-to-date: /home/siba/dev_4ws-main2/install/gazebo_simulation/share/gazebo_simulation//models/rs_robot/meshes/STL/base/base_link.stl
[0.367s] -- Up-to-date: /home/siba/dev_4ws-main2/install/gazebo_simulation/share/gazebo_simulation//models/rs_robot/meshes/STL/sensors
[0.367s] -- Up-to-date: /home/siba/dev_4ws-main2/install/gazebo_simulation/share/gazebo_simulation//models/rs_robot/meshes/STL/sensors/front_lrf
[0.372s] -- Up-to-date: /home/siba/dev_4ws-main2/install/gazebo_simulation/share/gazebo_simulation//models/rs_robot/meshes/STL/sensors/front_lrf/front_lrf.stl
[0.372s] -- Up-to-date: /home/siba/dev_4ws-main2/install/gazebo_simulation/share/gazebo_simulation//models/rs_robot/meshes/STL/sensors/gps
[0.372s] -- Up-to-date: /home/siba/dev_4ws-main2/install/gazebo_simulation/share/gazebo_simulation//models/rs_robot/meshes/STL/sensors/gps/gps.stl
[0.373s] -- Up-to-date: /home/siba/dev_4ws-main2/install/gazebo_simulation/share/gazebo_simulation//models/rs_robot/meshes/STL/sensors/rear_lrf
[0.373s] -- Up-to-date: /home/siba/dev_4ws-main2/install/gazebo_simulation/share/gazebo_simulation//models/rs_robot/meshes/STL/sensors/rear_lrf/rear_lrf.stl
[0.373s] -- Up-to-date: /home/siba/dev_4ws-main2/install/gazebo_simulation/share/gazebo_simulation//models/rs_robot/meshes/STL/sensors/gim30
[0.379s] -- Up-to-date: /home/siba/dev_4ws-main2/install/gazebo_simulation/share/gazebo_simulation//models/rs_robot/meshes/STL/sensors/gim30/gim30.stl
[0.380s] -- Up-to-date: /home/siba/dev_4ws-main2/install/gazebo_simulation/share/gazebo_simulation//models/rs_robot/meshes/STL/wheel
[0.380s] -- Up-to-date: /home/siba/dev_4ws-main2/install/gazebo_simulation/share/gazebo_simulation//models/rs_robot/meshes/STL/wheel/robot_wheel.stl
[0.380s] -- Up-to-date: /home/siba/dev_4ws-main2/install/gazebo_simulation/share/gazebo_simulation//models/rs_robot/meshes/STL/suspension
[0.381s] -- Up-to-date: /home/siba/dev_4ws-main2/install/gazebo_simulation/share/gazebo_simulation//models/rs_robot/meshes/STL/suspension/sus_link.stl
[0.381s] -- Up-to-date: /home/siba/dev_4ws-main2/install/gazebo_simulation/share/gazebo_simulation//models/rs_robot/meshes/STL/suspension/FRONT_RIGHT_LINKSTL.stl
[0.381s] -- Up-to-date: /home/siba/dev_4ws-main2/install/gazebo_simulation/share/gazebo_simulation//models/rs_robot/meshes/STL/suspension/REAR_RIGHT_LINKSTL.stl
[0.382s] -- Up-to-date: /home/siba/dev_4ws-main2/install/gazebo_simulation/share/gazebo_simulation//models/rs_robot/meshes/STL/suspension/REAR_LEFT_LINKSTL.stl
[0.382s] -- Up-to-date: /home/siba/dev_4ws-main2/install/gazebo_simulation/share/gazebo_simulation//models/rs_robot/meshes/STL/suspension/FRONT_LEFT_LINKSTL.stl
[0.382s] -- Up-to-date: /home/siba/dev_4ws-main2/install/gazebo_simulation/share/gazebo_simulation//models/rs_robot/meshes/STL/lidar_head
[0.382s] -- Up-to-date: /home/siba/dev_4ws-main2/install/gazebo_simulation/share/gazebo_simulation//models/rs_robot/meshes/STL/lidar_head/YDlidar_head v4.stl
[0.383s] -- Up-to-date: /home/siba/dev_4ws-main2/install/gazebo_simulation/share/gazebo_simulation//models/rs_robot/meshes/DAE
[0.383s] -- Up-to-date: /home/siba/dev_4ws-main2/install/gazebo_simulation/share/gazebo_simulation//models/rs_robot/meshes/DAE/lidar_base
[0.383s] -- Up-to-date: /home/siba/dev_4ws-main2/install/gazebo_simulation/share/gazebo_simulation//models/rs_robot/meshes/DAE/lidar_base/YDlidar_base.dae
[0.384s] -- Up-to-date: /home/siba/dev_4ws-main2/install/gazebo_simulation/share/gazebo_simulation//models/rs_robot/meshes/DAE/base
[0.384s] -- Up-to-date: /home/siba/dev_4ws-main2/install/gazebo_simulation/share/gazebo_simulation//models/rs_robot/meshes/DAE/base/base_linkOLD.dae
[0.384s] -- Up-to-date: /home/siba/dev_4ws-main2/install/gazebo_simulation/share/gazebo_simulation//models/rs_robot/meshes/DAE/base/base_link.dae
[0.385s] -- Up-to-date: /home/siba/dev_4ws-main2/install/gazebo_simulation/share/gazebo_simulation//models/rs_robot/meshes/DAE/sensors
[0.385s] -- Up-to-date: /home/siba/dev_4ws-main2/install/gazebo_simulation/share/gazebo_simulation//models/rs_robot/meshes/DAE/sensors/camera
[0.391s] -- Up-to-date: /home/siba/dev_4ws-main2/install/gazebo_simulation/share/gazebo_simulation//models/rs_robot/meshes/DAE/sensors/camera/camera.dae
[0.392s] -- Up-to-date: /home/siba/dev_4ws-main2/install/gazebo_simulation/share/gazebo_simulation//models/rs_robot/meshes/DAE/sensors/front_lrf
[0.392s] -- Up-to-date: /home/siba/dev_4ws-main2/install/gazebo_simulation/share/gazebo_simulation//models/rs_robot/meshes/DAE/sensors/front_lrf/lrf_texture.png
[0.392s] -- Up-to-date: /home/siba/dev_4ws-main2/install/gazebo_simulation/share/gazebo_simulation//models/rs_robot/meshes/DAE/sensors/front_lrf/front_lrf.dae
[0.393s] -- Up-to-date: /home/siba/dev_4ws-main2/install/gazebo_simulation/share/gazebo_simulation//models/rs_robot/meshes/DAE/sensors/gps
[0.393s] -- Up-to-date: /home/siba/dev_4ws-main2/install/gazebo_simulation/share/gazebo_simulation//models/rs_robot/meshes/DAE/sensors/gps/gps.dae
[0.393s] -- Up-to-date: /home/siba/dev_4ws-main2/install/gazebo_simulation/share/gazebo_simulation//models/rs_robot/meshes/DAE/sensors/gps/gps_texture.png
[0.394s] -- Up-to-date: /home/siba/dev_4ws-main2/install/gazebo_simulation/share/gazebo_simulation//models/rs_robot/meshes/DAE/sensors/rear_lrf
[0.394s] -- Up-to-date: /home/siba/dev_4ws-main2/install/gazebo_simulation/share/gazebo_simulation//models/rs_robot/meshes/DAE/sensors/rear_lrf/urg_texture.png
[0.394s] -- Up-to-date: /home/siba/dev_4ws-main2/install/gazebo_simulation/share/gazebo_simulation//models/rs_robot/meshes/DAE/sensors/rear_lrf/rear_lrf.dae
[0.395s] -- Up-to-date: /home/siba/dev_4ws-main2/install/gazebo_simulation/share/gazebo_simulation//models/rs_robot/meshes/DAE/sensors/gim30
[0.395s] -- Up-to-date: /home/siba/dev_4ws-main2/install/gazebo_simulation/share/gazebo_simulation//models/rs_robot/meshes/DAE/sensors/gim30/gim30.dae
[0.395s] -- Up-to-date: /home/siba/dev_4ws-main2/install/gazebo_simulation/share/gazebo_simulation//models/rs_robot/meshes/DAE/sensors/gim30/gim30_lrf_texture.png
[0.395s] -- Up-to-date: /home/siba/dev_4ws-main2/install/gazebo_simulation/share/gazebo_simulation//models/rs_robot/meshes/DAE/wheel
[0.396s] -- Up-to-date: /home/siba/dev_4ws-main2/install/gazebo_simulation/share/gazebo_simulation//models/rs_robot/meshes/DAE/wheel/wheel_link.dae
[0.396s] -- Up-to-date: /home/siba/dev_4ws-main2/install/gazebo_simulation/share/gazebo_simulation//models/rs_robot/meshes/DAE/suspension
[0.396s] -- Up-to-date: /home/siba/dev_4ws-main2/install/gazebo_simulation/share/gazebo_simulation//models/rs_robot/meshes/DAE/suspension/rear_right_link.dae
[0.397s] -- Up-to-date: /home/siba/dev_4ws-main2/install/gazebo_simulation/share/gazebo_simulation//models/rs_robot/meshes/DAE/suspension/front_right_link.dae
[0.397s] -- Up-to-date: /home/siba/dev_4ws-main2/install/gazebo_simulation/share/gazebo_simulation//models/rs_robot/meshes/DAE/suspension/front_left_link.dae
[0.397s] -- Up-to-date: /home/siba/dev_4ws-main2/install/gazebo_simulation/share/gazebo_simulation//models/rs_robot/meshes/DAE/suspension/rear_left_link.dae
[0.398s] -- Up-to-date: /home/siba/dev_4ws-main2/install/gazebo_simulation/share/gazebo_simulation//models/rs_robot/meshes/DAE/lidar_head
[0.399s] -- Up-to-date: /home/siba/dev_4ws-main2/install/gazebo_simulation/share/gazebo_simulation//models/rs_robot/meshes/DAE/lidar_head/YDlidar_head.dae
[0.400s] -- Up-to-date: /home/siba/dev_4ws-main2/install/gazebo_simulation/share/gazebo_simulation//models/rs_robot/config
[0.403s] -- Up-to-date: /home/siba/dev_4ws-main2/install/gazebo_simulation/share/gazebo_simulation//models/rs_robot/config/controllers.yaml
[0.404s] -- Up-to-date: /home/siba/dev_4ws-main2/install/gazebo_simulation/share/gazebo_simulation//models/rs_robot/model.config
[0.404s] -- Up-to-date: /home/siba/dev_4ws-main2/install/gazebo_simulation/share/gazebo_simulation//worlds
[0.404s] -- Up-to-date: /home/siba/dev_4ws-main2/install/gazebo_simulation/share/gazebo_simulation//worlds/4ws_world.model
[0.405s] -- Up-to-date: /home/siba/dev_4ws-main2/install/gazebo_simulation/share/gazebo_simulation//urdf
[0.405s] -- Up-to-date: /home/siba/dev_4ws-main2/install/gazebo_simulation/share/gazebo_simulation//urdf/rs_robot.gv
[0.405s] -- Up-to-date: /home/siba/dev_4ws-main2/install/gazebo_simulation/share/gazebo_simulation//urdf/rs_robot.urdf
[0.406s] -- Up-to-date: /home/siba/dev_4ws-main2/install/gazebo_simulation/share/gazebo_simulation//urdf/rs_robot.pdf
[0.406s] -- Up-to-date: /home/siba/dev_4ws-main2/install/gazebo_simulation/lib/gazebo_simulation/robot_sim.launch.py
[0.406s] -- Up-to-date: /home/siba/dev_4ws-main2/install/gazebo_simulation/lib/gazebo_simulation/robot_state_publisher.launch.py
[0.406s] -- Up-to-date: /home/siba/dev_4ws-main2/install/gazebo_simulation/share/ament_index/resource_index/package_run_dependencies/gazebo_simulation
[0.415s] -- Up-to-date: /home/siba/dev_4ws-main2/install/gazebo_simulation/share/ament_index/resource_index/parent_prefix_path/gazebo_simulation
[0.415s] -- Up-to-date: /home/siba/dev_4ws-main2/install/gazebo_simulation/share/gazebo_simulation/environment/ament_prefix_path.sh
[0.416s] -- Up-to-date: /home/siba/dev_4ws-main2/install/gazebo_simulation/share/gazebo_simulation/environment/ament_prefix_path.dsv
[0.428s] -- Up-to-date: /home/siba/dev_4ws-main2/install/gazebo_simulation/share/gazebo_simulation/environment/path.sh
[0.428s] -- Up-to-date: /home/siba/dev_4ws-main2/install/gazebo_simulation/share/gazebo_simulation/environment/path.dsv
[0.429s] -- Up-to-date: /home/siba/dev_4ws-main2/install/gazebo_simulation/share/gazebo_simulation/local_setup.bash
[0.429s] -- Up-to-date: /home/siba/dev_4ws-main2/install/gazebo_simulation/share/gazebo_simulation/local_setup.sh
[0.429s] -- Up-to-date: /home/siba/dev_4ws-main2/install/gazebo_simulation/share/gazebo_simulation/local_setup.zsh
[0.429s] -- Up-to-date: /home/siba/dev_4ws-main2/install/gazebo_simulation/share/gazebo_simulation/local_setup.dsv
[0.429s] -- Installing: /home/siba/dev_4ws-main2/install/gazebo_simulation/share/gazebo_simulation/package.dsv
[0.429s] -- Up-to-date: /home/siba/dev_4ws-main2/install/gazebo_simulation/share/ament_index/resource_index/packages/gazebo_simulation
[0.429s] -- Up-to-date: /home/siba/dev_4ws-main2/install/gazebo_simulation/share/gazebo_simulation/cmake/ament_cmake_export_include_directories-extras.cmake
[0.430s] -- Up-to-date: /home/siba/dev_4ws-main2/install/gazebo_simulation/share/gazebo_simulation/cmake/ament_cmake_export_dependencies-extras.cmake
[0.430s] -- Up-to-date: /home/siba/dev_4ws-main2/install/gazebo_simulation/share/gazebo_simulation/cmake/gazebo_simulationConfig.cmake
[0.430s] -- Up-to-date: /home/siba/dev_4ws-main2/install/gazebo_simulation/share/gazebo_simulation/cmake/gazebo_simulationConfig-version.cmake
[0.430s] -- Up-to-date: /home/siba/dev_4ws-main2/install/gazebo_simulation/share/gazebo_simulation/package.xml
[0.430s] Invoked command in '/home/siba/dev_4ws-main2/build/gazebo_simulation' returned '0': CMAKE_PREFIX_PATH=${CMAKE_PREFIX_PATH}:/home/siba/dev_4ws-main2/install/bldc_can:/home/siba/dev_4ws-main2/install/path_demo:/home/siba/dev_4ws-main2/install/imu_controller:/home/siba/dev_4ws-main2/install/dc_motor:/home/siba/dev_4ws-main2/install/GAZEBO_description:/home/siba/ros2_ws/install/examples_rclpy_minimal_subscriber:/home/siba/ros2_ws/install/examples_rclpy_minimal_service:/home/siba/ros2_ws/install/examples_rclpy_minimal_publisher:/home/siba/ros2_ws/install/examples_rclpy_minimal_client:/home/siba/ros2_ws/install/examples_rclpy_minimal_action_server:/home/siba/ros2_ws/install/examples_rclpy_minimal_action_client:/home/siba/ros2_ws/install/examples_rclpy_executors:/home/siba/ros2_ws/install/dc_motor_controller:/opt/ros/foxy /usr/bin/cmake --install /home/siba/dev_4ws-main2/build/gazebo_simulation
