running egg_info
writing ../../build/dc_motor/dc_motor.egg-info/PKG-INFO
writing dependency_links to ../../build/dc_motor/dc_motor.egg-info/dependency_links.txt
writing entry points to ../../build/dc_motor/dc_motor.egg-info/entry_points.txt
writing requirements to ../../build/dc_motor/dc_motor.egg-info/requires.txt
writing top-level names to ../../build/dc_motor/dc_motor.egg-info/top_level.txt
reading manifest file '../../build/dc_motor/dc_motor.egg-info/SOURCES.txt'
writing manifest file '../../build/dc_motor/dc_motor.egg-info/SOURCES.txt'
running build
running build_py
copying dc_motor/dc_motor_node_v1.py -> /home/siba/dev_4ws-main2/build/dc_motor/build/lib/dc_motor
copying dc_motor/__init__.py -> /home/siba/dev_4ws-main2/build/dc_motor/build/lib/dc_motor
running install
running install_lib
copying /home/siba/dev_4ws-main2/build/dc_motor/build/lib/dc_motor/dc_motor_node_v1.py -> /home/siba/dev_4ws-main2/install/dc_motor/lib/python3.8/site-packages/dc_motor
copying /home/siba/dev_4ws-main2/build/dc_motor/build/lib/dc_motor/__init__.py -> /home/siba/dev_4ws-main2/install/dc_motor/lib/python3.8/site-packages/dc_motor
byte-compiling /home/siba/dev_4ws-main2/install/dc_motor/lib/python3.8/site-packages/dc_motor/dc_motor_node_v1.py to dc_motor_node_v1.cpython-38.pyc
byte-compiling /home/siba/dev_4ws-main2/install/dc_motor/lib/python3.8/site-packages/dc_motor/__init__.py to __init__.cpython-38.pyc
running install_data
running install_egg_info
removing '/home/siba/dev_4ws-main2/install/dc_motor/lib/python3.8/site-packages/dc_motor-0.0.0-py3.8.egg-info' (and everything under it)
Copying ../../build/dc_motor/dc_motor.egg-info to /home/siba/dev_4ws-main2/install/dc_motor/lib/python3.8/site-packages/dc_motor-0.0.0-py3.8.egg-info
running install_scripts
Installing dc_motor_node_v1 script to /home/siba/dev_4ws-main2/install/dc_motor/lib/dc_motor
writing list of installed files to '/home/siba/dev_4ws-main2/build/dc_motor/install.log'
