[1.025s] DEBUG:colcon:Command line arguments: ['/usr/bin/colcon', 'build']
[1.025s] DEBUG:colcon:Parsed command line arguments: Namespace(allow_overriding=[], ament_cmake_args=None, base_paths=['.'], build_base='build', catkin_cmake_args=None, catkin_skip_building_tests=False, cmake_args=None, cmake_clean_cache=False, cmake_clean_first=False, cmake_force_configure=False, cmake_target=None, cmake_target_skip_unavailable=False, continue_on_error=False, event_handlers=None, executor='parallel', ignore_user_meta=False, install_base='install', log_base=None, log_level=None, main=<bound method BuildVerb.main of <colcon_core.verb.build.BuildVerb object at 0x7f6e2c42a820>>, merge_install=False, metas=['./colcon.meta'], packages_above=None, packages_above_and_dependencies=None, packages_above_depth=None, packages_end=None, packages_ignore=None, packages_ignore_regex=None, packages_select=None, packages_select_build_failed=False, packages_select_by_dep=None, packages_select_regex=None, packages_select_test_failures=False, packages_skip=None, packages_skip_build_finished=False, packages_skip_by_dep=None, packages_skip_regex=None, packages_skip_test_passed=False, packages_skip_up_to=None, packages_start=None, packages_up_to=None, packages_up_to_regex=None, parallel_workers=4, paths=None, symlink_install=False, test_result_base=None, verb_extension=<colcon_core.verb.build.BuildVerb object at 0x7f6e2c42a820>, verb_name='build', verb_parser=<colcon_defaults.argument_parser.defaults.DefaultArgumentsDecorator object at 0x7f6e2c42ad90>)
[1.232s] Level 1:colcon.colcon_core.package_discovery:discover_packages(colcon_meta) check parameters
[1.232s] Level 1:colcon.colcon_core.package_discovery:discover_packages(recursive) check parameters
[1.233s] Level 1:colcon.colcon_core.package_discovery:discover_packages(ignore) check parameters
[1.233s] Level 1:colcon.colcon_core.package_discovery:discover_packages(path) check parameters
[1.233s] Level 1:colcon.colcon_core.package_discovery:discover_packages(colcon_meta) discover
[1.233s] Level 1:colcon.colcon_core.package_discovery:discover_packages(recursive) discover
[1.233s] INFO:colcon.colcon_core.package_discovery:Crawling recursively for packages in '/home/siba/dev_4ws-main2'
[1.233s] Level 1:colcon.colcon_core.package_identification:_identify(.) by extensions ['ignore', 'ignore_ament_install']
[1.233s] Level 1:colcon.colcon_core.package_identification:_identify(.) by extension 'ignore'
[1.233s] Level 1:colcon.colcon_core.package_identification:_identify(.) by extension 'ignore_ament_install'
[1.233s] Level 1:colcon.colcon_core.package_identification:_identify(.) by extensions ['colcon_pkg']
[1.233s] Level 1:colcon.colcon_core.package_identification:_identify(.) by extension 'colcon_pkg'
[1.233s] Level 1:colcon.colcon_core.package_identification:_identify(.) by extensions ['colcon_meta']
[1.234s] Level 1:colcon.colcon_core.package_identification:_identify(.) by extension 'colcon_meta'
[1.234s] Level 1:colcon.colcon_core.package_identification:_identify(.) by extensions ['ros']
[1.234s] Level 1:colcon.colcon_core.package_identification:_identify(.) by extension 'ros'
[1.246s] Level 1:colcon.colcon_core.package_identification:_identify(.) by extensions ['cmake', 'python']
[1.247s] Level 1:colcon.colcon_core.package_identification:_identify(.) by extension 'cmake'
[1.247s] Level 1:colcon.colcon_core.package_identification:_identify(.) by extension 'python'
[1.247s] Level 1:colcon.colcon_core.package_identification:_identify(.) by extensions ['python_setup_py']
[1.247s] Level 1:colcon.colcon_core.package_identification:_identify(.) by extension 'python_setup_py'
[1.247s] Level 1:colcon.colcon_core.package_identification:_identify(GAZEBO_description) by extensions ['ignore', 'ignore_ament_install']
[1.247s] Level 1:colcon.colcon_core.package_identification:_identify(GAZEBO_description) by extension 'ignore'
[1.247s] Level 1:colcon.colcon_core.package_identification:_identify(GAZEBO_description) by extension 'ignore_ament_install'
[1.247s] Level 1:colcon.colcon_core.package_identification:_identify(GAZEBO_description) by extensions ['colcon_pkg']
[1.248s] Level 1:colcon.colcon_core.package_identification:_identify(GAZEBO_description) by extension 'colcon_pkg'
[1.248s] Level 1:colcon.colcon_core.package_identification:_identify(GAZEBO_description) by extensions ['colcon_meta']
[1.248s] Level 1:colcon.colcon_core.package_identification:_identify(GAZEBO_description) by extension 'colcon_meta'
[1.248s] Level 1:colcon.colcon_core.package_identification:_identify(GAZEBO_description) by extensions ['ros']
[1.248s] Level 1:colcon.colcon_core.package_identification:_identify(GAZEBO_description) by extension 'ros'
[1.252s] DEBUG:colcon.colcon_core.package_identification:Package 'GAZEBO_description' with type 'ros.ament_python' and name 'GAZEBO_description'
[1.252s] Level 1:colcon.colcon_core.package_identification:_identify(build) by extensions ['ignore', 'ignore_ament_install']
[1.253s] Level 1:colcon.colcon_core.package_identification:_identify(build) by extension 'ignore'
[1.253s] Level 1:colcon.colcon_core.package_identification:_identify(build) ignored
[1.253s] Level 1:colcon.colcon_core.package_identification:_identify(install) by extensions ['ignore', 'ignore_ament_install']
[1.253s] Level 1:colcon.colcon_core.package_identification:_identify(install) by extension 'ignore'
[1.253s] Level 1:colcon.colcon_core.package_identification:_identify(install) ignored
[1.253s] Level 1:colcon.colcon_core.package_identification:_identify(log) by extensions ['ignore', 'ignore_ament_install']
[1.253s] Level 1:colcon.colcon_core.package_identification:_identify(log) by extension 'ignore'
[1.254s] Level 1:colcon.colcon_core.package_identification:_identify(log) ignored
[1.254s] Level 1:colcon.colcon_core.package_identification:_identify(rosbag2_2024_11_19-06_49_32) by extensions ['ignore', 'ignore_ament_install']
[1.254s] Level 1:colcon.colcon_core.package_identification:_identify(rosbag2_2024_11_19-06_49_32) by extension 'ignore'
[1.254s] Level 1:colcon.colcon_core.package_identification:_identify(rosbag2_2024_11_19-06_49_32) by extension 'ignore_ament_install'
[1.254s] Level 1:colcon.colcon_core.package_identification:_identify(rosbag2_2024_11_19-06_49_32) by extensions ['colcon_pkg']
[1.254s] Level 1:colcon.colcon_core.package_identification:_identify(rosbag2_2024_11_19-06_49_32) by extension 'colcon_pkg'
[1.254s] Level 1:colcon.colcon_core.package_identification:_identify(rosbag2_2024_11_19-06_49_32) by extensions ['colcon_meta']
[1.254s] Level 1:colcon.colcon_core.package_identification:_identify(rosbag2_2024_11_19-06_49_32) by extension 'colcon_meta'
[1.254s] Level 1:colcon.colcon_core.package_identification:_identify(rosbag2_2024_11_19-06_49_32) by extensions ['ros']
[1.254s] Level 1:colcon.colcon_core.package_identification:_identify(rosbag2_2024_11_19-06_49_32) by extension 'ros'
[1.254s] Level 1:colcon.colcon_core.package_identification:_identify(rosbag2_2024_11_19-06_49_32) by extensions ['cmake', 'python']
[1.254s] Level 1:colcon.colcon_core.package_identification:_identify(rosbag2_2024_11_19-06_49_32) by extension 'cmake'
[1.255s] Level 1:colcon.colcon_core.package_identification:_identify(rosbag2_2024_11_19-06_49_32) by extension 'python'
[1.255s] Level 1:colcon.colcon_core.package_identification:_identify(rosbag2_2024_11_19-06_49_32) by extensions ['python_setup_py']
[1.255s] Level 1:colcon.colcon_core.package_identification:_identify(rosbag2_2024_11_19-06_49_32) by extension 'python_setup_py'
[1.255s] Level 1:colcon.colcon_core.package_identification:_identify(rosbag2_2024_11_19-08_52_41) by extensions ['ignore', 'ignore_ament_install']
[1.255s] Level 1:colcon.colcon_core.package_identification:_identify(rosbag2_2024_11_19-08_52_41) by extension 'ignore'
[1.255s] Level 1:colcon.colcon_core.package_identification:_identify(rosbag2_2024_11_19-08_52_41) by extension 'ignore_ament_install'
[1.255s] Level 1:colcon.colcon_core.package_identification:_identify(rosbag2_2024_11_19-08_52_41) by extensions ['colcon_pkg']
[1.255s] Level 1:colcon.colcon_core.package_identification:_identify(rosbag2_2024_11_19-08_52_41) by extension 'colcon_pkg'
[1.255s] Level 1:colcon.colcon_core.package_identification:_identify(rosbag2_2024_11_19-08_52_41) by extensions ['colcon_meta']
[1.255s] Level 1:colcon.colcon_core.package_identification:_identify(rosbag2_2024_11_19-08_52_41) by extension 'colcon_meta'
[1.256s] Level 1:colcon.colcon_core.package_identification:_identify(rosbag2_2024_11_19-08_52_41) by extensions ['ros']
[1.256s] Level 1:colcon.colcon_core.package_identification:_identify(rosbag2_2024_11_19-08_52_41) by extension 'ros'
[1.256s] Level 1:colcon.colcon_core.package_identification:_identify(rosbag2_2024_11_19-08_52_41) by extensions ['cmake', 'python']
[1.256s] Level 1:colcon.colcon_core.package_identification:_identify(rosbag2_2024_11_19-08_52_41) by extension 'cmake'
[1.256s] Level 1:colcon.colcon_core.package_identification:_identify(rosbag2_2024_11_19-08_52_41) by extension 'python'
[1.256s] Level 1:colcon.colcon_core.package_identification:_identify(rosbag2_2024_11_19-08_52_41) by extensions ['python_setup_py']
[1.256s] Level 1:colcon.colcon_core.package_identification:_identify(rosbag2_2024_11_19-08_52_41) by extension 'python_setup_py'
[1.256s] Level 1:colcon.colcon_core.package_identification:_identify(rosbag2_2024_11_19-10_28_54) by extensions ['ignore', 'ignore_ament_install']
[1.256s] Level 1:colcon.colcon_core.package_identification:_identify(rosbag2_2024_11_19-10_28_54) by extension 'ignore'
[1.256s] Level 1:colcon.colcon_core.package_identification:_identify(rosbag2_2024_11_19-10_28_54) by extension 'ignore_ament_install'
[1.256s] Level 1:colcon.colcon_core.package_identification:_identify(rosbag2_2024_11_19-10_28_54) by extensions ['colcon_pkg']
[1.257s] Level 1:colcon.colcon_core.package_identification:_identify(rosbag2_2024_11_19-10_28_54) by extension 'colcon_pkg'
[1.257s] Level 1:colcon.colcon_core.package_identification:_identify(rosbag2_2024_11_19-10_28_54) by extensions ['colcon_meta']
[1.257s] Level 1:colcon.colcon_core.package_identification:_identify(rosbag2_2024_11_19-10_28_54) by extension 'colcon_meta'
[1.257s] Level 1:colcon.colcon_core.package_identification:_identify(rosbag2_2024_11_19-10_28_54) by extensions ['ros']
[1.257s] Level 1:colcon.colcon_core.package_identification:_identify(rosbag2_2024_11_19-10_28_54) by extension 'ros'
[1.257s] Level 1:colcon.colcon_core.package_identification:_identify(rosbag2_2024_11_19-10_28_54) by extensions ['cmake', 'python']
[1.257s] Level 1:colcon.colcon_core.package_identification:_identify(rosbag2_2024_11_19-10_28_54) by extension 'cmake'
[1.257s] Level 1:colcon.colcon_core.package_identification:_identify(rosbag2_2024_11_19-10_28_54) by extension 'python'
[1.257s] Level 1:colcon.colcon_core.package_identification:_identify(rosbag2_2024_11_19-10_28_54) by extensions ['python_setup_py']
[1.257s] Level 1:colcon.colcon_core.package_identification:_identify(rosbag2_2024_11_19-10_28_54) by extension 'python_setup_py'
[1.257s] Level 1:colcon.colcon_core.package_identification:_identify(rosbag2_2024_11_19-16_10_47) by extensions ['ignore', 'ignore_ament_install']
[1.258s] Level 1:colcon.colcon_core.package_identification:_identify(rosbag2_2024_11_19-16_10_47) by extension 'ignore'
[1.258s] Level 1:colcon.colcon_core.package_identification:_identify(rosbag2_2024_11_19-16_10_47) by extension 'ignore_ament_install'
[1.258s] Level 1:colcon.colcon_core.package_identification:_identify(rosbag2_2024_11_19-16_10_47) by extensions ['colcon_pkg']
[1.258s] Level 1:colcon.colcon_core.package_identification:_identify(rosbag2_2024_11_19-16_10_47) by extension 'colcon_pkg'
[1.258s] Level 1:colcon.colcon_core.package_identification:_identify(rosbag2_2024_11_19-16_10_47) by extensions ['colcon_meta']
[1.258s] Level 1:colcon.colcon_core.package_identification:_identify(rosbag2_2024_11_19-16_10_47) by extension 'colcon_meta'
[1.258s] Level 1:colcon.colcon_core.package_identification:_identify(rosbag2_2024_11_19-16_10_47) by extensions ['ros']
[1.258s] Level 1:colcon.colcon_core.package_identification:_identify(rosbag2_2024_11_19-16_10_47) by extension 'ros'
[1.258s] Level 1:colcon.colcon_core.package_identification:_identify(rosbag2_2024_11_19-16_10_47) by extensions ['cmake', 'python']
[1.258s] Level 1:colcon.colcon_core.package_identification:_identify(rosbag2_2024_11_19-16_10_47) by extension 'cmake'
[1.258s] Level 1:colcon.colcon_core.package_identification:_identify(rosbag2_2024_11_19-16_10_47) by extension 'python'
[1.258s] Level 1:colcon.colcon_core.package_identification:_identify(rosbag2_2024_11_19-16_10_47) by extensions ['python_setup_py']
[1.258s] Level 1:colcon.colcon_core.package_identification:_identify(rosbag2_2024_11_19-16_10_47) by extension 'python_setup_py'
[1.259s] Level 1:colcon.colcon_core.package_identification:_identify(rosbag2_2024_11_19-16_11_00) by extensions ['ignore', 'ignore_ament_install']
[1.259s] Level 1:colcon.colcon_core.package_identification:_identify(rosbag2_2024_11_19-16_11_00) by extension 'ignore'
[1.259s] Level 1:colcon.colcon_core.package_identification:_identify(rosbag2_2024_11_19-16_11_00) by extension 'ignore_ament_install'
[1.259s] Level 1:colcon.colcon_core.package_identification:_identify(rosbag2_2024_11_19-16_11_00) by extensions ['colcon_pkg']
[1.259s] Level 1:colcon.colcon_core.package_identification:_identify(rosbag2_2024_11_19-16_11_00) by extension 'colcon_pkg'
[1.259s] Level 1:colcon.colcon_core.package_identification:_identify(rosbag2_2024_11_19-16_11_00) by extensions ['colcon_meta']
[1.259s] Level 1:colcon.colcon_core.package_identification:_identify(rosbag2_2024_11_19-16_11_00) by extension 'colcon_meta'
[1.259s] Level 1:colcon.colcon_core.package_identification:_identify(rosbag2_2024_11_19-16_11_00) by extensions ['ros']
[1.259s] Level 1:colcon.colcon_core.package_identification:_identify(rosbag2_2024_11_19-16_11_00) by extension 'ros'
[1.259s] Level 1:colcon.colcon_core.package_identification:_identify(rosbag2_2024_11_19-16_11_00) by extensions ['cmake', 'python']
[1.260s] Level 1:colcon.colcon_core.package_identification:_identify(rosbag2_2024_11_19-16_11_00) by extension 'cmake'
[1.260s] Level 1:colcon.colcon_core.package_identification:_identify(rosbag2_2024_11_19-16_11_00) by extension 'python'
[1.260s] Level 1:colcon.colcon_core.package_identification:_identify(rosbag2_2024_11_19-16_11_00) by extensions ['python_setup_py']
[1.260s] Level 1:colcon.colcon_core.package_identification:_identify(rosbag2_2024_11_19-16_11_00) by extension 'python_setup_py'
[1.260s] Level 1:colcon.colcon_core.package_identification:_identify(rosbag2_2024_11_19-16_17_33) by extensions ['ignore', 'ignore_ament_install']
[1.260s] Level 1:colcon.colcon_core.package_identification:_identify(rosbag2_2024_11_19-16_17_33) by extension 'ignore'
[1.260s] Level 1:colcon.colcon_core.package_identification:_identify(rosbag2_2024_11_19-16_17_33) by extension 'ignore_ament_install'
[1.260s] Level 1:colcon.colcon_core.package_identification:_identify(rosbag2_2024_11_19-16_17_33) by extensions ['colcon_pkg']
[1.260s] Level 1:colcon.colcon_core.package_identification:_identify(rosbag2_2024_11_19-16_17_33) by extension 'colcon_pkg'
[1.260s] Level 1:colcon.colcon_core.package_identification:_identify(rosbag2_2024_11_19-16_17_33) by extensions ['colcon_meta']
[1.260s] Level 1:colcon.colcon_core.package_identification:_identify(rosbag2_2024_11_19-16_17_33) by extension 'colcon_meta'
[1.261s] Level 1:colcon.colcon_core.package_identification:_identify(rosbag2_2024_11_19-16_17_33) by extensions ['ros']
[1.261s] Level 1:colcon.colcon_core.package_identification:_identify(rosbag2_2024_11_19-16_17_33) by extension 'ros'
[1.261s] Level 1:colcon.colcon_core.package_identification:_identify(rosbag2_2024_11_19-16_17_33) by extensions ['cmake', 'python']
[1.261s] Level 1:colcon.colcon_core.package_identification:_identify(rosbag2_2024_11_19-16_17_33) by extension 'cmake'
[1.261s] Level 1:colcon.colcon_core.package_identification:_identify(rosbag2_2024_11_19-16_17_33) by extension 'python'
[1.261s] Level 1:colcon.colcon_core.package_identification:_identify(rosbag2_2024_11_19-16_17_33) by extensions ['python_setup_py']
[1.261s] Level 1:colcon.colcon_core.package_identification:_identify(rosbag2_2024_11_19-16_17_33) by extension 'python_setup_py'
[1.261s] Level 1:colcon.colcon_core.package_identification:_identify(rosbag2_2024_11_19-16_18_52) by extensions ['ignore', 'ignore_ament_install']
[1.261s] Level 1:colcon.colcon_core.package_identification:_identify(rosbag2_2024_11_19-16_18_52) by extension 'ignore'
[1.261s] Level 1:colcon.colcon_core.package_identification:_identify(rosbag2_2024_11_19-16_18_52) by extension 'ignore_ament_install'
[1.261s] Level 1:colcon.colcon_core.package_identification:_identify(rosbag2_2024_11_19-16_18_52) by extensions ['colcon_pkg']
[1.262s] Level 1:colcon.colcon_core.package_identification:_identify(rosbag2_2024_11_19-16_18_52) by extension 'colcon_pkg'
[1.262s] Level 1:colcon.colcon_core.package_identification:_identify(rosbag2_2024_11_19-16_18_52) by extensions ['colcon_meta']
[1.262s] Level 1:colcon.colcon_core.package_identification:_identify(rosbag2_2024_11_19-16_18_52) by extension 'colcon_meta'
[1.262s] Level 1:colcon.colcon_core.package_identification:_identify(rosbag2_2024_11_19-16_18_52) by extensions ['ros']
[1.262s] Level 1:colcon.colcon_core.package_identification:_identify(rosbag2_2024_11_19-16_18_52) by extension 'ros'
[1.262s] Level 1:colcon.colcon_core.package_identification:_identify(rosbag2_2024_11_19-16_18_52) by extensions ['cmake', 'python']
[1.262s] Level 1:colcon.colcon_core.package_identification:_identify(rosbag2_2024_11_19-16_18_52) by extension 'cmake'
[1.262s] Level 1:colcon.colcon_core.package_identification:_identify(rosbag2_2024_11_19-16_18_52) by extension 'python'
[1.262s] Level 1:colcon.colcon_core.package_identification:_identify(rosbag2_2024_11_19-16_18_52) by extensions ['python_setup_py']
[1.262s] Level 1:colcon.colcon_core.package_identification:_identify(rosbag2_2024_11_19-16_18_52) by extension 'python_setup_py'
[1.262s] Level 1:colcon.colcon_core.package_identification:_identify(rosbag2_2024_11_19-16_19_28) by extensions ['ignore', 'ignore_ament_install']
[1.263s] Level 1:colcon.colcon_core.package_identification:_identify(rosbag2_2024_11_19-16_19_28) by extension 'ignore'
[1.263s] Level 1:colcon.colcon_core.package_identification:_identify(rosbag2_2024_11_19-16_19_28) by extension 'ignore_ament_install'
[1.263s] Level 1:colcon.colcon_core.package_identification:_identify(rosbag2_2024_11_19-16_19_28) by extensions ['colcon_pkg']
[1.263s] Level 1:colcon.colcon_core.package_identification:_identify(rosbag2_2024_11_19-16_19_28) by extension 'colcon_pkg'
[1.263s] Level 1:colcon.colcon_core.package_identification:_identify(rosbag2_2024_11_19-16_19_28) by extensions ['colcon_meta']
[1.263s] Level 1:colcon.colcon_core.package_identification:_identify(rosbag2_2024_11_19-16_19_28) by extension 'colcon_meta'
[1.263s] Level 1:colcon.colcon_core.package_identification:_identify(rosbag2_2024_11_19-16_19_28) by extensions ['ros']
[1.263s] Level 1:colcon.colcon_core.package_identification:_identify(rosbag2_2024_11_19-16_19_28) by extension 'ros'
[1.263s] Level 1:colcon.colcon_core.package_identification:_identify(rosbag2_2024_11_19-16_19_28) by extensions ['cmake', 'python']
[1.263s] Level 1:colcon.colcon_core.package_identification:_identify(rosbag2_2024_11_19-16_19_28) by extension 'cmake'
[1.263s] Level 1:colcon.colcon_core.package_identification:_identify(rosbag2_2024_11_19-16_19_28) by extension 'python'
[1.263s] Level 1:colcon.colcon_core.package_identification:_identify(rosbag2_2024_11_19-16_19_28) by extensions ['python_setup_py']
[1.264s] Level 1:colcon.colcon_core.package_identification:_identify(rosbag2_2024_11_19-16_19_28) by extension 'python_setup_py'
[1.264s] Level 1:colcon.colcon_core.package_identification:_identify(rosbag2_2024_11_19-16_28_27) by extensions ['ignore', 'ignore_ament_install']
[1.264s] Level 1:colcon.colcon_core.package_identification:_identify(rosbag2_2024_11_19-16_28_27) by extension 'ignore'
[1.264s] Level 1:colcon.colcon_core.package_identification:_identify(rosbag2_2024_11_19-16_28_27) by extension 'ignore_ament_install'
[1.264s] Level 1:colcon.colcon_core.package_identification:_identify(rosbag2_2024_11_19-16_28_27) by extensions ['colcon_pkg']
[1.264s] Level 1:colcon.colcon_core.package_identification:_identify(rosbag2_2024_11_19-16_28_27) by extension 'colcon_pkg'
[1.264s] Level 1:colcon.colcon_core.package_identification:_identify(rosbag2_2024_11_19-16_28_27) by extensions ['colcon_meta']
[1.264s] Level 1:colcon.colcon_core.package_identification:_identify(rosbag2_2024_11_19-16_28_27) by extension 'colcon_meta'
[1.264s] Level 1:colcon.colcon_core.package_identification:_identify(rosbag2_2024_11_19-16_28_27) by extensions ['ros']
[1.264s] Level 1:colcon.colcon_core.package_identification:_identify(rosbag2_2024_11_19-16_28_27) by extension 'ros'
[1.265s] Level 1:colcon.colcon_core.package_identification:_identify(rosbag2_2024_11_19-16_28_27) by extensions ['cmake', 'python']
[1.265s] Level 1:colcon.colcon_core.package_identification:_identify(rosbag2_2024_11_19-16_28_27) by extension 'cmake'
[1.265s] Level 1:colcon.colcon_core.package_identification:_identify(rosbag2_2024_11_19-16_28_27) by extension 'python'
[1.265s] Level 1:colcon.colcon_core.package_identification:_identify(rosbag2_2024_11_19-16_28_27) by extensions ['python_setup_py']
[1.265s] Level 1:colcon.colcon_core.package_identification:_identify(rosbag2_2024_11_19-16_28_27) by extension 'python_setup_py'
[1.265s] Level 1:colcon.colcon_core.package_identification:_identify(rosbag2_2024_11_19-16_29_30) by extensions ['ignore', 'ignore_ament_install']
[1.265s] Level 1:colcon.colcon_core.package_identification:_identify(rosbag2_2024_11_19-16_29_30) by extension 'ignore'
[1.265s] Level 1:colcon.colcon_core.package_identification:_identify(rosbag2_2024_11_19-16_29_30) by extension 'ignore_ament_install'
[1.265s] Level 1:colcon.colcon_core.package_identification:_identify(rosbag2_2024_11_19-16_29_30) by extensions ['colcon_pkg']
[1.265s] Level 1:colcon.colcon_core.package_identification:_identify(rosbag2_2024_11_19-16_29_30) by extension 'colcon_pkg'
[1.266s] Level 1:colcon.colcon_core.package_identification:_identify(rosbag2_2024_11_19-16_29_30) by extensions ['colcon_meta']
[1.266s] Level 1:colcon.colcon_core.package_identification:_identify(rosbag2_2024_11_19-16_29_30) by extension 'colcon_meta'
[1.266s] Level 1:colcon.colcon_core.package_identification:_identify(rosbag2_2024_11_19-16_29_30) by extensions ['ros']
[1.266s] Level 1:colcon.colcon_core.package_identification:_identify(rosbag2_2024_11_19-16_29_30) by extension 'ros'
[1.266s] Level 1:colcon.colcon_core.package_identification:_identify(rosbag2_2024_11_19-16_29_30) by extensions ['cmake', 'python']
[1.266s] Level 1:colcon.colcon_core.package_identification:_identify(rosbag2_2024_11_19-16_29_30) by extension 'cmake'
[1.266s] Level 1:colcon.colcon_core.package_identification:_identify(rosbag2_2024_11_19-16_29_30) by extension 'python'
[1.266s] Level 1:colcon.colcon_core.package_identification:_identify(rosbag2_2024_11_19-16_29_30) by extensions ['python_setup_py']
[1.266s] Level 1:colcon.colcon_core.package_identification:_identify(rosbag2_2024_11_19-16_29_30) by extension 'python_setup_py'
[1.266s] Level 1:colcon.colcon_core.package_identification:_identify(src) by extensions ['ignore', 'ignore_ament_install']
[1.267s] Level 1:colcon.colcon_core.package_identification:_identify(src) by extension 'ignore'
[1.267s] Level 1:colcon.colcon_core.package_identification:_identify(src) by extension 'ignore_ament_install'
[1.267s] Level 1:colcon.colcon_core.package_identification:_identify(src) by extensions ['colcon_pkg']
[1.267s] Level 1:colcon.colcon_core.package_identification:_identify(src) by extension 'colcon_pkg'
[1.267s] Level 1:colcon.colcon_core.package_identification:_identify(src) by extensions ['colcon_meta']
[1.267s] Level 1:colcon.colcon_core.package_identification:_identify(src) by extension 'colcon_meta'
[1.267s] Level 1:colcon.colcon_core.package_identification:_identify(src) by extensions ['ros']
[1.267s] Level 1:colcon.colcon_core.package_identification:_identify(src) by extension 'ros'
[1.267s] Level 1:colcon.colcon_core.package_identification:_identify(src) by extensions ['cmake', 'python']
[1.267s] Level 1:colcon.colcon_core.package_identification:_identify(src) by extension 'cmake'
[1.267s] Level 1:colcon.colcon_core.package_identification:_identify(src) by extension 'python'
[1.267s] Level 1:colcon.colcon_core.package_identification:_identify(src) by extensions ['python_setup_py']
[1.267s] Level 1:colcon.colcon_core.package_identification:_identify(src) by extension 'python_setup_py'
[1.268s] Level 1:colcon.colcon_core.package_identification:_identify(src/bldc_can) by extensions ['ignore', 'ignore_ament_install']
[1.268s] Level 1:colcon.colcon_core.package_identification:_identify(src/bldc_can) by extension 'ignore'
[1.268s] Level 1:colcon.colcon_core.package_identification:_identify(src/bldc_can) by extension 'ignore_ament_install'
[1.268s] Level 1:colcon.colcon_core.package_identification:_identify(src/bldc_can) by extensions ['colcon_pkg']
[1.268s] Level 1:colcon.colcon_core.package_identification:_identify(src/bldc_can) by extension 'colcon_pkg'
[1.268s] Level 1:colcon.colcon_core.package_identification:_identify(src/bldc_can) by extensions ['colcon_meta']
[1.268s] Level 1:colcon.colcon_core.package_identification:_identify(src/bldc_can) by extension 'colcon_meta'
[1.268s] Level 1:colcon.colcon_core.package_identification:_identify(src/bldc_can) by extensions ['ros']
[1.268s] Level 1:colcon.colcon_core.package_identification:_identify(src/bldc_can) by extension 'ros'
[1.270s] DEBUG:colcon.colcon_core.package_identification:Package 'src/bldc_can' with type 'ros.catkin' and name 'bldc_can'
[1.270s] Level 1:colcon.colcon_core.package_identification:_identify(src/dc_motor) by extensions ['ignore', 'ignore_ament_install']
[1.270s] Level 1:colcon.colcon_core.package_identification:_identify(src/dc_motor) by extension 'ignore'
[1.270s] Level 1:colcon.colcon_core.package_identification:_identify(src/dc_motor) by extension 'ignore_ament_install'
[1.270s] Level 1:colcon.colcon_core.package_identification:_identify(src/dc_motor) by extensions ['colcon_pkg']
[1.270s] Level 1:colcon.colcon_core.package_identification:_identify(src/dc_motor) by extension 'colcon_pkg'
[1.270s] Level 1:colcon.colcon_core.package_identification:_identify(src/dc_motor) by extensions ['colcon_meta']
[1.270s] Level 1:colcon.colcon_core.package_identification:_identify(src/dc_motor) by extension 'colcon_meta'
[1.271s] Level 1:colcon.colcon_core.package_identification:_identify(src/dc_motor) by extensions ['ros']
[1.271s] Level 1:colcon.colcon_core.package_identification:_identify(src/dc_motor) by extension 'ros'
[1.272s] DEBUG:colcon.colcon_core.package_identification:Package 'src/dc_motor' with type 'ros.ament_python' and name 'dc_motor'
[1.272s] Level 1:colcon.colcon_core.package_identification:_identify(src/four_ws_control) by extensions ['ignore', 'ignore_ament_install']
[1.272s] Level 1:colcon.colcon_core.package_identification:_identify(src/four_ws_control) by extension 'ignore'
[1.273s] Level 1:colcon.colcon_core.package_identification:_identify(src/four_ws_control) by extension 'ignore_ament_install'
[1.273s] Level 1:colcon.colcon_core.package_identification:_identify(src/four_ws_control) by extensions ['colcon_pkg']
[1.273s] Level 1:colcon.colcon_core.package_identification:_identify(src/four_ws_control) by extension 'colcon_pkg'
[1.273s] Level 1:colcon.colcon_core.package_identification:_identify(src/four_ws_control) by extensions ['colcon_meta']
[1.273s] Level 1:colcon.colcon_core.package_identification:_identify(src/four_ws_control) by extension 'colcon_meta'
[1.273s] Level 1:colcon.colcon_core.package_identification:_identify(src/four_ws_control) by extensions ['ros']
[1.273s] Level 1:colcon.colcon_core.package_identification:_identify(src/four_ws_control) by extension 'ros'
[1.274s] DEBUG:colcon.colcon_core.package_identification:Package 'src/four_ws_control' with type 'ros.ament_cmake' and name 'four_ws_control'
[1.274s] Level 1:colcon.colcon_core.package_identification:_identify(src/gazebo_simulation) by extensions ['ignore', 'ignore_ament_install']
[1.274s] Level 1:colcon.colcon_core.package_identification:_identify(src/gazebo_simulation) by extension 'ignore'
[1.274s] Level 1:colcon.colcon_core.package_identification:_identify(src/gazebo_simulation) by extension 'ignore_ament_install'
[1.275s] Level 1:colcon.colcon_core.package_identification:_identify(src/gazebo_simulation) by extensions ['colcon_pkg']
[1.275s] Level 1:colcon.colcon_core.package_identification:_identify(src/gazebo_simulation) by extension 'colcon_pkg'
[1.275s] Level 1:colcon.colcon_core.package_identification:_identify(src/gazebo_simulation) by extensions ['colcon_meta']
[1.275s] Level 1:colcon.colcon_core.package_identification:_identify(src/gazebo_simulation) by extension 'colcon_meta'
[1.275s] Level 1:colcon.colcon_core.package_identification:_identify(src/gazebo_simulation) by extensions ['ros']
[1.275s] Level 1:colcon.colcon_core.package_identification:_identify(src/gazebo_simulation) by extension 'ros'
[1.276s] DEBUG:colcon.colcon_core.package_identification:Package 'src/gazebo_simulation' with type 'ros.ament_cmake' and name 'gazebo_simulation'
[1.276s] Level 1:colcon.colcon_core.package_identification:_identify(src/imu_controller) by extensions ['ignore', 'ignore_ament_install']
[1.276s] Level 1:colcon.colcon_core.package_identification:_identify(src/imu_controller) by extension 'ignore'
[1.276s] Level 1:colcon.colcon_core.package_identification:_identify(src/imu_controller) by extension 'ignore_ament_install'
[1.277s] Level 1:colcon.colcon_core.package_identification:_identify(src/imu_controller) by extensions ['colcon_pkg']
[1.277s] Level 1:colcon.colcon_core.package_identification:_identify(src/imu_controller) by extension 'colcon_pkg'
[1.277s] Level 1:colcon.colcon_core.package_identification:_identify(src/imu_controller) by extensions ['colcon_meta']
[1.277s] Level 1:colcon.colcon_core.package_identification:_identify(src/imu_controller) by extension 'colcon_meta'
[1.277s] Level 1:colcon.colcon_core.package_identification:_identify(src/imu_controller) by extensions ['ros']
[1.277s] Level 1:colcon.colcon_core.package_identification:_identify(src/imu_controller) by extension 'ros'
[1.277s] Level 1:colcon.colcon_core.package_identification:_identify(src/imu_controller) by extensions ['cmake', 'python']
[1.277s] Level 1:colcon.colcon_core.package_identification:_identify(src/imu_controller) by extension 'cmake'
[1.277s] Level 1:colcon.colcon_core.package_identification:_identify(src/imu_controller) by extension 'python'
[1.277s] Level 1:colcon.colcon_core.package_identification:_identify(src/imu_controller) by extensions ['python_setup_py']
[1.277s] Level 1:colcon.colcon_core.package_identification:_identify(src/imu_controller) by extension 'python_setup_py'
[1.277s] Level 1:colcon.colcon_core.package_identification:_identify(src/imu_controller/imu_controller) by extensions ['ignore', 'ignore_ament_install']
[1.278s] Level 1:colcon.colcon_core.package_identification:_identify(src/imu_controller/imu_controller) by extension 'ignore'
[1.278s] Level 1:colcon.colcon_core.package_identification:_identify(src/imu_controller/imu_controller) by extension 'ignore_ament_install'
[1.278s] Level 1:colcon.colcon_core.package_identification:_identify(src/imu_controller/imu_controller) by extensions ['colcon_pkg']
[1.278s] Level 1:colcon.colcon_core.package_identification:_identify(src/imu_controller/imu_controller) by extension 'colcon_pkg'
[1.278s] Level 1:colcon.colcon_core.package_identification:_identify(src/imu_controller/imu_controller) by extensions ['colcon_meta']
[1.278s] Level 1:colcon.colcon_core.package_identification:_identify(src/imu_controller/imu_controller) by extension 'colcon_meta'
[1.278s] Level 1:colcon.colcon_core.package_identification:_identify(src/imu_controller/imu_controller) by extensions ['ros']
[1.278s] Level 1:colcon.colcon_core.package_identification:_identify(src/imu_controller/imu_controller) by extension 'ros'
[1.280s] DEBUG:colcon.colcon_core.package_identification:Package 'src/imu_controller/imu_controller' with type 'ros.ament_python' and name 'imu_controller'
[1.280s] Level 1:colcon.colcon_core.package_identification:_identify(src/mis_mensajes) by extensions ['ignore', 'ignore_ament_install']
[1.280s] Level 1:colcon.colcon_core.package_identification:_identify(src/mis_mensajes) by extension 'ignore'
[1.280s] Level 1:colcon.colcon_core.package_identification:_identify(src/mis_mensajes) by extension 'ignore_ament_install'
[1.280s] Level 1:colcon.colcon_core.package_identification:_identify(src/mis_mensajes) by extensions ['colcon_pkg']
[1.280s] Level 1:colcon.colcon_core.package_identification:_identify(src/mis_mensajes) by extension 'colcon_pkg'
[1.281s] Level 1:colcon.colcon_core.package_identification:_identify(src/mis_mensajes) by extensions ['colcon_meta']
[1.281s] Level 1:colcon.colcon_core.package_identification:_identify(src/mis_mensajes) by extension 'colcon_meta'
[1.281s] Level 1:colcon.colcon_core.package_identification:_identify(src/mis_mensajes) by extensions ['ros']
[1.281s] Level 1:colcon.colcon_core.package_identification:_identify(src/mis_mensajes) by extension 'ros'
[1.282s] DEBUG:colcon.colcon_core.package_identification:Package 'src/mis_mensajes' with type 'ros.ament_cmake' and name 'mis_mensajes'
[1.283s] Level 1:colcon.colcon_core.package_identification:_identify(src/path_demo) by extensions ['ignore', 'ignore_ament_install']
[1.283s] Level 1:colcon.colcon_core.package_identification:_identify(src/path_demo) by extension 'ignore'
[1.283s] Level 1:colcon.colcon_core.package_identification:_identify(src/path_demo) by extension 'ignore_ament_install'
[1.283s] Level 1:colcon.colcon_core.package_identification:_identify(src/path_demo) by extensions ['colcon_pkg']
[1.283s] Level 1:colcon.colcon_core.package_identification:_identify(src/path_demo) by extension 'colcon_pkg'
[1.283s] Level 1:colcon.colcon_core.package_identification:_identify(src/path_demo) by extensions ['colcon_meta']
[1.283s] Level 1:colcon.colcon_core.package_identification:_identify(src/path_demo) by extension 'colcon_meta'
[1.283s] Level 1:colcon.colcon_core.package_identification:_identify(src/path_demo) by extensions ['ros']
[1.283s] Level 1:colcon.colcon_core.package_identification:_identify(src/path_demo) by extension 'ros'
[1.285s] DEBUG:colcon.colcon_core.package_identification:Package 'src/path_demo' with type 'ros.ament_python' and name 'path_demo'
[1.285s] Level 1:colcon.colcon_core.package_discovery:discover_packages(recursive) using defaults
[1.285s] Level 1:colcon.colcon_core.package_discovery:discover_packages(ignore) discover
[1.285s] Level 1:colcon.colcon_core.package_discovery:discover_packages(ignore) using defaults
[1.285s] Level 1:colcon.colcon_core.package_discovery:discover_packages(path) discover
[1.285s] Level 1:colcon.colcon_core.package_discovery:discover_packages(path) using defaults
[1.313s] Level 1:colcon.colcon_core.package_discovery:discover_packages(prefix_path) check parameters
[1.314s] Level 1:colcon.colcon_core.package_discovery:discover_packages(prefix_path) discover
[1.319s] DEBUG:colcon.colcon_installed_package_information.package_discovery:Found 7 installed packages in /home/siba/dev_4ws-main2/install
[1.320s] DEBUG:colcon.colcon_installed_package_information.package_discovery:Found 20 installed packages in /home/siba/ros2_ws/install
[1.321s] DEBUG:colcon.colcon_installed_package_information.package_discovery:Found 1 installed packages in /home/siba/ros2_ws/src/fresas/install
[1.322s] DEBUG:colcon.colcon_installed_package_information.package_discovery:Found 297 installed packages in /opt/ros/foxy
[1.325s] Level 1:colcon.colcon_core.package_discovery:discover_packages(prefix_path) using defaults
[1.444s] Level 5:colcon.colcon_core.verb:set package 'GAZEBO_description' build argument 'cmake_args' from command line to 'None'
[1.444s] Level 5:colcon.colcon_core.verb:set package 'GAZEBO_description' build argument 'cmake_target' from command line to 'None'
[1.444s] Level 5:colcon.colcon_core.verb:set package 'GAZEBO_description' build argument 'cmake_target_skip_unavailable' from command line to 'False'
[1.444s] Level 5:colcon.colcon_core.verb:set package 'GAZEBO_description' build argument 'cmake_clean_cache' from command line to 'False'
[1.444s] Level 5:colcon.colcon_core.verb:set package 'GAZEBO_description' build argument 'cmake_clean_first' from command line to 'False'
[1.444s] Level 5:colcon.colcon_core.verb:set package 'GAZEBO_description' build argument 'cmake_force_configure' from command line to 'False'
[1.444s] Level 5:colcon.colcon_core.verb:set package 'GAZEBO_description' build argument 'ament_cmake_args' from command line to 'None'
[1.444s] Level 5:colcon.colcon_core.verb:set package 'GAZEBO_description' build argument 'catkin_cmake_args' from command line to 'None'
[1.444s] Level 5:colcon.colcon_core.verb:set package 'GAZEBO_description' build argument 'catkin_skip_building_tests' from command line to 'False'
[1.444s] DEBUG:colcon.colcon_core.verb:Building package 'GAZEBO_description' with the following arguments: {'ament_cmake_args': None, 'build_base': '/home/siba/dev_4ws-main2/build/GAZEBO_description', 'catkin_cmake_args': None, 'catkin_skip_building_tests': False, 'cmake_args': None, 'cmake_clean_cache': False, 'cmake_clean_first': False, 'cmake_force_configure': False, 'cmake_target': None, 'cmake_target_skip_unavailable': False, 'install_base': '/home/siba/dev_4ws-main2/install/GAZEBO_description', 'merge_install': False, 'path': '/home/siba/dev_4ws-main2/GAZEBO_description', 'symlink_install': False, 'test_result_base': None}
[1.444s] Level 5:colcon.colcon_core.verb:set package 'bldc_can' build argument 'cmake_args' from command line to 'None'
[1.445s] Level 5:colcon.colcon_core.verb:set package 'bldc_can' build argument 'cmake_target' from command line to 'None'
[1.445s] Level 5:colcon.colcon_core.verb:set package 'bldc_can' build argument 'cmake_target_skip_unavailable' from command line to 'False'
[1.445s] Level 5:colcon.colcon_core.verb:set package 'bldc_can' build argument 'cmake_clean_cache' from command line to 'False'
[1.445s] Level 5:colcon.colcon_core.verb:set package 'bldc_can' build argument 'cmake_clean_first' from command line to 'False'
[1.445s] Level 5:colcon.colcon_core.verb:set package 'bldc_can' build argument 'cmake_force_configure' from command line to 'False'
[1.445s] Level 5:colcon.colcon_core.verb:set package 'bldc_can' build argument 'ament_cmake_args' from command line to 'None'
[1.445s] Level 5:colcon.colcon_core.verb:set package 'bldc_can' build argument 'catkin_cmake_args' from command line to 'None'
[1.445s] Level 5:colcon.colcon_core.verb:set package 'bldc_can' build argument 'catkin_skip_building_tests' from command line to 'False'
[1.445s] DEBUG:colcon.colcon_core.verb:Building package 'bldc_can' with the following arguments: {'ament_cmake_args': None, 'build_base': '/home/siba/dev_4ws-main2/build/bldc_can', 'catkin_cmake_args': None, 'catkin_skip_building_tests': False, 'cmake_args': None, 'cmake_clean_cache': False, 'cmake_clean_first': False, 'cmake_force_configure': False, 'cmake_target': None, 'cmake_target_skip_unavailable': False, 'install_base': '/home/siba/dev_4ws-main2/install/bldc_can', 'merge_install': False, 'path': '/home/siba/dev_4ws-main2/src/bldc_can', 'symlink_install': False, 'test_result_base': None}
[1.445s] Level 5:colcon.colcon_core.verb:set package 'dc_motor' build argument 'cmake_args' from command line to 'None'
[1.445s] Level 5:colcon.colcon_core.verb:set package 'dc_motor' build argument 'cmake_target' from command line to 'None'
[1.445s] Level 5:colcon.colcon_core.verb:set package 'dc_motor' build argument 'cmake_target_skip_unavailable' from command line to 'False'
[1.445s] Level 5:colcon.colcon_core.verb:set package 'dc_motor' build argument 'cmake_clean_cache' from command line to 'False'
[1.445s] Level 5:colcon.colcon_core.verb:set package 'dc_motor' build argument 'cmake_clean_first' from command line to 'False'
[1.445s] Level 5:colcon.colcon_core.verb:set package 'dc_motor' build argument 'cmake_force_configure' from command line to 'False'
[1.445s] Level 5:colcon.colcon_core.verb:set package 'dc_motor' build argument 'ament_cmake_args' from command line to 'None'
[1.445s] Level 5:colcon.colcon_core.verb:set package 'dc_motor' build argument 'catkin_cmake_args' from command line to 'None'
[1.445s] Level 5:colcon.colcon_core.verb:set package 'dc_motor' build argument 'catkin_skip_building_tests' from command line to 'False'
[1.446s] DEBUG:colcon.colcon_core.verb:Building package 'dc_motor' with the following arguments: {'ament_cmake_args': None, 'build_base': '/home/siba/dev_4ws-main2/build/dc_motor', 'catkin_cmake_args': None, 'catkin_skip_building_tests': False, 'cmake_args': None, 'cmake_clean_cache': False, 'cmake_clean_first': False, 'cmake_force_configure': False, 'cmake_target': None, 'cmake_target_skip_unavailable': False, 'install_base': '/home/siba/dev_4ws-main2/install/dc_motor', 'merge_install': False, 'path': '/home/siba/dev_4ws-main2/src/dc_motor', 'symlink_install': False, 'test_result_base': None}
[1.446s] Level 5:colcon.colcon_core.verb:set package 'four_ws_control' build argument 'cmake_args' from command line to 'None'
[1.446s] Level 5:colcon.colcon_core.verb:set package 'four_ws_control' build argument 'cmake_target' from command line to 'None'
[1.446s] Level 5:colcon.colcon_core.verb:set package 'four_ws_control' build argument 'cmake_target_skip_unavailable' from command line to 'False'
[1.446s] Level 5:colcon.colcon_core.verb:set package 'four_ws_control' build argument 'cmake_clean_cache' from command line to 'False'
[1.446s] Level 5:colcon.colcon_core.verb:set package 'four_ws_control' build argument 'cmake_clean_first' from command line to 'False'
[1.446s] Level 5:colcon.colcon_core.verb:set package 'four_ws_control' build argument 'cmake_force_configure' from command line to 'False'
[1.446s] Level 5:colcon.colcon_core.verb:set package 'four_ws_control' build argument 'ament_cmake_args' from command line to 'None'
[1.446s] Level 5:colcon.colcon_core.verb:set package 'four_ws_control' build argument 'catkin_cmake_args' from command line to 'None'
[1.446s] Level 5:colcon.colcon_core.verb:set package 'four_ws_control' build argument 'catkin_skip_building_tests' from command line to 'False'
[1.446s] DEBUG:colcon.colcon_core.verb:Building package 'four_ws_control' with the following arguments: {'ament_cmake_args': None, 'build_base': '/home/siba/dev_4ws-main2/build/four_ws_control', 'catkin_cmake_args': None, 'catkin_skip_building_tests': False, 'cmake_args': None, 'cmake_clean_cache': False, 'cmake_clean_first': False, 'cmake_force_configure': False, 'cmake_target': None, 'cmake_target_skip_unavailable': False, 'install_base': '/home/siba/dev_4ws-main2/install/four_ws_control', 'merge_install': False, 'path': '/home/siba/dev_4ws-main2/src/four_ws_control', 'symlink_install': False, 'test_result_base': None}
[1.447s] Level 5:colcon.colcon_core.verb:set package 'gazebo_simulation' build argument 'cmake_args' from command line to 'None'
[1.447s] Level 5:colcon.colcon_core.verb:set package 'gazebo_simulation' build argument 'cmake_target' from command line to 'None'
[1.447s] Level 5:colcon.colcon_core.verb:set package 'gazebo_simulation' build argument 'cmake_target_skip_unavailable' from command line to 'False'
[1.447s] Level 5:colcon.colcon_core.verb:set package 'gazebo_simulation' build argument 'cmake_clean_cache' from command line to 'False'
[1.447s] Level 5:colcon.colcon_core.verb:set package 'gazebo_simulation' build argument 'cmake_clean_first' from command line to 'False'
[1.447s] Level 5:colcon.colcon_core.verb:set package 'gazebo_simulation' build argument 'cmake_force_configure' from command line to 'False'
[1.447s] Level 5:colcon.colcon_core.verb:set package 'gazebo_simulation' build argument 'ament_cmake_args' from command line to 'None'
[1.447s] Level 5:colcon.colcon_core.verb:set package 'gazebo_simulation' build argument 'catkin_cmake_args' from command line to 'None'
[1.447s] Level 5:colcon.colcon_core.verb:set package 'gazebo_simulation' build argument 'catkin_skip_building_tests' from command line to 'False'
[1.447s] DEBUG:colcon.colcon_core.verb:Building package 'gazebo_simulation' with the following arguments: {'ament_cmake_args': None, 'build_base': '/home/siba/dev_4ws-main2/build/gazebo_simulation', 'catkin_cmake_args': None, 'catkin_skip_building_tests': False, 'cmake_args': None, 'cmake_clean_cache': False, 'cmake_clean_first': False, 'cmake_force_configure': False, 'cmake_target': None, 'cmake_target_skip_unavailable': False, 'install_base': '/home/siba/dev_4ws-main2/install/gazebo_simulation', 'merge_install': False, 'path': '/home/siba/dev_4ws-main2/src/gazebo_simulation', 'symlink_install': False, 'test_result_base': None}
[1.447s] Level 5:colcon.colcon_core.verb:set package 'mis_mensajes' build argument 'cmake_args' from command line to 'None'
[1.447s] Level 5:colcon.colcon_core.verb:set package 'mis_mensajes' build argument 'cmake_target' from command line to 'None'
[1.447s] Level 5:colcon.colcon_core.verb:set package 'mis_mensajes' build argument 'cmake_target_skip_unavailable' from command line to 'False'
[1.448s] Level 5:colcon.colcon_core.verb:set package 'mis_mensajes' build argument 'cmake_clean_cache' from command line to 'False'
[1.448s] Level 5:colcon.colcon_core.verb:set package 'mis_mensajes' build argument 'cmake_clean_first' from command line to 'False'
[1.448s] Level 5:colcon.colcon_core.verb:set package 'mis_mensajes' build argument 'cmake_force_configure' from command line to 'False'
[1.448s] Level 5:colcon.colcon_core.verb:set package 'mis_mensajes' build argument 'ament_cmake_args' from command line to 'None'
[1.448s] Level 5:colcon.colcon_core.verb:set package 'mis_mensajes' build argument 'catkin_cmake_args' from command line to 'None'
[1.448s] Level 5:colcon.colcon_core.verb:set package 'mis_mensajes' build argument 'catkin_skip_building_tests' from command line to 'False'
[1.448s] DEBUG:colcon.colcon_core.verb:Building package 'mis_mensajes' with the following arguments: {'ament_cmake_args': None, 'build_base': '/home/siba/dev_4ws-main2/build/mis_mensajes', 'catkin_cmake_args': None, 'catkin_skip_building_tests': False, 'cmake_args': None, 'cmake_clean_cache': False, 'cmake_clean_first': False, 'cmake_force_configure': False, 'cmake_target': None, 'cmake_target_skip_unavailable': False, 'install_base': '/home/siba/dev_4ws-main2/install/mis_mensajes', 'merge_install': False, 'path': '/home/siba/dev_4ws-main2/src/mis_mensajes', 'symlink_install': False, 'test_result_base': None}
[1.448s] Level 5:colcon.colcon_core.verb:set package 'path_demo' build argument 'cmake_args' from command line to 'None'
[1.448s] Level 5:colcon.colcon_core.verb:set package 'path_demo' build argument 'cmake_target' from command line to 'None'
[1.448s] Level 5:colcon.colcon_core.verb:set package 'path_demo' build argument 'cmake_target_skip_unavailable' from command line to 'False'
[1.448s] Level 5:colcon.colcon_core.verb:set package 'path_demo' build argument 'cmake_clean_cache' from command line to 'False'
[1.448s] Level 5:colcon.colcon_core.verb:set package 'path_demo' build argument 'cmake_clean_first' from command line to 'False'
[1.448s] Level 5:colcon.colcon_core.verb:set package 'path_demo' build argument 'cmake_force_configure' from command line to 'False'
[1.448s] Level 5:colcon.colcon_core.verb:set package 'path_demo' build argument 'ament_cmake_args' from command line to 'None'
[1.448s] Level 5:colcon.colcon_core.verb:set package 'path_demo' build argument 'catkin_cmake_args' from command line to 'None'
[1.448s] Level 5:colcon.colcon_core.verb:set package 'path_demo' build argument 'catkin_skip_building_tests' from command line to 'False'
[1.448s] DEBUG:colcon.colcon_core.verb:Building package 'path_demo' with the following arguments: {'ament_cmake_args': None, 'build_base': '/home/siba/dev_4ws-main2/build/path_demo', 'catkin_cmake_args': None, 'catkin_skip_building_tests': False, 'cmake_args': None, 'cmake_clean_cache': False, 'cmake_clean_first': False, 'cmake_force_configure': False, 'cmake_target': None, 'cmake_target_skip_unavailable': False, 'install_base': '/home/siba/dev_4ws-main2/install/path_demo', 'merge_install': False, 'path': '/home/siba/dev_4ws-main2/src/path_demo', 'symlink_install': False, 'test_result_base': None}
[1.449s] Level 5:colcon.colcon_core.verb:set package 'imu_controller' build argument 'cmake_args' from command line to 'None'
[1.449s] Level 5:colcon.colcon_core.verb:set package 'imu_controller' build argument 'cmake_target' from command line to 'None'
[1.449s] Level 5:colcon.colcon_core.verb:set package 'imu_controller' build argument 'cmake_target_skip_unavailable' from command line to 'False'
[1.449s] Level 5:colcon.colcon_core.verb:set package 'imu_controller' build argument 'cmake_clean_cache' from command line to 'False'
[1.449s] Level 5:colcon.colcon_core.verb:set package 'imu_controller' build argument 'cmake_clean_first' from command line to 'False'
[1.449s] Level 5:colcon.colcon_core.verb:set package 'imu_controller' build argument 'cmake_force_configure' from command line to 'False'
[1.449s] Level 5:colcon.colcon_core.verb:set package 'imu_controller' build argument 'ament_cmake_args' from command line to 'None'
[1.449s] Level 5:colcon.colcon_core.verb:set package 'imu_controller' build argument 'catkin_cmake_args' from command line to 'None'
[1.449s] Level 5:colcon.colcon_core.verb:set package 'imu_controller' build argument 'catkin_skip_building_tests' from command line to 'False'
[1.449s] DEBUG:colcon.colcon_core.verb:Building package 'imu_controller' with the following arguments: {'ament_cmake_args': None, 'build_base': '/home/siba/dev_4ws-main2/build/imu_controller', 'catkin_cmake_args': None, 'catkin_skip_building_tests': False, 'cmake_args': None, 'cmake_clean_cache': False, 'cmake_clean_first': False, 'cmake_force_configure': False, 'cmake_target': None, 'cmake_target_skip_unavailable': False, 'install_base': '/home/siba/dev_4ws-main2/install/imu_controller', 'merge_install': False, 'path': '/home/siba/dev_4ws-main2/src/imu_controller/imu_controller', 'symlink_install': False, 'test_result_base': None}
[1.449s] INFO:colcon.colcon_core.executor:Executing jobs using 'parallel' executor
[1.451s] DEBUG:colcon.colcon_parallel_executor.executor.parallel:run_until_complete
[1.452s] INFO:colcon.colcon_ros.task.ament_cmake.build:Building ROS package in '/home/siba/dev_4ws-main2/src/mis_mensajes' with build type 'ament_cmake'
[1.452s] INFO:colcon.colcon_cmake.task.cmake.build:Building CMake package in '/home/siba/dev_4ws-main2/src/mis_mensajes'
[1.458s] INFO:colcon.colcon_core.plugin_system:Skipping extension 'colcon_core.shell.bat': Not used on non-Windows systems
[1.458s] INFO:colcon.colcon_core.shell:Skip shell extension 'powershell' for command environment: Not usable outside of PowerShell
[1.458s] DEBUG:colcon.colcon_core.shell:Skip shell extension 'dsv' for command environment
[1.468s] INFO:colcon.colcon_ros.task.ament_python.build:Building ROS package in '/home/siba/dev_4ws-main2/GAZEBO_description' with build type 'ament_python'
[1.469s] Level 1:colcon.colcon_core.shell:create_environment_hook('GAZEBO_description', 'ament_prefix_path')
[1.470s] INFO:colcon.colcon_core.shell:Creating environment hook '/home/siba/dev_4ws-main2/install/GAZEBO_description/share/GAZEBO_description/hook/ament_prefix_path.ps1'
[1.471s] INFO:colcon.colcon_core.shell:Creating environment descriptor '/home/siba/dev_4ws-main2/install/GAZEBO_description/share/GAZEBO_description/hook/ament_prefix_path.dsv'
[1.472s] INFO:colcon.colcon_core.shell:Creating environment hook '/home/siba/dev_4ws-main2/install/GAZEBO_description/share/GAZEBO_description/hook/ament_prefix_path.sh'
[1.473s] INFO:colcon.colcon_core.shell:Skip shell extension 'powershell' for command environment: Not usable outside of PowerShell
[1.473s] DEBUG:colcon.colcon_core.shell:Skip shell extension 'dsv' for command environment
[1.483s] INFO:colcon.colcon_ros.task.catkin.build:Building ROS package in '/home/siba/dev_4ws-main2/src/bldc_can' with build type 'catkin'
[1.485s] INFO:colcon.colcon_cmake.task.cmake.build:Building CMake package in '/home/siba/dev_4ws-main2/src/bldc_can'
[1.486s] INFO:colcon.colcon_core.shell:Skip shell extension 'powershell' for command environment: Not usable outside of PowerShell
[1.486s] DEBUG:colcon.colcon_core.shell:Skip shell extension 'dsv' for command environment
[1.499s] INFO:colcon.colcon_ros.task.ament_python.build:Building ROS package in '/home/siba/dev_4ws-main2/src/dc_motor' with build type 'ament_python'
[1.500s] Level 1:colcon.colcon_core.shell:create_environment_hook('dc_motor', 'ament_prefix_path')
[1.500s] INFO:colcon.colcon_core.shell:Creating environment hook '/home/siba/dev_4ws-main2/install/dc_motor/share/dc_motor/hook/ament_prefix_path.ps1'
[1.501s] INFO:colcon.colcon_core.shell:Creating environment descriptor '/home/siba/dev_4ws-main2/install/dc_motor/share/dc_motor/hook/ament_prefix_path.dsv'
[1.502s] INFO:colcon.colcon_core.shell:Creating environment hook '/home/siba/dev_4ws-main2/install/dc_motor/share/dc_motor/hook/ament_prefix_path.sh'
[1.503s] INFO:colcon.colcon_core.shell:Skip shell extension 'powershell' for command environment: Not usable outside of PowerShell
[1.503s] DEBUG:colcon.colcon_core.shell:Skip shell extension 'dsv' for command environment
[1.524s] DEBUG:colcon.colcon_core.event_handler.log_command:Invoking command in '/home/siba/dev_4ws-main2/build/mis_mensajes': CMAKE_PREFIX_PATH=${CMAKE_PREFIX_PATH}:/home/siba/dev_4ws-main2/install/path_demo:/home/siba/dev_4ws-main2/install/imu_controller:/home/siba/dev_4ws-main2/install/dc_motor:/home/siba/dev_4ws-main2/install/GAZEBO_description:/home/siba/ros2_ws/install/examples_rclpy_minimal_subscriber:/home/siba/ros2_ws/install/examples_rclpy_minimal_service:/home/siba/ros2_ws/install/examples_rclpy_minimal_publisher:/home/siba/ros2_ws/install/examples_rclpy_minimal_client:/home/siba/ros2_ws/install/examples_rclpy_minimal_action_server:/home/siba/ros2_ws/install/examples_rclpy_minimal_action_client:/home/siba/ros2_ws/install/examples_rclpy_executors:/home/siba/ros2_ws/install/dc_motor_controller:/opt/ros/foxy /usr/bin/cmake --build /home/siba/dev_4ws-main2/build/mis_mensajes -- -j4 -l4
[1.991s] INFO:colcon.colcon_core.task.python.build:Building Python package in '/home/siba/dev_4ws-main2/GAZEBO_description'
[1.992s] INFO:colcon.colcon_core.shell:Skip shell extension 'powershell' for command environment: Not usable outside of PowerShell
[1.992s] DEBUG:colcon.colcon_core.shell:Skip shell extension 'dsv' for command environment
[2.007s] DEBUG:colcon.colcon_core.event_handler.log_command:Invoking command in '/home/siba/dev_4ws-main2/build/bldc_can': /usr/bin/cmake /home/siba/dev_4ws-main2/src/bldc_can -DCATKIN_INSTALL_INTO_PREFIX_ROOT=0 -DCMAKE_INSTALL_PREFIX=/home/siba/dev_4ws-main2/install/bldc_can
[2.329s] INFO:colcon.colcon_core.task.python.build:Building Python package in '/home/siba/dev_4ws-main2/src/dc_motor'
[2.330s] INFO:colcon.colcon_core.shell:Skip shell extension 'powershell' for command environment: Not usable outside of PowerShell
[2.330s] DEBUG:colcon.colcon_core.shell:Skip shell extension 'dsv' for command environment
[2.345s] DEBUG:colcon.colcon_core.event_handler.log_command:Invoked command in '/home/siba/dev_4ws-main2/build/mis_mensajes' returned '0': CMAKE_PREFIX_PATH=${CMAKE_PREFIX_PATH}:/home/siba/dev_4ws-main2/install/path_demo:/home/siba/dev_4ws-main2/install/imu_controller:/home/siba/dev_4ws-main2/install/dc_motor:/home/siba/dev_4ws-main2/install/GAZEBO_description:/home/siba/ros2_ws/install/examples_rclpy_minimal_subscriber:/home/siba/ros2_ws/install/examples_rclpy_minimal_service:/home/siba/ros2_ws/install/examples_rclpy_minimal_publisher:/home/siba/ros2_ws/install/examples_rclpy_minimal_client:/home/siba/ros2_ws/install/examples_rclpy_minimal_action_server:/home/siba/ros2_ws/install/examples_rclpy_minimal_action_client:/home/siba/ros2_ws/install/examples_rclpy_executors:/home/siba/ros2_ws/install/dc_motor_controller:/opt/ros/foxy /usr/bin/cmake --build /home/siba/dev_4ws-main2/build/mis_mensajes -- -j4 -l4
[2.361s] DEBUG:colcon.colcon_core.event_handler.log_command:Invoked command in '/home/siba/dev_4ws-main2/build/bldc_can' returned '1': /usr/bin/cmake /home/siba/dev_4ws-main2/src/bldc_can -DCATKIN_INSTALL_INTO_PREFIX_ROOT=0 -DCMAKE_INSTALL_PREFIX=/home/siba/dev_4ws-main2/install/bldc_can
[2.449s] DEBUG:colcon.colcon_parallel_executor.executor.parallel:closing loop
[2.449s] DEBUG:colcon.colcon_parallel_executor.executor.parallel:loop closed
[2.450s] DEBUG:colcon.colcon_parallel_executor.executor.parallel:run_until_complete finished with 'argument of type 'NoneType' is not iterable'
[2.450s] DEBUG:colcon.colcon_core.event_reactor:joining thread
[2.490s] INFO:colcon.colcon_core.plugin_system:Skipping extension 'colcon_notification.desktop_notification.terminal_notifier': Not used on non-Darwin systems
[2.490s] INFO:colcon.colcon_core.plugin_system:Skipping extension 'colcon_notification.desktop_notification.win32': Not used on non-Windows systems
[2.490s] INFO:colcon.colcon_notification.desktop_notification:Sending desktop notification using 'notify2'
[2.531s] DEBUG:colcon.colcon_core.event_reactor:joined thread
[2.532s] INFO:colcon.colcon_core.shell:Creating prefix script '/home/siba/dev_4ws-main2/install/local_setup.ps1'
[2.533s] INFO:colcon.colcon_core.shell:Creating prefix util module '/home/siba/dev_4ws-main2/install/_local_setup_util_ps1.py'
[2.536s] INFO:colcon.colcon_core.shell:Creating prefix chain script '/home/siba/dev_4ws-main2/install/setup.ps1'
[2.541s] INFO:colcon.colcon_core.shell:Creating prefix script '/home/siba/dev_4ws-main2/install/local_setup.sh'
[2.542s] INFO:colcon.colcon_core.shell:Creating prefix util module '/home/siba/dev_4ws-main2/install/_local_setup_util_sh.py'
[2.543s] INFO:colcon.colcon_core.shell:Creating prefix chain script '/home/siba/dev_4ws-main2/install/setup.sh'
[2.546s] INFO:colcon.colcon_core.shell:Creating prefix script '/home/siba/dev_4ws-main2/install/local_setup.bash'
[2.547s] INFO:colcon.colcon_core.shell:Creating prefix chain script '/home/siba/dev_4ws-main2/install/setup.bash'
[2.550s] INFO:colcon.colcon_core.shell:Creating prefix script '/home/siba/dev_4ws-main2/install/local_setup.zsh'
[2.551s] INFO:colcon.colcon_core.shell:Creating prefix chain script '/home/siba/dev_4ws-main2/install/setup.zsh'
