running egg_info
writing ../../build/path_demo/path_demo.egg-info/PKG-INFO
writing dependency_links to ../../build/path_demo/path_demo.egg-info/dependency_links.txt
writing entry points to ../../build/path_demo/path_demo.egg-info/entry_points.txt
writing requirements to ../../build/path_demo/path_demo.egg-info/requires.txt
writing top-level names to ../../build/path_demo/path_demo.egg-info/top_level.txt
reading manifest file '../../build/path_demo/path_demo.egg-info/SOURCES.txt'
writing manifest file '../../build/path_demo/path_demo.egg-info/SOURCES.txt'
running build
running build_py
running install
running install_lib
running install_data
running install_egg_info
removing '/home/siba/dev_4ws-main2/install/path_demo/lib/python3.8/site-packages/path_demo-0.0.0-py3.8.egg-info' (and everything under it)
Copying ../../build/path_demo/path_demo.egg-info to /home/siba/dev_4ws-main2/install/path_demo/lib/python3.8/site-packages/path_demo-0.0.0-py3.8.egg-info
running install_scripts
Installing kinematics_controller_node script to /home/siba/dev_4ws-main2/install/path_demo/lib/path_demo
Installing path_publisher_node script to /home/siba/dev_4ws-main2/install/path_demo/lib/path_demo
Installing path_visualizer script to /home/siba/dev_4ws-main2/install/path_demo/lib/path_demo
Installing robot_pose_listener script to /home/siba/dev_4ws-main2/install/path_demo/lib/path_demo
writing list of installed files to '/home/siba/dev_4ws-main2/build/path_demo/install.log'
