[0.039s] Invoking command in '/home/siba/dev_4ws-main2/build/gazebo_simulation': CMAKE_PREFIX_PATH=${CMAKE_PREFIX_PATH}:/home/siba/dev_4ws-main2/install/bldc_can:/home/siba/dev_4ws-main2/install/path_demo:/home/siba/dev_4ws-main2/install/imu_controller:/home/siba/dev_4ws-main2/install/dc_motor:/home/siba/dev_4ws-main2/install/GAZEBO_description:/home/siba/ros2_ws/install/examples_rclpy_minimal_subscriber:/home/siba/ros2_ws/install/examples_rclpy_minimal_service:/home/siba/ros2_ws/install/examples_rclpy_minimal_publisher:/home/siba/ros2_ws/install/examples_rclpy_minimal_client:/home/siba/ros2_ws/install/examples_rclpy_minimal_action_server:/home/siba/ros2_ws/install/examples_rclpy_minimal_action_client:/home/siba/ros2_ws/install/examples_rclpy_executors:/home/siba/ros2_ws/install/dc_motor_controller:/opt/ros/foxy /usr/bin/cmake --build /home/siba/dev_4ws-main2/build/gazebo_simulation -- -j4 -l4
[0.163s] Invoked command in '/home/siba/dev_4ws-main2/build/gazebo_simulation' returned '0': CMAKE_PREFIX_PATH=${CMAKE_PREFIX_PATH}:/home/siba/dev_4ws-main2/install/bldc_can:/home/siba/dev_4ws-main2/install/path_demo:/home/siba/dev_4ws-main2/install/imu_controller:/home/siba/dev_4ws-main2/install/dc_motor:/home/siba/dev_4ws-main2/install/GAZEBO_description:/home/siba/ros2_ws/install/examples_rclpy_minimal_subscriber:/home/siba/ros2_ws/install/examples_rclpy_minimal_service:/home/siba/ros2_ws/install/examples_rclpy_minimal_publisher:/home/siba/ros2_ws/install/examples_rclpy_minimal_client:/home/siba/ros2_ws/install/examples_rclpy_minimal_action_server:/home/siba/ros2_ws/install/examples_rclpy_minimal_action_client:/home/siba/ros2_ws/install/examples_rclpy_executors:/home/siba/ros2_ws/install/dc_motor_controller:/opt/ros/foxy /usr/bin/cmake --build /home/siba/dev_4ws-main2/build/gazebo_simulation -- -j4 -l4
[0.214s] Invoking command in '/home/siba/dev_4ws-main2/build/gazebo_simulation': CMAKE_PREFIX_PATH=${CMAKE_PREFIX_PATH}:/home/siba/dev_4ws-main2/install/bldc_can:/home/siba/dev_4ws-main2/install/path_demo:/home/siba/dev_4ws-main2/install/imu_controller:/home/siba/dev_4ws-main2/install/dc_motor:/home/siba/dev_4ws-main2/install/GAZEBO_description:/home/siba/ros2_ws/install/examples_rclpy_minimal_subscriber:/home/siba/ros2_ws/install/examples_rclpy_minimal_service:/home/siba/ros2_ws/install/examples_rclpy_minimal_publisher:/home/siba/ros2_ws/install/examples_rclpy_minimal_client:/home/siba/ros2_ws/install/examples_rclpy_minimal_action_server:/home/siba/ros2_ws/install/examples_rclpy_minimal_action_client:/home/siba/ros2_ws/install/examples_rclpy_executors:/home/siba/ros2_ws/install/dc_motor_controller:/opt/ros/foxy /usr/bin/cmake --install /home/siba/dev_4ws-main2/build/gazebo_simulation
[0.247s] -- Install configuration: ""
[0.247s] -- Up-to-date: /home/siba/dev_4ws-main2/install/gazebo_simulation/share/gazebo_simulation//launch
[0.247s] -- Up-to-date: /home/siba/dev_4ws-main2/install/gazebo_simulation/share/gazebo_simulation//launch/robot_sim.launch.py
[0.247s] -- Up-to-date: /home/siba/dev_4ws-main2/install/gazebo_simulation/share/gazebo_simulation//launch/robot_state_publisher.launch.py
[0.247s] -- Up-to-date: /home/siba/dev_4ws-main2/install/gazebo_simulation/share/gazebo_simulation//models
[0.247s] -- Up-to-date: /home/siba/dev_4ws-main2/install/gazebo_simulation/share/gazebo_simulation//models/rs_robot
[0.248s] -- Up-to-date: /home/siba/dev_4ws-main2/install/gazebo_simulation/share/gazebo_simulation//models/rs_robot/rs_robot.sdf
[0.248s] -- Up-to-date: /home/siba/dev_4ws-main2/install/gazebo_simulation/share/gazebo_simulation//models/rs_robot/meshes
[0.248s] -- Up-to-date: /home/siba/dev_4ws-main2/install/gazebo_simulation/share/gazebo_simulation//models/rs_robot/meshes/STL
[0.248s] -- Up-to-date: /home/siba/dev_4ws-main2/install/gazebo_simulation/share/gazebo_simulation//models/rs_robot/meshes/STL/lidar_base
[0.248s] -- Up-to-date: /home/siba/dev_4ws-main2/install/gazebo_simulation/share/gazebo_simulation//models/rs_robot/meshes/STL/lidar_base/YDlidar_base.stl
[0.248s] -- Up-to-date: /home/siba/dev_4ws-main2/install/gazebo_simulation/share/gazebo_simulation//models/rs_robot/meshes/STL/base
[0.248s] -- Up-to-date: /home/siba/dev_4ws-main2/install/gazebo_simulation/share/gazebo_simulation//models/rs_robot/meshes/STL/base/base_link_old.stl
[0.248s] -- Up-to-date: /home/siba/dev_4ws-main2/install/gazebo_simulation/share/gazebo_simulation//models/rs_robot/meshes/STL/base/base_link.stl
[0.249s] -- Up-to-date: /home/siba/dev_4ws-main2/install/gazebo_simulation/share/gazebo_simulation//models/rs_robot/meshes/STL/sensors
[0.249s] -- Up-to-date: /home/siba/dev_4ws-main2/install/gazebo_simulation/share/gazebo_simulation//models/rs_robot/meshes/STL/sensors/front_lrf
[0.249s] -- Up-to-date: /home/siba/dev_4ws-main2/install/gazebo_simulation/share/gazebo_simulation//models/rs_robot/meshes/STL/sensors/front_lrf/front_lrf.stl
[0.249s] -- Up-to-date: /home/siba/dev_4ws-main2/install/gazebo_simulation/share/gazebo_simulation//models/rs_robot/meshes/STL/sensors/gps
[0.249s] -- Up-to-date: /home/siba/dev_4ws-main2/install/gazebo_simulation/share/gazebo_simulation//models/rs_robot/meshes/STL/sensors/gps/gps.stl
[0.249s] -- Up-to-date: /home/siba/dev_4ws-main2/install/gazebo_simulation/share/gazebo_simulation//models/rs_robot/meshes/STL/sensors/rear_lrf
[0.249s] -- Up-to-date: /home/siba/dev_4ws-main2/install/gazebo_simulation/share/gazebo_simulation//models/rs_robot/meshes/STL/sensors/rear_lrf/rear_lrf.stl
[0.249s] -- Up-to-date: /home/siba/dev_4ws-main2/install/gazebo_simulation/share/gazebo_simulation//models/rs_robot/meshes/STL/sensors/gim30
[0.250s] -- Up-to-date: /home/siba/dev_4ws-main2/install/gazebo_simulation/share/gazebo_simulation//models/rs_robot/meshes/STL/sensors/gim30/gim30.stl
[0.250s] -- Up-to-date: /home/siba/dev_4ws-main2/install/gazebo_simulation/share/gazebo_simulation//models/rs_robot/meshes/STL/wheel
[0.250s] -- Up-to-date: /home/siba/dev_4ws-main2/install/gazebo_simulation/share/gazebo_simulation//models/rs_robot/meshes/STL/wheel/robot_wheel.stl
[0.250s] -- Up-to-date: /home/siba/dev_4ws-main2/install/gazebo_simulation/share/gazebo_simulation//models/rs_robot/meshes/STL/suspension
[0.259s] -- Up-to-date: /home/siba/dev_4ws-main2/install/gazebo_simulation/share/gazebo_simulation//models/rs_robot/meshes/STL/suspension/sus_link.stl
[0.259s] -- Up-to-date: /home/siba/dev_4ws-main2/install/gazebo_simulation/share/gazebo_simulation//models/rs_robot/meshes/STL/suspension/FRONT_RIGHT_LINKSTL.stl
[0.259s] -- Up-to-date: /home/siba/dev_4ws-main2/install/gazebo_simulation/share/gazebo_simulation//models/rs_robot/meshes/STL/suspension/REAR_RIGHT_LINKSTL.stl
[0.259s] -- Up-to-date: /home/siba/dev_4ws-main2/install/gazebo_simulation/share/gazebo_simulation//models/rs_robot/meshes/STL/suspension/REAR_LEFT_LINKSTL.stl
[0.259s] -- Up-to-date: /home/siba/dev_4ws-main2/install/gazebo_simulation/share/gazebo_simulation//models/rs_robot/meshes/STL/suspension/FRONT_LEFT_LINKSTL.stl
[0.259s] -- Up-to-date: /home/siba/dev_4ws-main2/install/gazebo_simulation/share/gazebo_simulation//models/rs_robot/meshes/STL/lidar_head
[0.260s] -- Up-to-date: /home/siba/dev_4ws-main2/install/gazebo_simulation/share/gazebo_simulation//models/rs_robot/meshes/STL/lidar_head/YDlidar_head v4.stl
[0.260s] -- Up-to-date: /home/siba/dev_4ws-main2/install/gazebo_simulation/share/gazebo_simulation//models/rs_robot/meshes/DAE
[0.260s] -- Up-to-date: /home/siba/dev_4ws-main2/install/gazebo_simulation/share/gazebo_simulation//models/rs_robot/meshes/DAE/lidar_base
[0.260s] -- Up-to-date: /home/siba/dev_4ws-main2/install/gazebo_simulation/share/gazebo_simulation//models/rs_robot/meshes/DAE/lidar_base/YDlidar_base.dae
[0.260s] -- Up-to-date: /home/siba/dev_4ws-main2/install/gazebo_simulation/share/gazebo_simulation//models/rs_robot/meshes/DAE/base
[0.260s] -- Up-to-date: /home/siba/dev_4ws-main2/install/gazebo_simulation/share/gazebo_simulation//models/rs_robot/meshes/DAE/base/base_linkOLD.dae
[0.261s] -- Up-to-date: /home/siba/dev_4ws-main2/install/gazebo_simulation/share/gazebo_simulation//models/rs_robot/meshes/DAE/base/base_link.dae
[0.261s] -- Up-to-date: /home/siba/dev_4ws-main2/install/gazebo_simulation/share/gazebo_simulation//models/rs_robot/meshes/DAE/sensors
[0.261s] -- Up-to-date: /home/siba/dev_4ws-main2/install/gazebo_simulation/share/gazebo_simulation//models/rs_robot/meshes/DAE/sensors/camera
[0.261s] -- Up-to-date: /home/siba/dev_4ws-main2/install/gazebo_simulation/share/gazebo_simulation//models/rs_robot/meshes/DAE/sensors/camera/camera.dae
[0.261s] -- Up-to-date: /home/siba/dev_4ws-main2/install/gazebo_simulation/share/gazebo_simulation//models/rs_robot/meshes/DAE/sensors/front_lrf
[0.261s] -- Up-to-date: /home/siba/dev_4ws-main2/install/gazebo_simulation/share/gazebo_simulation//models/rs_robot/meshes/DAE/sensors/front_lrf/lrf_texture.png
[0.262s] -- Up-to-date: /home/siba/dev_4ws-main2/install/gazebo_simulation/share/gazebo_simulation//models/rs_robot/meshes/DAE/sensors/front_lrf/front_lrf.dae
[0.262s] -- Up-to-date: /home/siba/dev_4ws-main2/install/gazebo_simulation/share/gazebo_simulation//models/rs_robot/meshes/DAE/sensors/gps
[0.262s] -- Up-to-date: /home/siba/dev_4ws-main2/install/gazebo_simulation/share/gazebo_simulation//models/rs_robot/meshes/DAE/sensors/gps/gps.dae
[0.262s] -- Up-to-date: /home/siba/dev_4ws-main2/install/gazebo_simulation/share/gazebo_simulation//models/rs_robot/meshes/DAE/sensors/gps/gps_texture.png
[0.262s] -- Up-to-date: /home/siba/dev_4ws-main2/install/gazebo_simulation/share/gazebo_simulation//models/rs_robot/meshes/DAE/sensors/rear_lrf
[0.262s] -- Up-to-date: /home/siba/dev_4ws-main2/install/gazebo_simulation/share/gazebo_simulation//models/rs_robot/meshes/DAE/sensors/rear_lrf/urg_texture.png
[0.263s] -- Up-to-date: /home/siba/dev_4ws-main2/install/gazebo_simulation/share/gazebo_simulation//models/rs_robot/meshes/DAE/sensors/rear_lrf/rear_lrf.dae
[0.263s] -- Up-to-date: /home/siba/dev_4ws-main2/install/gazebo_simulation/share/gazebo_simulation//models/rs_robot/meshes/DAE/sensors/gim30
[0.263s] -- Up-to-date: /home/siba/dev_4ws-main2/install/gazebo_simulation/share/gazebo_simulation//models/rs_robot/meshes/DAE/sensors/gim30/gim30.dae
[0.263s] -- Up-to-date: /home/siba/dev_4ws-main2/install/gazebo_simulation/share/gazebo_simulation//models/rs_robot/meshes/DAE/sensors/gim30/gim30_lrf_texture.png
[0.263s] -- Up-to-date: /home/siba/dev_4ws-main2/install/gazebo_simulation/share/gazebo_simulation//models/rs_robot/meshes/DAE/wheel
[0.263s] -- Up-to-date: /home/siba/dev_4ws-main2/install/gazebo_simulation/share/gazebo_simulation//models/rs_robot/meshes/DAE/wheel/wheel_link.dae
[0.263s] -- Up-to-date: /home/siba/dev_4ws-main2/install/gazebo_simulation/share/gazebo_simulation//models/rs_robot/meshes/DAE/suspension
[0.264s] -- Up-to-date: /home/siba/dev_4ws-main2/install/gazebo_simulation/share/gazebo_simulation//models/rs_robot/meshes/DAE/suspension/rear_right_link.dae
[0.264s] -- Up-to-date: /home/siba/dev_4ws-main2/install/gazebo_simulation/share/gazebo_simulation//models/rs_robot/meshes/DAE/suspension/front_right_link.dae
[0.264s] -- Up-to-date: /home/siba/dev_4ws-main2/install/gazebo_simulation/share/gazebo_simulation//models/rs_robot/meshes/DAE/suspension/front_left_link.dae
[0.264s] -- Up-to-date: /home/siba/dev_4ws-main2/install/gazebo_simulation/share/gazebo_simulation//models/rs_robot/meshes/DAE/suspension/rear_left_link.dae
[0.264s] -- Up-to-date: /home/siba/dev_4ws-main2/install/gazebo_simulation/share/gazebo_simulation//models/rs_robot/meshes/DAE/lidar_head
[0.264s] -- Up-to-date: /home/siba/dev_4ws-main2/install/gazebo_simulation/share/gazebo_simulation//models/rs_robot/meshes/DAE/lidar_head/YDlidar_head.dae
[0.265s] -- Up-to-date: /home/siba/dev_4ws-main2/install/gazebo_simulation/share/gazebo_simulation//models/rs_robot/config
[0.265s] -- Up-to-date: /home/siba/dev_4ws-main2/install/gazebo_simulation/share/gazebo_simulation//models/rs_robot/config/controllers.yaml
[0.265s] -- Up-to-date: /home/siba/dev_4ws-main2/install/gazebo_simulation/share/gazebo_simulation//models/rs_robot/model.config
[0.265s] -- Up-to-date: /home/siba/dev_4ws-main2/install/gazebo_simulation/share/gazebo_simulation//worlds
[0.265s] -- Up-to-date: /home/siba/dev_4ws-main2/install/gazebo_simulation/share/gazebo_simulation//worlds/4ws_world.model
[0.265s] -- Up-to-date: /home/siba/dev_4ws-main2/install/gazebo_simulation/share/gazebo_simulation//urdf
[0.266s] -- Up-to-date: /home/siba/dev_4ws-main2/install/gazebo_simulation/share/gazebo_simulation//urdf/rs_robot.gv
[0.266s] -- Up-to-date: /home/siba/dev_4ws-main2/install/gazebo_simulation/share/gazebo_simulation//urdf/rs_robot.urdf
[0.266s] -- Up-to-date: /home/siba/dev_4ws-main2/install/gazebo_simulation/share/gazebo_simulation//urdf/rs_robot.pdf
[0.286s] -- Up-to-date: /home/siba/dev_4ws-main2/install/gazebo_simulation/lib/gazebo_simulation/robot_sim.launch.py
[0.287s] -- Up-to-date: /home/siba/dev_4ws-main2/install/gazebo_simulation/lib/gazebo_simulation/robot_state_publisher.launch.py
[0.287s] -- Up-to-date: /home/siba/dev_4ws-main2/install/gazebo_simulation/share/ament_index/resource_index/package_run_dependencies/gazebo_simulation
[0.287s] -- Up-to-date: /home/siba/dev_4ws-main2/install/gazebo_simulation/share/ament_index/resource_index/parent_prefix_path/gazebo_simulation
[0.287s] -- Up-to-date: /home/siba/dev_4ws-main2/install/gazebo_simulation/share/gazebo_simulation/environment/ament_prefix_path.sh
[0.287s] -- Up-to-date: /home/siba/dev_4ws-main2/install/gazebo_simulation/share/gazebo_simulation/environment/ament_prefix_path.dsv
[0.287s] -- Up-to-date: /home/siba/dev_4ws-main2/install/gazebo_simulation/share/gazebo_simulation/environment/path.sh
[0.288s] -- Up-to-date: /home/siba/dev_4ws-main2/install/gazebo_simulation/share/gazebo_simulation/environment/path.dsv
[0.288s] -- Up-to-date: /home/siba/dev_4ws-main2/install/gazebo_simulation/share/gazebo_simulation/local_setup.bash
[0.288s] -- Up-to-date: /home/siba/dev_4ws-main2/install/gazebo_simulation/share/gazebo_simulation/local_setup.sh
[0.288s] -- Up-to-date: /home/siba/dev_4ws-main2/install/gazebo_simulation/share/gazebo_simulation/local_setup.zsh
[0.288s] -- Up-to-date: /home/siba/dev_4ws-main2/install/gazebo_simulation/share/gazebo_simulation/local_setup.dsv
[0.288s] -- Installing: /home/siba/dev_4ws-main2/install/gazebo_simulation/share/gazebo_simulation/package.dsv
[0.288s] -- Up-to-date: /home/siba/dev_4ws-main2/install/gazebo_simulation/share/ament_index/resource_index/packages/gazebo_simulation
[0.289s] -- Up-to-date: /home/siba/dev_4ws-main2/install/gazebo_simulation/share/gazebo_simulation/cmake/ament_cmake_export_include_directories-extras.cmake
[0.289s] -- Up-to-date: /home/siba/dev_4ws-main2/install/gazebo_simulation/share/gazebo_simulation/cmake/ament_cmake_export_dependencies-extras.cmake
[0.289s] -- Up-to-date: /home/siba/dev_4ws-main2/install/gazebo_simulation/share/gazebo_simulation/cmake/gazebo_simulationConfig.cmake
[0.289s] -- Up-to-date: /home/siba/dev_4ws-main2/install/gazebo_simulation/share/gazebo_simulation/cmake/gazebo_simulationConfig-version.cmake
[0.289s] -- Up-to-date: /home/siba/dev_4ws-main2/install/gazebo_simulation/share/gazebo_simulation/package.xml
[0.329s] Invoked command in '/home/siba/dev_4ws-main2/build/gazebo_simulation' returned '0': CMAKE_PREFIX_PATH=${CMAKE_PREFIX_PATH}:/home/siba/dev_4ws-main2/install/bldc_can:/home/siba/dev_4ws-main2/install/path_demo:/home/siba/dev_4ws-main2/install/imu_controller:/home/siba/dev_4ws-main2/install/dc_motor:/home/siba/dev_4ws-main2/install/GAZEBO_description:/home/siba/ros2_ws/install/examples_rclpy_minimal_subscriber:/home/siba/ros2_ws/install/examples_rclpy_minimal_service:/home/siba/ros2_ws/install/examples_rclpy_minimal_publisher:/home/siba/ros2_ws/install/examples_rclpy_minimal_client:/home/siba/ros2_ws/install/examples_rclpy_minimal_action_server:/home/siba/ros2_ws/install/examples_rclpy_minimal_action_client:/home/siba/ros2_ws/install/examples_rclpy_executors:/home/siba/ros2_ws/install/dc_motor_controller:/opt/ros/foxy /usr/bin/cmake --install /home/siba/dev_4ws-main2/build/gazebo_simulation
