-- The C compiler identification is GNU 9.4.0
-- The CXX compiler identification is GNU 9.4.0
-- Check for working C compiler: /usr/bin/cc
-- Check for working C compiler: /usr/bin/cc -- works
-- Detecting C compiler ABI info
-- Detecting C compiler ABI info - done
-- Detecting C compile features
-- Detecting C compile features - done
-- Check for working CXX compiler: /usr/bin/c++
-- Check for working CXX compiler: /usr/bin/c++ -- works
-- Detecting CXX compiler ABI info
-- Detecting CXX compiler ABI info - done
-- Detecting CXX compile features
-- Detecting CXX compile features - done
-- Found ament_cmake: 0.9.12 (/opt/ros/foxy/share/ament_cmake/cmake)
-- Found PythonInterp: /usr/bin/python3 (found suitable version "3.8.10", minimum required is "3") 
-- Using PYTHON_EXECUTABLE: /usr/bin/python3
-- Found ament_lint_auto: 0.9.8 (/opt/ros/foxy/share/ament_lint_auto/cmake)
-- Added test 'copyright' to check source files copyright and LICENSE
-- Added test 'flake8' to check Python code syntax and style conventions
-- Added test 'lint_cmake' to check CMake code style
-- Added test 'pep257' to check Python code against some of the style conventions in PEP 257
-- Added test 'xmllint' to check XML markup files
-- Configuring done
-- Generating done
-- Build files have been written to: /home/siba/dev_4ws-main2/build/four_ws_control
-- Install configuration: ""
-- Installing: /home/siba/dev_4ws-main2/install/four_ws_control/share/four_ws_control//scripts
-- Installing: /home/siba/dev_4ws-main2/install/four_ws_control/share/four_ws_control//scripts/robot_control.py
-- Installing: /home/siba/dev_4ws-main2/install/four_ws_control/share/four_ws_control//launch
-- Installing: /home/siba/dev_4ws-main2/install/four_ws_control/share/four_ws_control//launch/four_ws_control.launch.py
-- Installing: /home/siba/dev_4ws-main2/install/four_ws_control/lib/four_ws_control/robot_control.py
-- Installing: /home/siba/dev_4ws-main2/install/four_ws_control/lib/four_ws_control/four_ws_control.launch.py
-- Installing: /home/siba/dev_4ws-main2/install/four_ws_control/share/ament_index/resource_index/package_run_dependencies/four_ws_control
-- Installing: /home/siba/dev_4ws-main2/install/four_ws_control/share/ament_index/resource_index/parent_prefix_path/four_ws_control
-- Installing: /home/siba/dev_4ws-main2/install/four_ws_control/share/four_ws_control/environment/ament_prefix_path.sh
-- Installing: /home/siba/dev_4ws-main2/install/four_ws_control/share/four_ws_control/environment/ament_prefix_path.dsv
-- Installing: /home/siba/dev_4ws-main2/install/four_ws_control/share/four_ws_control/environment/path.sh
-- Installing: /home/siba/dev_4ws-main2/install/four_ws_control/share/four_ws_control/environment/path.dsv
-- Installing: /home/siba/dev_4ws-main2/install/four_ws_control/share/four_ws_control/local_setup.bash
-- Installing: /home/siba/dev_4ws-main2/install/four_ws_control/share/four_ws_control/local_setup.sh
-- Installing: /home/siba/dev_4ws-main2/install/four_ws_control/share/four_ws_control/local_setup.zsh
-- Installing: /home/siba/dev_4ws-main2/install/four_ws_control/share/four_ws_control/local_setup.dsv
-- Installing: /home/siba/dev_4ws-main2/install/four_ws_control/share/four_ws_control/package.dsv
-- Installing: /home/siba/dev_4ws-main2/install/four_ws_control/share/ament_index/resource_index/packages/four_ws_control
-- Installing: /home/siba/dev_4ws-main2/install/four_ws_control/share/four_ws_control/cmake/four_ws_controlConfig.cmake
-- Installing: /home/siba/dev_4ws-main2/install/four_ws_control/share/four_ws_control/cmake/four_ws_controlConfig-version.cmake
-- Installing: /home/siba/dev_4ws-main2/install/four_ws_control/share/four_ws_control/package.xml
