[2.535s] Invoking command in '/home/siba/dev_4ws-main2/src/bldc_can': PYTHONPATH=/home/siba/dev_4ws-main2/build/bldc_can/prefix_override:/usr/lib/python3/dist-packages/colcon_core/task/python/colcon_distutils_commands:/home/siba/dev_4ws-main2/install/bldc_can/lib/python3.8/site-packages:/home/siba/dev_4ws-main2/install/mis_mensajes/lib/python3.8/site-packages:/home/siba/dev_4ws-main2/install/path_demo/lib/python3.8/site-packages:/home/siba/dev_4ws-main2/install/imu_controller/lib/python3.8/site-packages:/home/siba/dev_4ws-main2/install/bldc_can/lib/python3.8/site-packages:/home/siba/dev_4ws-main2/install/dc_motor/lib/python3.8/site-packages:/home/siba/dev_4ws-main2/install/GAZEBO_description/lib/python3.8/site-packages:/home/siba/ros2_ws/install/fresas/lib/python3.8/site-packages:/home/siba/ros2_ws/install/examples_rclpy_minimal_subscriber/lib/python3.8/site-packages:/home/siba/ros2_ws/install/examples_rclpy_minimal_service/lib/python3.8/site-packages:/home/siba/ros2_ws/install/examples_rclpy_minimal_publisher/lib/python3.8/site-packages:/home/siba/ros2_ws/install/examples_rclpy_minimal_client/lib/python3.8/site-packages:/home/siba/ros2_ws/install/examples_rclpy_minimal_action_server/lib/python3.8/site-packages:/home/siba/ros2_ws/install/examples_rclpy_minimal_action_client/lib/python3.8/site-packages:/home/siba/ros2_ws/install/examples_rclpy_executors/lib/python3.8/site-packages:/home/siba/ros2_ws/install/dc_motor_controller/lib/python3.8/site-packages:/home/siba/ros2_ws/install/dc_motor_interfaces/lib/python3.8/site-packages:/home/siba/ros2_ws/src/fresas/install/fresas/lib/python3.8/site-packages:/opt/ros/foxy/lib/python3.8/site-packages /usr/bin/python3 -W ignore:setup.py install is deprecated setup.py egg_info --egg-base ../../build/bldc_can build --build-base /home/siba/dev_4ws-main2/build/bldc_can/build install --record /home/siba/dev_4ws-main2/build/bldc_can/install.log --install-scripts $base/lib/bldc_can --single-version-externally-managed install_data
[3.313s] running egg_info
[3.316s] writing ../../build/bldc_can/bldc_can.egg-info/PKG-INFO
[3.317s] writing dependency_links to ../../build/bldc_can/bldc_can.egg-info/dependency_links.txt
[3.317s] writing entry points to ../../build/bldc_can/bldc_can.egg-info/entry_points.txt
[3.318s] writing requirements to ../../build/bldc_can/bldc_can.egg-info/requires.txt
[3.318s] writing top-level names to ../../build/bldc_can/bldc_can.egg-info/top_level.txt
[3.393s] reading manifest file '../../build/bldc_can/bldc_can.egg-info/SOURCES.txt'
[3.395s] writing manifest file '../../build/bldc_can/bldc_can.egg-info/SOURCES.txt'
[3.396s] running build
[3.397s] running build_py
[3.397s] running install
[3.401s] running install_lib
[3.404s] running install_data
[3.405s] running install_egg_info
[3.410s] removing '/home/siba/dev_4ws-main2/install/bldc_can/lib/python3.8/site-packages/bldc_can-0.0.1-py3.8.egg-info' (and everything under it)
[3.410s] Copying ../../build/bldc_can/bldc_can.egg-info to /home/siba/dev_4ws-main2/install/bldc_can/lib/python3.8/site-packages/bldc_can-0.0.1-py3.8.egg-info
[3.412s] running install_scripts
[3.449s] Installing can_monitor script to /home/siba/dev_4ws-main2/install/bldc_can/lib/bldc_can
[3.450s] Installing can_node script to /home/siba/dev_4ws-main2/install/bldc_can/lib/bldc_can
[3.450s] writing list of installed files to '/home/siba/dev_4ws-main2/build/bldc_can/install.log'
[3.499s] Invoked command in '/home/siba/dev_4ws-main2/src/bldc_can' returned '0': PYTHONPATH=/home/siba/dev_4ws-main2/build/bldc_can/prefix_override:/usr/lib/python3/dist-packages/colcon_core/task/python/colcon_distutils_commands:/home/siba/dev_4ws-main2/install/bldc_can/lib/python3.8/site-packages:/home/siba/dev_4ws-main2/install/mis_mensajes/lib/python3.8/site-packages:/home/siba/dev_4ws-main2/install/path_demo/lib/python3.8/site-packages:/home/siba/dev_4ws-main2/install/imu_controller/lib/python3.8/site-packages:/home/siba/dev_4ws-main2/install/bldc_can/lib/python3.8/site-packages:/home/siba/dev_4ws-main2/install/dc_motor/lib/python3.8/site-packages:/home/siba/dev_4ws-main2/install/GAZEBO_description/lib/python3.8/site-packages:/home/siba/ros2_ws/install/fresas/lib/python3.8/site-packages:/home/siba/ros2_ws/install/examples_rclpy_minimal_subscriber/lib/python3.8/site-packages:/home/siba/ros2_ws/install/examples_rclpy_minimal_service/lib/python3.8/site-packages:/home/siba/ros2_ws/install/examples_rclpy_minimal_publisher/lib/python3.8/site-packages:/home/siba/ros2_ws/install/examples_rclpy_minimal_client/lib/python3.8/site-packages:/home/siba/ros2_ws/install/examples_rclpy_minimal_action_server/lib/python3.8/site-packages:/home/siba/ros2_ws/install/examples_rclpy_minimal_action_client/lib/python3.8/site-packages:/home/siba/ros2_ws/install/examples_rclpy_executors/lib/python3.8/site-packages:/home/siba/ros2_ws/install/dc_motor_controller/lib/python3.8/site-packages:/home/siba/ros2_ws/install/dc_motor_interfaces/lib/python3.8/site-packages:/home/siba/ros2_ws/src/fresas/install/fresas/lib/python3.8/site-packages:/opt/ros/foxy/lib/python3.8/site-packages /usr/bin/python3 -W ignore:setup.py install is deprecated setup.py egg_info --egg-base ../../build/bldc_can build --build-base /home/siba/dev_4ws-main2/build/bldc_can/build install --record /home/siba/dev_4ws-main2/build/bldc_can/install.log --install-scripts $base/lib/bldc_can --single-version-externally-managed install_data
