[0.065s] Invoking command in '/home/siba/dev_4ws-main2/build/mis_mensajes': CMAKE_PREFIX_PATH=${CMAKE_PREFIX_PATH}:/home/siba/dev_4ws-main2/install/path_demo:/home/siba/dev_4ws-main2/install/imu_controller:/home/siba/dev_4ws-main2/install/dc_motor:/home/siba/dev_4ws-main2/install/GAZEBO_description:/home/siba/ros2_ws/install/examples_rclpy_minimal_subscriber:/home/siba/ros2_ws/install/examples_rclpy_minimal_service:/home/siba/ros2_ws/install/examples_rclpy_minimal_publisher:/home/siba/ros2_ws/install/examples_rclpy_minimal_client:/home/siba/ros2_ws/install/examples_rclpy_minimal_action_server:/home/siba/ros2_ws/install/examples_rclpy_minimal_action_client:/home/siba/ros2_ws/install/examples_rclpy_executors:/home/siba/ros2_ws/install/dc_motor_controller:/opt/ros/foxy /usr/bin/cmake --build /home/siba/dev_4ws-main2/build/mis_mensajes -- -j4 -l4
[0.811s] [  3%] Built target mis_mensajes__cpp
[0.812s] [ 12%] Built target mis_mensajes__rosidl_generator_c
[0.813s] [ 22%] Built target mis_mensajes__rosidl_typesupport_fastrtps_cpp
[0.814s] [ 32%] Built target mis_mensajes__rosidl_typesupport_cpp
[0.814s] [ 41%] Built target mis_mensajes__rosidl_typesupport_introspection_cpp
[0.816s] [ 51%] Built target mis_mensajes__rosidl_typesupport_introspection_c
[0.817s] [ 61%] Built target mis_mensajes__rosidl_typesupport_c
[0.818s] [ 70%] Built target mis_mensajes__rosidl_typesupport_fastrtps_c
[0.818s] [ 70%] Built target mis_mensajes
[0.818s] [ 74%] Built target mis_mensajes__py
[0.818s] [ 80%] Built target mis_mensajes__python
[0.818s] [ 93%] Built target mis_mensajes__rosidl_typesupport_introspection_c__pyext
[0.818s] [ 93%] Built target mis_mensajes__rosidl_typesupport_c__pyext
[0.818s] [100%] Built target mis_mensajes__rosidl_typesupport_fastrtps_c__pyext
[1.145s] Invoked command in '/home/siba/dev_4ws-main2/build/mis_mensajes' returned '0': CMAKE_PREFIX_PATH=${CMAKE_PREFIX_PATH}:/home/siba/dev_4ws-main2/install/path_demo:/home/siba/dev_4ws-main2/install/imu_controller:/home/siba/dev_4ws-main2/install/dc_motor:/home/siba/dev_4ws-main2/install/GAZEBO_description:/home/siba/ros2_ws/install/examples_rclpy_minimal_subscriber:/home/siba/ros2_ws/install/examples_rclpy_minimal_service:/home/siba/ros2_ws/install/examples_rclpy_minimal_publisher:/home/siba/ros2_ws/install/examples_rclpy_minimal_client:/home/siba/ros2_ws/install/examples_rclpy_minimal_action_server:/home/siba/ros2_ws/install/examples_rclpy_minimal_action_client:/home/siba/ros2_ws/install/examples_rclpy_executors:/home/siba/ros2_ws/install/dc_motor_controller:/opt/ros/foxy /usr/bin/cmake --build /home/siba/dev_4ws-main2/build/mis_mensajes -- -j4 -l4
[1.281s] Invoking command in '/home/siba/dev_4ws-main2/build/mis_mensajes': CMAKE_PREFIX_PATH=${CMAKE_PREFIX_PATH}:/home/siba/dev_4ws-main2/install/path_demo:/home/siba/dev_4ws-main2/install/imu_controller:/home/siba/dev_4ws-main2/install/dc_motor:/home/siba/dev_4ws-main2/install/GAZEBO_description:/home/siba/ros2_ws/install/examples_rclpy_minimal_subscriber:/home/siba/ros2_ws/install/examples_rclpy_minimal_service:/home/siba/ros2_ws/install/examples_rclpy_minimal_publisher:/home/siba/ros2_ws/install/examples_rclpy_minimal_client:/home/siba/ros2_ws/install/examples_rclpy_minimal_action_server:/home/siba/ros2_ws/install/examples_rclpy_minimal_action_client:/home/siba/ros2_ws/install/examples_rclpy_executors:/home/siba/ros2_ws/install/dc_motor_controller:/opt/ros/foxy /usr/bin/cmake --install /home/siba/dev_4ws-main2/build/mis_mensajes
[1.303s] -- Install configuration: ""
[1.303s] -- Up-to-date: /home/siba/dev_4ws-main2/install/mis_mensajes/share/ament_index/resource_index/rosidl_interfaces/mis_mensajes
[1.303s] -- Up-to-date: /home/siba/dev_4ws-main2/install/mis_mensajes/include/mis_mensajes
[1.304s] -- Up-to-date: /home/siba/dev_4ws-main2/install/mis_mensajes/include/mis_mensajes/msg
[1.304s] -- Up-to-date: /home/siba/dev_4ws-main2/install/mis_mensajes/include/mis_mensajes/msg/angulos_inclinacion.h
[1.304s] -- Up-to-date: /home/siba/dev_4ws-main2/install/mis_mensajes/include/mis_mensajes/msg/rosidl_generator_c__visibility_control.h
[1.304s] -- Up-to-date: /home/siba/dev_4ws-main2/install/mis_mensajes/include/mis_mensajes/msg/detail
[1.304s] -- Up-to-date: /home/siba/dev_4ws-main2/install/mis_mensajes/include/mis_mensajes/msg/detail/angulos_inclinacion__type_support.h
[1.304s] -- Up-to-date: /home/siba/dev_4ws-main2/install/mis_mensajes/include/mis_mensajes/msg/detail/angulos_inclinacion__struct.h
[1.305s] -- Up-to-date: /home/siba/dev_4ws-main2/install/mis_mensajes/include/mis_mensajes/msg/detail/angulos_inclinacion__functions.h
[1.305s] -- Up-to-date: /home/siba/dev_4ws-main2/install/mis_mensajes/include/mis_mensajes/msg/detail/angulos_inclinacion__functions.c
[1.305s] -- Up-to-date: /home/siba/dev_4ws-main2/install/mis_mensajes/share/mis_mensajes/environment/library_path.sh
[1.305s] -- Up-to-date: /home/siba/dev_4ws-main2/install/mis_mensajes/share/mis_mensajes/environment/library_path.dsv
[1.308s] -- Up-to-date: /home/siba/dev_4ws-main2/install/mis_mensajes/lib/libmis_mensajes__rosidl_generator_c.so
[1.309s] -- Up-to-date: /home/siba/dev_4ws-main2/install/mis_mensajes/include/mis_mensajes
[1.309s] -- Up-to-date: /home/siba/dev_4ws-main2/install/mis_mensajes/include/mis_mensajes/msg
[1.310s] -- Up-to-date: /home/siba/dev_4ws-main2/install/mis_mensajes/include/mis_mensajes/msg/rosidl_typesupport_fastrtps_c__visibility_control.h
[1.310s] -- Up-to-date: /home/siba/dev_4ws-main2/install/mis_mensajes/include/mis_mensajes/msg/detail
[1.311s] -- Up-to-date: /home/siba/dev_4ws-main2/install/mis_mensajes/include/mis_mensajes/msg/detail/angulos_inclinacion__rosidl_typesupport_fastrtps_c.h
[1.316s] -- Up-to-date: /home/siba/dev_4ws-main2/install/mis_mensajes/lib/libmis_mensajes__rosidl_typesupport_fastrtps_c.so
[1.317s] -- Up-to-date: /home/siba/dev_4ws-main2/install/mis_mensajes/include/mis_mensajes
[1.317s] -- Up-to-date: /home/siba/dev_4ws-main2/install/mis_mensajes/include/mis_mensajes/msg
[1.318s] -- Up-to-date: /home/siba/dev_4ws-main2/install/mis_mensajes/include/mis_mensajes/msg/rosidl_typesupport_fastrtps_cpp__visibility_control.h
[1.318s] -- Up-to-date: /home/siba/dev_4ws-main2/install/mis_mensajes/include/mis_mensajes/msg/detail
[1.318s] -- Up-to-date: /home/siba/dev_4ws-main2/install/mis_mensajes/include/mis_mensajes/msg/detail/angulos_inclinacion__rosidl_typesupport_fastrtps_cpp.hpp
[1.319s] -- Up-to-date: /home/siba/dev_4ws-main2/install/mis_mensajes/include/mis_mensajes/msg/detail/dds_fastrtps
[1.325s] -- Up-to-date: /home/siba/dev_4ws-main2/install/mis_mensajes/lib/libmis_mensajes__rosidl_typesupport_fastrtps_cpp.so
[1.326s] -- Up-to-date: /home/siba/dev_4ws-main2/install/mis_mensajes/include/mis_mensajes
[1.326s] -- Up-to-date: /home/siba/dev_4ws-main2/install/mis_mensajes/include/mis_mensajes/msg
[1.326s] -- Up-to-date: /home/siba/dev_4ws-main2/install/mis_mensajes/include/mis_mensajes/msg/rosidl_typesupport_introspection_c__visibility_control.h
[1.327s] -- Up-to-date: /home/siba/dev_4ws-main2/install/mis_mensajes/include/mis_mensajes/msg/detail
[1.327s] -- Up-to-date: /home/siba/dev_4ws-main2/install/mis_mensajes/include/mis_mensajes/msg/detail/angulos_inclinacion__type_support.c
[1.327s] -- Up-to-date: /home/siba/dev_4ws-main2/install/mis_mensajes/include/mis_mensajes/msg/detail/angulos_inclinacion__rosidl_typesupport_introspection_c.h
[1.329s] -- Up-to-date: /home/siba/dev_4ws-main2/install/mis_mensajes/lib/libmis_mensajes__rosidl_typesupport_introspection_c.so
[1.330s] -- Up-to-date: /home/siba/dev_4ws-main2/install/mis_mensajes/lib/libmis_mensajes__rosidl_typesupport_c.so
[1.331s] -- Up-to-date: /home/siba/dev_4ws-main2/install/mis_mensajes/include/mis_mensajes
[1.331s] -- Up-to-date: /home/siba/dev_4ws-main2/install/mis_mensajes/include/mis_mensajes/msg
[1.332s] -- Up-to-date: /home/siba/dev_4ws-main2/install/mis_mensajes/include/mis_mensajes/msg/angulos_inclinacion.hpp
[1.332s] -- Up-to-date: /home/siba/dev_4ws-main2/install/mis_mensajes/include/mis_mensajes/msg/rosidl_generator_cpp__visibility_control.hpp
[1.333s] -- Up-to-date: /home/siba/dev_4ws-main2/install/mis_mensajes/include/mis_mensajes/msg/detail
[1.333s] -- Up-to-date: /home/siba/dev_4ws-main2/install/mis_mensajes/include/mis_mensajes/msg/detail/angulos_inclinacion__builder.hpp
[1.333s] -- Up-to-date: /home/siba/dev_4ws-main2/install/mis_mensajes/include/mis_mensajes/msg/detail/angulos_inclinacion__traits.hpp
[1.333s] -- Up-to-date: /home/siba/dev_4ws-main2/install/mis_mensajes/include/mis_mensajes/msg/detail/angulos_inclinacion__struct.hpp
[1.334s] -- Up-to-date: /home/siba/dev_4ws-main2/install/mis_mensajes/include/mis_mensajes/msg/detail/angulos_inclinacion__type_support.hpp
[1.334s] -- Up-to-date: /home/siba/dev_4ws-main2/install/mis_mensajes/include/mis_mensajes
[1.334s] -- Up-to-date: /home/siba/dev_4ws-main2/install/mis_mensajes/include/mis_mensajes/msg
[1.335s] -- Up-to-date: /home/siba/dev_4ws-main2/install/mis_mensajes/include/mis_mensajes/msg/detail
[1.335s] -- Up-to-date: /home/siba/dev_4ws-main2/install/mis_mensajes/include/mis_mensajes/msg/detail/angulos_inclinacion__type_support.cpp
[1.335s] -- Up-to-date: /home/siba/dev_4ws-main2/install/mis_mensajes/include/mis_mensajes/msg/detail/angulos_inclinacion__rosidl_typesupport_introspection_cpp.hpp
[1.336s] -- Up-to-date: /home/siba/dev_4ws-main2/install/mis_mensajes/lib/libmis_mensajes__rosidl_typesupport_introspection_cpp.so
[1.339s] -- Up-to-date: /home/siba/dev_4ws-main2/install/mis_mensajes/lib/libmis_mensajes__rosidl_typesupport_cpp.so
[1.340s] -- Up-to-date: /home/siba/dev_4ws-main2/install/mis_mensajes/share/mis_mensajes/environment/pythonpath.sh
[1.340s] -- Up-to-date: /home/siba/dev_4ws-main2/install/mis_mensajes/share/mis_mensajes/environment/pythonpath.dsv
[1.340s] -- Up-to-date: /home/siba/dev_4ws-main2/install/mis_mensajes/lib/python3.8/site-packages/mis_mensajes/__init__.py
[1.426s] -- Up-to-date: /home/siba/dev_4ws-main2/install/mis_mensajes/lib/python3.8/site-packages/mis_mensajes/msg
[1.427s] -- Up-to-date: /home/siba/dev_4ws-main2/install/mis_mensajes/lib/python3.8/site-packages/mis_mensajes/msg/_angulos_inclinacion.py
[1.428s] -- Up-to-date: /home/siba/dev_4ws-main2/install/mis_mensajes/lib/python3.8/site-packages/mis_mensajes/msg/_angulos_inclinacion_s.c
[1.429s] -- Up-to-date: /home/siba/dev_4ws-main2/install/mis_mensajes/lib/python3.8/site-packages/mis_mensajes/msg/__init__.py
[1.431s] -- Up-to-date: /home/siba/dev_4ws-main2/install/mis_mensajes/lib/python3.8/site-packages/mis_mensajes/mis_mensajes_s__rosidl_typesupport_fastrtps_c.cpython-38-x86_64-linux-gnu.so
[1.435s] -- Up-to-date: /home/siba/dev_4ws-main2/install/mis_mensajes/lib/python3.8/site-packages/mis_mensajes/mis_mensajes_s__rosidl_typesupport_introspection_c.cpython-38-x86_64-linux-gnu.so
[1.438s] -- Up-to-date: /home/siba/dev_4ws-main2/install/mis_mensajes/lib/python3.8/site-packages/mis_mensajes/mis_mensajes_s__rosidl_typesupport_c.cpython-38-x86_64-linux-gnu.so
[1.441s] -- Up-to-date: /home/siba/dev_4ws-main2/install/mis_mensajes/lib/libmis_mensajes__python.so
[1.442s] -- Up-to-date: /home/siba/dev_4ws-main2/install/mis_mensajes/share/mis_mensajes/msg/AngulosInclinacion.idl
[1.443s] -- Up-to-date: /home/siba/dev_4ws-main2/install/mis_mensajes/share/mis_mensajes/msg/AngulosInclinacion.msg
[1.444s] -- Up-to-date: /home/siba/dev_4ws-main2/install/mis_mensajes/share/ament_index/resource_index/package_run_dependencies/mis_mensajes
[1.446s] -- Up-to-date: /home/siba/dev_4ws-main2/install/mis_mensajes/share/ament_index/resource_index/parent_prefix_path/mis_mensajes
[1.447s] -- Up-to-date: /home/siba/dev_4ws-main2/install/mis_mensajes/share/mis_mensajes/environment/ament_prefix_path.sh
[1.448s] -- Up-to-date: /home/siba/dev_4ws-main2/install/mis_mensajes/share/mis_mensajes/environment/ament_prefix_path.dsv
[1.449s] -- Up-to-date: /home/siba/dev_4ws-main2/install/mis_mensajes/share/mis_mensajes/environment/path.sh
[1.450s] -- Up-to-date: /home/siba/dev_4ws-main2/install/mis_mensajes/share/mis_mensajes/environment/path.dsv
[1.451s] -- Up-to-date: /home/siba/dev_4ws-main2/install/mis_mensajes/share/mis_mensajes/local_setup.bash
[1.452s] -- Up-to-date: /home/siba/dev_4ws-main2/install/mis_mensajes/share/mis_mensajes/local_setup.sh
[1.453s] -- Up-to-date: /home/siba/dev_4ws-main2/install/mis_mensajes/share/mis_mensajes/local_setup.zsh
[1.453s] -- Up-to-date: /home/siba/dev_4ws-main2/install/mis_mensajes/share/mis_mensajes/local_setup.dsv
[1.454s] -- Installing: /home/siba/dev_4ws-main2/install/mis_mensajes/share/mis_mensajes/package.dsv
[1.457s] -- Up-to-date: /home/siba/dev_4ws-main2/install/mis_mensajes/share/ament_index/resource_index/packages/mis_mensajes
[1.459s] -- Up-to-date: /home/siba/dev_4ws-main2/install/mis_mensajes/share/mis_mensajes/cmake/mis_mensajes__rosidl_generator_cExport.cmake
[1.460s] -- Up-to-date: /home/siba/dev_4ws-main2/install/mis_mensajes/share/mis_mensajes/cmake/mis_mensajes__rosidl_generator_cExport-noconfig.cmake
[1.462s] -- Up-to-date: /home/siba/dev_4ws-main2/install/mis_mensajes/share/mis_mensajes/cmake/mis_mensajes__rosidl_typesupport_introspection_cExport.cmake
[1.463s] -- Up-to-date: /home/siba/dev_4ws-main2/install/mis_mensajes/share/mis_mensajes/cmake/mis_mensajes__rosidl_typesupport_introspection_cExport-noconfig.cmake
[1.464s] -- Up-to-date: /home/siba/dev_4ws-main2/install/mis_mensajes/share/mis_mensajes/cmake/mis_mensajes__rosidl_typesupport_cExport.cmake
[1.466s] -- Up-to-date: /home/siba/dev_4ws-main2/install/mis_mensajes/share/mis_mensajes/cmake/mis_mensajes__rosidl_typesupport_cExport-noconfig.cmake
[1.467s] -- Up-to-date: /home/siba/dev_4ws-main2/install/mis_mensajes/share/mis_mensajes/cmake/mis_mensajes__rosidl_generator_cppExport.cmake
[1.469s] -- Up-to-date: /home/siba/dev_4ws-main2/install/mis_mensajes/share/mis_mensajes/cmake/mis_mensajes__rosidl_typesupport_introspection_cppExport.cmake
[1.470s] -- Up-to-date: /home/siba/dev_4ws-main2/install/mis_mensajes/share/mis_mensajes/cmake/mis_mensajes__rosidl_typesupport_introspection_cppExport-noconfig.cmake
[1.471s] -- Up-to-date: /home/siba/dev_4ws-main2/install/mis_mensajes/share/mis_mensajes/cmake/mis_mensajes__rosidl_typesupport_cppExport.cmake
[1.472s] -- Up-to-date: /home/siba/dev_4ws-main2/install/mis_mensajes/share/mis_mensajes/cmake/mis_mensajes__rosidl_typesupport_cppExport-noconfig.cmake
[1.473s] -- Up-to-date: /home/siba/dev_4ws-main2/install/mis_mensajes/share/mis_mensajes/cmake/rosidl_cmake-extras.cmake
[1.474s] -- Up-to-date: /home/siba/dev_4ws-main2/install/mis_mensajes/share/mis_mensajes/cmake/ament_cmake_export_dependencies-extras.cmake
[1.476s] -- Up-to-date: /home/siba/dev_4ws-main2/install/mis_mensajes/share/mis_mensajes/cmake/ament_cmake_export_libraries-extras.cmake
[1.477s] -- Up-to-date: /home/siba/dev_4ws-main2/install/mis_mensajes/share/mis_mensajes/cmake/ament_cmake_export_targets-extras.cmake
[1.478s] -- Up-to-date: /home/siba/dev_4ws-main2/install/mis_mensajes/share/mis_mensajes/cmake/ament_cmake_export_include_directories-extras.cmake
[1.479s] -- Up-to-date: /home/siba/dev_4ws-main2/install/mis_mensajes/share/mis_mensajes/cmake/rosidl_cmake_export_typesupport_libraries-extras.cmake
[1.480s] -- Up-to-date: /home/siba/dev_4ws-main2/install/mis_mensajes/share/mis_mensajes/cmake/rosidl_cmake_export_typesupport_targets-extras.cmake
[1.481s] -- Up-to-date: /home/siba/dev_4ws-main2/install/mis_mensajes/share/mis_mensajes/cmake/mis_mensajesConfig.cmake
[1.482s] -- Up-to-date: /home/siba/dev_4ws-main2/install/mis_mensajes/share/mis_mensajes/cmake/mis_mensajesConfig-version.cmake
[1.482s] -- Up-to-date: /home/siba/dev_4ws-main2/install/mis_mensajes/share/mis_mensajes/package.xml
[1.488s] Invoked command in '/home/siba/dev_4ws-main2/build/mis_mensajes' returned '0': CMAKE_PREFIX_PATH=${CMAKE_PREFIX_PATH}:/home/siba/dev_4ws-main2/install/path_demo:/home/siba/dev_4ws-main2/install/imu_controller:/home/siba/dev_4ws-main2/install/dc_motor:/home/siba/dev_4ws-main2/install/GAZEBO_description:/home/siba/ros2_ws/install/examples_rclpy_minimal_subscriber:/home/siba/ros2_ws/install/examples_rclpy_minimal_service:/home/siba/ros2_ws/install/examples_rclpy_minimal_publisher:/home/siba/ros2_ws/install/examples_rclpy_minimal_client:/home/siba/ros2_ws/install/examples_rclpy_minimal_action_server:/home/siba/ros2_ws/install/examples_rclpy_minimal_action_client:/home/siba/ros2_ws/install/examples_rclpy_executors:/home/siba/ros2_ws/install/dc_motor_controller:/opt/ros/foxy /usr/bin/cmake --install /home/siba/dev_4ws-main2/build/mis_mensajes
