running egg_info
writing ../../build/bldc_can/bldc_can.egg-info/PKG-INFO
writing dependency_links to ../../build/bldc_can/bldc_can.egg-info/dependency_links.txt
writing entry points to ../../build/bldc_can/bldc_can.egg-info/entry_points.txt
writing requirements to ../../build/bldc_can/bldc_can.egg-info/requires.txt
writing top-level names to ../../build/bldc_can/bldc_can.egg-info/top_level.txt
reading manifest file '../../build/bldc_can/bldc_can.egg-info/SOURCES.txt'
writing manifest file '../../build/bldc_can/bldc_can.egg-info/SOURCES.txt'
running build
running build_py
copying bldc_can/bldc_monitor.py -> /home/siba/dev_4ws-main2/build/bldc_can/build/lib/bldc_can
running install
running install_lib
copying /home/siba/dev_4ws-main2/build/bldc_can/build/lib/bldc_can/bldc_monitor.py -> /home/siba/dev_4ws-main2/install/bldc_can/lib/python3.8/site-packages/bldc_can
byte-compiling /home/siba/dev_4ws-main2/install/bldc_can/lib/python3.8/site-packages/bldc_can/bldc_monitor.py to bldc_monitor.cpython-38.pyc
Sorry: IndentationError: expected an indented block (bldc_monitor.py, line 114)
running install_data
running install_egg_info
removing '/home/siba/dev_4ws-main2/install/bldc_can/lib/python3.8/site-packages/bldc_can-0.0.1-py3.8.egg-info' (and everything under it)
Copying ../../build/bldc_can/bldc_can.egg-info to /home/siba/dev_4ws-main2/install/bldc_can/lib/python3.8/site-packages/bldc_can-0.0.1-py3.8.egg-info
running install_scripts
Installing can_monitor script to /home/siba/dev_4ws-main2/install/bldc_can/lib/bldc_can
Installing can_node script to /home/siba/dev_4ws-main2/install/bldc_can/lib/bldc_can
writing list of installed files to '/home/siba/dev_4ws-main2/build/bldc_can/install.log'
