-- The C compiler identification is GNU 9.4.0
-- The CXX compiler identification is GNU 9.4.0
-- Check for working C compiler: /usr/bin/cc
-- Check for working C compiler: /usr/bin/cc -- works
-- Detecting C compiler ABI info
-- Detecting C compiler ABI info - done
-- Detecting C compile features
-- Detecting C compile features - done
-- Check for working CXX compiler: /usr/bin/c++
-- Check for working CXX compiler: /usr/bin/c++ -- works
-- Detecting CXX compiler ABI info
-- Detecting CXX compiler ABI info - done
-- Detecting CXX compile features
-- Detecting CXX compile features - done
-- Found ament_cmake: 0.9.12 (/opt/ros/foxy/share/ament_cmake/cmake)
-- Found PythonInterp: /usr/bin/python3 (found suitable version "3.8.10", minimum required is "3") 
-- Using PYTHON_EXECUTABLE: /usr/bin/python3
-- Found PkgConfig: /usr/bin/pkg-config (found version "0.29.1") 
-- Checking for module 'bullet>=2.82'
--   Found bullet, version 2.88
-- Found ccd: /usr/include (found suitable version "2.0", minimum required is "2.0") 
-- Found fcl: /usr/include (found suitable version "0.5.0", minimum required is "0.3.2") 
-- Found assimp: /usr/include (found version "5.0.0") 
-- Found DART: /usr/include (Required is at least version "6.6") found components: dart 
-- Found Boost: /usr/lib/x86_64-linux-gnu/cmake/Boost-1.71.0/BoostConfig.cmake (found suitable version "1.71.0", minimum required is "1.40.0") found components: thread system filesystem program_options regex iostreams date_time 
-- Found Protobuf: /usr/lib/x86_64-linux-gnu/libprotobuf.so;-lpthread (found version "3.6.1") 
-- Looking for ignition-math6 -- found version 6.15.1
-- Searching for dependencies of ignition-math6
-- Looking for OGRE...
-- OGRE_PREFIX_WATCH changed.
-- Checking for module 'OGRE'
--   Found OGRE, version 1.9.0
-- Found Ogre Ghadamon (1.9.0)
-- Found OGRE: optimized;/usr/lib/x86_64-linux-gnu/libOgreMain.so;debug;/usr/lib/x86_64-linux-gnu/libOgreMain.so
-- Looking for OGRE_Paging...
-- Found OGRE_Paging: optimized;/usr/lib/x86_64-linux-gnu/libOgrePaging.so;debug;/usr/lib/x86_64-linux-gnu/libOgrePaging.so
-- Looking for OGRE_Terrain...
-- Found OGRE_Terrain: optimized;/usr/lib/x86_64-linux-gnu/libOgreTerrain.so;debug;/usr/lib/x86_64-linux-gnu/libOgreTerrain.so
-- Looking for OGRE_Property...
-- Found OGRE_Property: optimized;/usr/lib/x86_64-linux-gnu/libOgreProperty.so;debug;/usr/lib/x86_64-linux-gnu/libOgreProperty.so
-- Looking for OGRE_RTShaderSystem...
-- Found OGRE_RTShaderSystem: optimized;/usr/lib/x86_64-linux-gnu/libOgreRTShaderSystem.so;debug;/usr/lib/x86_64-linux-gnu/libOgreRTShaderSystem.so
-- Looking for OGRE_Volume...
-- Found OGRE_Volume: optimized;/usr/lib/x86_64-linux-gnu/libOgreVolume.so;debug;/usr/lib/x86_64-linux-gnu/libOgreVolume.so
-- Looking for OGRE_Overlay...
-- Found OGRE_Overlay: optimized;/usr/lib/x86_64-linux-gnu/libOgreOverlay.so;debug;/usr/lib/x86_64-linux-gnu/libOgreOverlay.so
-- Looking for ignition-math6 -- found version 6.15.1
-- Looking for ignition-transport8 -- found version 8.3.0
-- Searching for dependencies of ignition-transport8
-- Found Protobuf: /usr/lib/x86_64-linux-gnu/libprotobuf.so;-lpthread (found suitable version "3.6.1", minimum required is "3") 
-- Config-file not installed for ZeroMQ -- checking for pkg-config
-- Checking for module 'libzmq >= 4'
--   Found libzmq , version 4.3.2
-- Found ZeroMQ: TRUE (Required is at least version "4") 
-- Checking for module 'uuid'
--   Found uuid, version 2.34.0
-- Found UUID: TRUE  
-- Looking for ignition-msgs5 -- found version 5.10.0
-- Searching for dependencies of ignition-msgs5
-- Looking for ignition-math6 -- found version 6.15.1
-- Checking for module 'tinyxml2'
--   Found tinyxml2, version 6.2.0
-- Looking for ignition-msgs5 -- found version 5.10.0
-- Looking for ignition-common3 -- found version 3.14.2
-- Searching for dependencies of ignition-common3
-- Looking for dlfcn.h - found
-- Looking for libdl - found
-- Found DL: TRUE  
-- Searching for <ignition-common3> component [graphics]
-- Looking for ignition-common3-graphics -- found version 3.14.2
-- Searching for dependencies of ignition-common3-graphics
-- Looking for ignition-math6 -- found version 6.15.1
-- Looking for ignition-fuel_tools4 -- found version 4.6.0
-- Searching for dependencies of ignition-fuel_tools4
-- Found CURL: /usr/lib/x86_64-linux-gnu/libcurl.so (found version "7.68.0")  
-- Checking for module 'jsoncpp'
--   Found jsoncpp, version 1.7.4
-- Found JSONCPP: TRUE  
-- Checking for module 'libzip'
--   Found libzip, version 1.5.1
-- Found ZIP: TRUE  
-- Looking for ignition-common3 -- found version 3.14.2
-- Looking for ignition-math6 -- found version 6.15.1
-- Looking for ignition-msgs5 -- found version 5.10.0
-- Found gazebo_ros_pkgs: 3.5.3 (/opt/ros/foxy/share/gazebo_ros_pkgs/cmake)
-- Found geometry_msgs: 2.0.5 (/opt/ros/foxy/share/geometry_msgs/cmake)
-- Using all available rosidl_typesupport_c: rosidl_typesupport_fastrtps_c;rosidl_typesupport_introspection_c
-- Found rosidl_adapter: 1.3.1 (/opt/ros/foxy/share/rosidl_adapter/cmake)
-- Found OpenSSL: /usr/lib/x86_64-linux-gnu/libcrypto.so (found version "1.1.1f")  
-- Found FastRTPS: /opt/ros/foxy/include  
-- Using all available rosidl_typesupport_cpp: rosidl_typesupport_fastrtps_cpp;rosidl_typesupport_introspection_cpp
-- Found rclcpp: 2.4.3 (/opt/ros/foxy/share/rclcpp/cmake)
-- Found rmw_implementation_cmake: 1.0.4 (/opt/ros/foxy/share/rmw_implementation_cmake/cmake)
-- Using RMW implementation 'rmw_fastrtps_cpp' as default
-- Found Threads: TRUE  
-- Found sensor_msgs: 2.0.5 (/opt/ros/foxy/share/sensor_msgs/cmake)
-- Found tf2: 0.13.14 (/opt/ros/foxy/share/tf2/cmake)
-- Configuring done
-- Generating done
-- Build files have been written to: /home/siba/dev_4ws-main2/build/gazebo_simulation
-- Install configuration: ""
-- Installing: /home/siba/dev_4ws-main2/install/gazebo_simulation/share/gazebo_simulation//launch
-- Installing: /home/siba/dev_4ws-main2/install/gazebo_simulation/share/gazebo_simulation//launch/robot_sim.launch.py
-- Installing: /home/siba/dev_4ws-main2/install/gazebo_simulation/share/gazebo_simulation//launch/robot_state_publisher.launch.py
-- Installing: /home/siba/dev_4ws-main2/install/gazebo_simulation/share/gazebo_simulation//models
-- Installing: /home/siba/dev_4ws-main2/install/gazebo_simulation/share/gazebo_simulation//models/rs_robot
-- Installing: /home/siba/dev_4ws-main2/install/gazebo_simulation/share/gazebo_simulation//models/rs_robot/rs_robot.sdf
-- Installing: /home/siba/dev_4ws-main2/install/gazebo_simulation/share/gazebo_simulation//models/rs_robot/meshes
-- Installing: /home/siba/dev_4ws-main2/install/gazebo_simulation/share/gazebo_simulation//models/rs_robot/meshes/STL
-- Installing: /home/siba/dev_4ws-main2/install/gazebo_simulation/share/gazebo_simulation//models/rs_robot/meshes/STL/lidar_base
-- Installing: /home/siba/dev_4ws-main2/install/gazebo_simulation/share/gazebo_simulation//models/rs_robot/meshes/STL/lidar_base/YDlidar_base.stl
-- Installing: /home/siba/dev_4ws-main2/install/gazebo_simulation/share/gazebo_simulation//models/rs_robot/meshes/STL/base
-- Installing: /home/siba/dev_4ws-main2/install/gazebo_simulation/share/gazebo_simulation//models/rs_robot/meshes/STL/base/base_link_old.stl
-- Installing: /home/siba/dev_4ws-main2/install/gazebo_simulation/share/gazebo_simulation//models/rs_robot/meshes/STL/base/base_link.stl
-- Installing: /home/siba/dev_4ws-main2/install/gazebo_simulation/share/gazebo_simulation//models/rs_robot/meshes/STL/sensors
-- Installing: /home/siba/dev_4ws-main2/install/gazebo_simulation/share/gazebo_simulation//models/rs_robot/meshes/STL/sensors/front_lrf
-- Installing: /home/siba/dev_4ws-main2/install/gazebo_simulation/share/gazebo_simulation//models/rs_robot/meshes/STL/sensors/front_lrf/front_lrf.stl
-- Installing: /home/siba/dev_4ws-main2/install/gazebo_simulation/share/gazebo_simulation//models/rs_robot/meshes/STL/sensors/gps
-- Installing: /home/siba/dev_4ws-main2/install/gazebo_simulation/share/gazebo_simulation//models/rs_robot/meshes/STL/sensors/gps/gps.stl
-- Installing: /home/siba/dev_4ws-main2/install/gazebo_simulation/share/gazebo_simulation//models/rs_robot/meshes/STL/sensors/rear_lrf
-- Installing: /home/siba/dev_4ws-main2/install/gazebo_simulation/share/gazebo_simulation//models/rs_robot/meshes/STL/sensors/rear_lrf/rear_lrf.stl
-- Installing: /home/siba/dev_4ws-main2/install/gazebo_simulation/share/gazebo_simulation//models/rs_robot/meshes/STL/sensors/gim30
-- Installing: /home/siba/dev_4ws-main2/install/gazebo_simulation/share/gazebo_simulation//models/rs_robot/meshes/STL/sensors/gim30/gim30.stl
-- Installing: /home/siba/dev_4ws-main2/install/gazebo_simulation/share/gazebo_simulation//models/rs_robot/meshes/STL/wheel
-- Installing: /home/siba/dev_4ws-main2/install/gazebo_simulation/share/gazebo_simulation//models/rs_robot/meshes/STL/wheel/robot_wheel.stl
-- Installing: /home/siba/dev_4ws-main2/install/gazebo_simulation/share/gazebo_simulation//models/rs_robot/meshes/STL/suspension
-- Installing: /home/siba/dev_4ws-main2/install/gazebo_simulation/share/gazebo_simulation//models/rs_robot/meshes/STL/suspension/sus_link.stl
-- Installing: /home/siba/dev_4ws-main2/install/gazebo_simulation/share/gazebo_simulation//models/rs_robot/meshes/STL/suspension/FRONT_RIGHT_LINKSTL.stl
-- Installing: /home/siba/dev_4ws-main2/install/gazebo_simulation/share/gazebo_simulation//models/rs_robot/meshes/STL/suspension/REAR_RIGHT_LINKSTL.stl
-- Installing: /home/siba/dev_4ws-main2/install/gazebo_simulation/share/gazebo_simulation//models/rs_robot/meshes/STL/suspension/REAR_LEFT_LINKSTL.stl
-- Installing: /home/siba/dev_4ws-main2/install/gazebo_simulation/share/gazebo_simulation//models/rs_robot/meshes/STL/suspension/FRONT_LEFT_LINKSTL.stl
-- Installing: /home/siba/dev_4ws-main2/install/gazebo_simulation/share/gazebo_simulation//models/rs_robot/meshes/STL/lidar_head
-- Installing: /home/siba/dev_4ws-main2/install/gazebo_simulation/share/gazebo_simulation//models/rs_robot/meshes/STL/lidar_head/YDlidar_head v4.stl
-- Installing: /home/siba/dev_4ws-main2/install/gazebo_simulation/share/gazebo_simulation//models/rs_robot/meshes/DAE
-- Installing: /home/siba/dev_4ws-main2/install/gazebo_simulation/share/gazebo_simulation//models/rs_robot/meshes/DAE/lidar_base
-- Installing: /home/siba/dev_4ws-main2/install/gazebo_simulation/share/gazebo_simulation//models/rs_robot/meshes/DAE/lidar_base/YDlidar_base.dae
-- Installing: /home/siba/dev_4ws-main2/install/gazebo_simulation/share/gazebo_simulation//models/rs_robot/meshes/DAE/base
-- Installing: /home/siba/dev_4ws-main2/install/gazebo_simulation/share/gazebo_simulation//models/rs_robot/meshes/DAE/base/base_linkOLD.dae
-- Installing: /home/siba/dev_4ws-main2/install/gazebo_simulation/share/gazebo_simulation//models/rs_robot/meshes/DAE/base/base_link.dae
-- Installing: /home/siba/dev_4ws-main2/install/gazebo_simulation/share/gazebo_simulation//models/rs_robot/meshes/DAE/sensors
-- Installing: /home/siba/dev_4ws-main2/install/gazebo_simulation/share/gazebo_simulation//models/rs_robot/meshes/DAE/sensors/camera
-- Installing: /home/siba/dev_4ws-main2/install/gazebo_simulation/share/gazebo_simulation//models/rs_robot/meshes/DAE/sensors/camera/camera.dae
-- Installing: /home/siba/dev_4ws-main2/install/gazebo_simulation/share/gazebo_simulation//models/rs_robot/meshes/DAE/sensors/front_lrf
-- Installing: /home/siba/dev_4ws-main2/install/gazebo_simulation/share/gazebo_simulation//models/rs_robot/meshes/DAE/sensors/front_lrf/lrf_texture.png
-- Installing: /home/siba/dev_4ws-main2/install/gazebo_simulation/share/gazebo_simulation//models/rs_robot/meshes/DAE/sensors/front_lrf/front_lrf.dae
-- Installing: /home/siba/dev_4ws-main2/install/gazebo_simulation/share/gazebo_simulation//models/rs_robot/meshes/DAE/sensors/gps
-- Installing: /home/siba/dev_4ws-main2/install/gazebo_simulation/share/gazebo_simulation//models/rs_robot/meshes/DAE/sensors/gps/gps.dae
-- Installing: /home/siba/dev_4ws-main2/install/gazebo_simulation/share/gazebo_simulation//models/rs_robot/meshes/DAE/sensors/gps/gps_texture.png
-- Installing: /home/siba/dev_4ws-main2/install/gazebo_simulation/share/gazebo_simulation//models/rs_robot/meshes/DAE/sensors/rear_lrf
-- Installing: /home/siba/dev_4ws-main2/install/gazebo_simulation/share/gazebo_simulation//models/rs_robot/meshes/DAE/sensors/rear_lrf/urg_texture.png
-- Installing: /home/siba/dev_4ws-main2/install/gazebo_simulation/share/gazebo_simulation//models/rs_robot/meshes/DAE/sensors/rear_lrf/rear_lrf.dae
-- Installing: /home/siba/dev_4ws-main2/install/gazebo_simulation/share/gazebo_simulation//models/rs_robot/meshes/DAE/sensors/gim30
-- Installing: /home/siba/dev_4ws-main2/install/gazebo_simulation/share/gazebo_simulation//models/rs_robot/meshes/DAE/sensors/gim30/gim30.dae
-- Installing: /home/siba/dev_4ws-main2/install/gazebo_simulation/share/gazebo_simulation//models/rs_robot/meshes/DAE/sensors/gim30/gim30_lrf_texture.png
-- Installing: /home/siba/dev_4ws-main2/install/gazebo_simulation/share/gazebo_simulation//models/rs_robot/meshes/DAE/wheel
-- Installing: /home/siba/dev_4ws-main2/install/gazebo_simulation/share/gazebo_simulation//models/rs_robot/meshes/DAE/wheel/wheel_link.dae
-- Installing: /home/siba/dev_4ws-main2/install/gazebo_simulation/share/gazebo_simulation//models/rs_robot/meshes/DAE/suspension
-- Installing: /home/siba/dev_4ws-main2/install/gazebo_simulation/share/gazebo_simulation//models/rs_robot/meshes/DAE/suspension/rear_right_link.dae
-- Installing: /home/siba/dev_4ws-main2/install/gazebo_simulation/share/gazebo_simulation//models/rs_robot/meshes/DAE/suspension/front_right_link.dae
-- Installing: /home/siba/dev_4ws-main2/install/gazebo_simulation/share/gazebo_simulation//models/rs_robot/meshes/DAE/suspension/front_left_link.dae
-- Installing: /home/siba/dev_4ws-main2/install/gazebo_simulation/share/gazebo_simulation//models/rs_robot/meshes/DAE/suspension/rear_left_link.dae
-- Installing: /home/siba/dev_4ws-main2/install/gazebo_simulation/share/gazebo_simulation//models/rs_robot/meshes/DAE/lidar_head
-- Installing: /home/siba/dev_4ws-main2/install/gazebo_simulation/share/gazebo_simulation//models/rs_robot/meshes/DAE/lidar_head/YDlidar_head.dae
-- Installing: /home/siba/dev_4ws-main2/install/gazebo_simulation/share/gazebo_simulation//models/rs_robot/config
-- Installing: /home/siba/dev_4ws-main2/install/gazebo_simulation/share/gazebo_simulation//models/rs_robot/config/controllers.yaml
-- Installing: /home/siba/dev_4ws-main2/install/gazebo_simulation/share/gazebo_simulation//models/rs_robot/model.config
-- Installing: /home/siba/dev_4ws-main2/install/gazebo_simulation/share/gazebo_simulation//worlds
-- Installing: /home/siba/dev_4ws-main2/install/gazebo_simulation/share/gazebo_simulation//worlds/4ws_world.model
-- Installing: /home/siba/dev_4ws-main2/install/gazebo_simulation/share/gazebo_simulation//urdf
-- Installing: /home/siba/dev_4ws-main2/install/gazebo_simulation/share/gazebo_simulation//urdf/rs_robot.gv
-- Installing: /home/siba/dev_4ws-main2/install/gazebo_simulation/share/gazebo_simulation//urdf/rs_robot.urdf
-- Installing: /home/siba/dev_4ws-main2/install/gazebo_simulation/share/gazebo_simulation//urdf/rs_robot.pdf
-- Installing: /home/siba/dev_4ws-main2/install/gazebo_simulation/lib/gazebo_simulation/robot_sim.launch.py
-- Installing: /home/siba/dev_4ws-main2/install/gazebo_simulation/lib/gazebo_simulation/robot_state_publisher.launch.py
-- Installing: /home/siba/dev_4ws-main2/install/gazebo_simulation/share/ament_index/resource_index/package_run_dependencies/gazebo_simulation
-- Installing: /home/siba/dev_4ws-main2/install/gazebo_simulation/share/ament_index/resource_index/parent_prefix_path/gazebo_simulation
-- Installing: /home/siba/dev_4ws-main2/install/gazebo_simulation/share/gazebo_simulation/environment/ament_prefix_path.sh
-- Installing: /home/siba/dev_4ws-main2/install/gazebo_simulation/share/gazebo_simulation/environment/ament_prefix_path.dsv
-- Installing: /home/siba/dev_4ws-main2/install/gazebo_simulation/share/gazebo_simulation/environment/path.sh
-- Installing: /home/siba/dev_4ws-main2/install/gazebo_simulation/share/gazebo_simulation/environment/path.dsv
-- Installing: /home/siba/dev_4ws-main2/install/gazebo_simulation/share/gazebo_simulation/local_setup.bash
-- Installing: /home/siba/dev_4ws-main2/install/gazebo_simulation/share/gazebo_simulation/local_setup.sh
-- Installing: /home/siba/dev_4ws-main2/install/gazebo_simulation/share/gazebo_simulation/local_setup.zsh
-- Installing: /home/siba/dev_4ws-main2/install/gazebo_simulation/share/gazebo_simulation/local_setup.dsv
-- Installing: /home/siba/dev_4ws-main2/install/gazebo_simulation/share/gazebo_simulation/package.dsv
-- Installing: /home/siba/dev_4ws-main2/install/gazebo_simulation/share/ament_index/resource_index/packages/gazebo_simulation
-- Installing: /home/siba/dev_4ws-main2/install/gazebo_simulation/share/gazebo_simulation/cmake/ament_cmake_export_include_directories-extras.cmake
-- Installing: /home/siba/dev_4ws-main2/install/gazebo_simulation/share/gazebo_simulation/cmake/ament_cmake_export_dependencies-extras.cmake
-- Installing: /home/siba/dev_4ws-main2/install/gazebo_simulation/share/gazebo_simulation/cmake/gazebo_simulationConfig.cmake
-- Installing: /home/siba/dev_4ws-main2/install/gazebo_simulation/share/gazebo_simulation/cmake/gazebo_simulationConfig-version.cmake
-- Installing: /home/siba/dev_4ws-main2/install/gazebo_simulation/share/gazebo_simulation/package.xml
