running egg_info
creating ../build/GAZEBO_description/GAZEBO_description.egg-info
writing ../build/GAZEBO_description/GAZEBO_description.egg-info/PKG-INFO
writing dependency_links to ../build/GAZEBO_description/GAZEBO_description.egg-info/dependency_links.txt
writing entry points to ../build/GAZEBO_description/GAZEBO_description.egg-info/entry_points.txt
writing requirements to ../build/GAZEBO_description/GAZEBO_description.egg-info/requires.txt
writing top-level names to ../build/GAZEBO_description/GAZEBO_description.egg-info/top_level.txt
writing manifest file '../build/GAZEBO_description/GAZEBO_description.egg-info/SOURCES.txt'
reading manifest file '../build/GAZEBO_description/GAZEBO_description.egg-info/SOURCES.txt'
writing manifest file '../build/GAZEBO_description/GAZEBO_description.egg-info/SOURCES.txt'
running build
running build_py
creating /home/siba/dev_4ws-main2/build/GAZEBO_description/build
creating /home/siba/dev_4ws-main2/build/GAZEBO_description/build/lib
creating /home/siba/dev_4ws-main2/build/GAZEBO_description/build/lib/GAZEBO_description
copying GAZEBO_description/__init__.py -> /home/siba/dev_4ws-main2/build/GAZEBO_description/build/lib/GAZEBO_description
running install
running install_lib
creating /home/siba/dev_4ws-main2/install/GAZEBO_description/lib/python3.8/site-packages/GAZEBO_description
copying /home/siba/dev_4ws-main2/build/GAZEBO_description/build/lib/GAZEBO_description/__init__.py -> /home/siba/dev_4ws-main2/install/GAZEBO_description/lib/python3.8/site-packages/GAZEBO_description
byte-compiling /home/siba/dev_4ws-main2/install/GAZEBO_description/lib/python3.8/site-packages/GAZEBO_description/__init__.py to __init__.cpython-38.pyc
running install_data
creating /home/siba/dev_4ws-main2/install/GAZEBO_description/share/ament_index
creating /home/siba/dev_4ws-main2/install/GAZEBO_description/share/ament_index/resource_index
creating /home/siba/dev_4ws-main2/install/GAZEBO_description/share/ament_index/resource_index/packages
copying resource/GAZEBO_description -> /home/siba/dev_4ws-main2/install/GAZEBO_description/share/ament_index/resource_index/packages
copying package.xml -> /home/siba/dev_4ws-main2/install/GAZEBO_description/share/GAZEBO_description
creating /home/siba/dev_4ws-main2/install/GAZEBO_description/share/GAZEBO_description/launch
copying launch/gazebo.launch.py -> /home/siba/dev_4ws-main2/install/GAZEBO_description/share/GAZEBO_description/launch
copying launch/display.launch.py -> /home/siba/dev_4ws-main2/install/GAZEBO_description/share/GAZEBO_description/launch
creating /home/siba/dev_4ws-main2/install/GAZEBO_description/share/GAZEBO_description/urdf
copying urdf/materials.xacro -> /home/siba/dev_4ws-main2/install/GAZEBO_description/share/GAZEBO_description/urdf
copying urdf/GAZEBO.xacro -> /home/siba/dev_4ws-main2/install/GAZEBO_description/share/GAZEBO_description/urdf
copying urdf/GAZEBO.trans -> /home/siba/dev_4ws-main2/install/GAZEBO_description/share/GAZEBO_description/urdf
copying urdf/GAZEBO.gazebo -> /home/siba/dev_4ws-main2/install/GAZEBO_description/share/GAZEBO_description/urdf
creating /home/siba/dev_4ws-main2/install/GAZEBO_description/share/GAZEBO_description/meshes
copying meshes/Componente54_2.stl -> /home/siba/dev_4ws-main2/install/GAZEBO_description/share/GAZEBO_description/meshes
copying meshes/Componente53_2.stl -> /home/siba/dev_4ws-main2/install/GAZEBO_description/share/GAZEBO_description/meshes
copying meshes/Componente53_1.stl -> /home/siba/dev_4ws-main2/install/GAZEBO_description/share/GAZEBO_description/meshes
copying meshes/Componente54_1.stl -> /home/siba/dev_4ws-main2/install/GAZEBO_description/share/GAZEBO_description/meshes
copying meshes/Componente52_1.stl -> /home/siba/dev_4ws-main2/install/GAZEBO_description/share/GAZEBO_description/meshes
copying meshes/Componente56_2.stl -> /home/siba/dev_4ws-main2/install/GAZEBO_description/share/GAZEBO_description/meshes
copying meshes/Componente52_2.stl -> /home/siba/dev_4ws-main2/install/GAZEBO_description/share/GAZEBO_description/meshes
copying meshes/base_link.stl -> /home/siba/dev_4ws-main2/install/GAZEBO_description/share/GAZEBO_description/meshes
copying meshes/Componente56_1.stl -> /home/siba/dev_4ws-main2/install/GAZEBO_description/share/GAZEBO_description/meshes
copying meshes/Componente55_1.stl -> /home/siba/dev_4ws-main2/install/GAZEBO_description/share/GAZEBO_description/meshes
copying meshes/Componente55_2.stl -> /home/siba/dev_4ws-main2/install/GAZEBO_description/share/GAZEBO_description/meshes
creating /home/siba/dev_4ws-main2/install/GAZEBO_description/share/GAZEBO_description/config
copying config/display.rviz -> /home/siba/dev_4ws-main2/install/GAZEBO_description/share/GAZEBO_description/config
running install_egg_info
Copying ../build/GAZEBO_description/GAZEBO_description.egg-info to /home/siba/dev_4ws-main2/install/GAZEBO_description/lib/python3.8/site-packages/GAZEBO_description-0.0.0-py3.8.egg-info
running install_scripts
writing list of installed files to '/home/siba/dev_4ws-main2/build/GAZEBO_description/install.log'
