[1.770s] Invoking command in '/home/siba/dev_4ws-main2/GAZEBO_description': PYTHONPATH=/home/siba/dev_4ws-main2/build/GAZEBO_description/prefix_override:/usr/lib/python3/dist-packages/colcon_core/task/python/colcon_distutils_commands:/home/siba/dev_4ws-main2/install/GAZEBO_description/lib/python3.8/site-packages:${PYTHONPATH} /usr/bin/python3 -W ignore:setup.py install is deprecated setup.py egg_info --egg-base ../build/GAZEBO_description build --build-base /home/siba/dev_4ws-main2/build/GAZEBO_description/build install --record /home/siba/dev_4ws-main2/build/GAZEBO_description/install.log --install-scripts $base/lib/GAZEBO_description --single-version-externally-managed install_data
[2.557s] running egg_info
[2.568s] creating ../build/GAZEBO_description/GAZEBO_description.egg-info
[2.568s] writing ../build/GAZEBO_description/GAZEBO_description.egg-info/PKG-INFO
[2.569s] writing dependency_links to ../build/GAZEBO_description/GAZEBO_description.egg-info/dependency_links.txt
[2.569s] writing entry points to ../build/GAZEBO_description/GAZEBO_description.egg-info/entry_points.txt
[2.569s] writing requirements to ../build/GAZEBO_description/GAZEBO_description.egg-info/requires.txt
[2.569s] writing top-level names to ../build/GAZEBO_description/GAZEBO_description.egg-info/top_level.txt
[2.573s] writing manifest file '../build/GAZEBO_description/GAZEBO_description.egg-info/SOURCES.txt'
[2.720s] reading manifest file '../build/GAZEBO_description/GAZEBO_description.egg-info/SOURCES.txt'
[2.721s] writing manifest file '../build/GAZEBO_description/GAZEBO_description.egg-info/SOURCES.txt'
[2.721s] running build
[2.721s] running build_py
[2.721s] creating /home/siba/dev_4ws-main2/build/GAZEBO_description/build
[2.721s] creating /home/siba/dev_4ws-main2/build/GAZEBO_description/build/lib
[2.722s] creating /home/siba/dev_4ws-main2/build/GAZEBO_description/build/lib/GAZEBO_description
[2.722s] copying GAZEBO_description/__init__.py -> /home/siba/dev_4ws-main2/build/GAZEBO_description/build/lib/GAZEBO_description
[2.722s] running install
[2.723s] running install_lib
[2.726s] creating /home/siba/dev_4ws-main2/install/GAZEBO_description/lib/python3.8/site-packages/GAZEBO_description
[2.726s] copying /home/siba/dev_4ws-main2/build/GAZEBO_description/build/lib/GAZEBO_description/__init__.py -> /home/siba/dev_4ws-main2/install/GAZEBO_description/lib/python3.8/site-packages/GAZEBO_description
[2.726s] byte-compiling /home/siba/dev_4ws-main2/install/GAZEBO_description/lib/python3.8/site-packages/GAZEBO_description/__init__.py to __init__.cpython-38.pyc
[2.731s] running install_data
[2.731s] creating /home/siba/dev_4ws-main2/install/GAZEBO_description/share/ament_index
[2.731s] creating /home/siba/dev_4ws-main2/install/GAZEBO_description/share/ament_index/resource_index
[2.731s] creating /home/siba/dev_4ws-main2/install/GAZEBO_description/share/ament_index/resource_index/packages
[2.732s] copying resource/GAZEBO_description -> /home/siba/dev_4ws-main2/install/GAZEBO_description/share/ament_index/resource_index/packages
[2.734s] copying package.xml -> /home/siba/dev_4ws-main2/install/GAZEBO_description/share/GAZEBO_description
[2.735s] creating /home/siba/dev_4ws-main2/install/GAZEBO_description/share/GAZEBO_description/launch
[2.735s] copying launch/gazebo.launch.py -> /home/siba/dev_4ws-main2/install/GAZEBO_description/share/GAZEBO_description/launch
[2.735s] copying launch/display.launch.py -> /home/siba/dev_4ws-main2/install/GAZEBO_description/share/GAZEBO_description/launch
[2.735s] creating /home/siba/dev_4ws-main2/install/GAZEBO_description/share/GAZEBO_description/urdf
[2.736s] copying urdf/materials.xacro -> /home/siba/dev_4ws-main2/install/GAZEBO_description/share/GAZEBO_description/urdf
[2.736s] copying urdf/GAZEBO.xacro -> /home/siba/dev_4ws-main2/install/GAZEBO_description/share/GAZEBO_description/urdf
[2.736s] copying urdf/GAZEBO.trans -> /home/siba/dev_4ws-main2/install/GAZEBO_description/share/GAZEBO_description/urdf
[2.736s] copying urdf/GAZEBO.gazebo -> /home/siba/dev_4ws-main2/install/GAZEBO_description/share/GAZEBO_description/urdf
[2.736s] creating /home/siba/dev_4ws-main2/install/GAZEBO_description/share/GAZEBO_description/meshes
[2.736s] copying meshes/Componente54_2.stl -> /home/siba/dev_4ws-main2/install/GAZEBO_description/share/GAZEBO_description/meshes
[2.737s] copying meshes/Componente53_2.stl -> /home/siba/dev_4ws-main2/install/GAZEBO_description/share/GAZEBO_description/meshes
[2.737s] copying meshes/Componente53_1.stl -> /home/siba/dev_4ws-main2/install/GAZEBO_description/share/GAZEBO_description/meshes
[2.737s] copying meshes/Componente54_1.stl -> /home/siba/dev_4ws-main2/install/GAZEBO_description/share/GAZEBO_description/meshes
[2.737s] copying meshes/Componente52_1.stl -> /home/siba/dev_4ws-main2/install/GAZEBO_description/share/GAZEBO_description/meshes
[2.737s] copying meshes/Componente56_2.stl -> /home/siba/dev_4ws-main2/install/GAZEBO_description/share/GAZEBO_description/meshes
[2.737s] copying meshes/Componente52_2.stl -> /home/siba/dev_4ws-main2/install/GAZEBO_description/share/GAZEBO_description/meshes
[2.737s] copying meshes/base_link.stl -> /home/siba/dev_4ws-main2/install/GAZEBO_description/share/GAZEBO_description/meshes
[2.737s] copying meshes/Componente56_1.stl -> /home/siba/dev_4ws-main2/install/GAZEBO_description/share/GAZEBO_description/meshes
[2.738s] copying meshes/Componente55_1.stl -> /home/siba/dev_4ws-main2/install/GAZEBO_description/share/GAZEBO_description/meshes
[2.738s] copying meshes/Componente55_2.stl -> /home/siba/dev_4ws-main2/install/GAZEBO_description/share/GAZEBO_description/meshes
[2.738s] creating /home/siba/dev_4ws-main2/install/GAZEBO_description/share/GAZEBO_description/config
[2.751s] copying config/display.rviz -> /home/siba/dev_4ws-main2/install/GAZEBO_description/share/GAZEBO_description/config
[2.751s] running install_egg_info
[2.752s] Copying ../build/GAZEBO_description/GAZEBO_description.egg-info to /home/siba/dev_4ws-main2/install/GAZEBO_description/lib/python3.8/site-packages/GAZEBO_description-0.0.0-py3.8.egg-info
[2.752s] running install_scripts
[2.786s] writing list of installed files to '/home/siba/dev_4ws-main2/build/GAZEBO_description/install.log'
[2.848s] Invoked command in '/home/siba/dev_4ws-main2/GAZEBO_description' returned '0': PYTHONPATH=/home/siba/dev_4ws-main2/build/GAZEBO_description/prefix_override:/usr/lib/python3/dist-packages/colcon_core/task/python/colcon_distutils_commands:/home/siba/dev_4ws-main2/install/GAZEBO_description/lib/python3.8/site-packages:${PYTHONPATH} /usr/bin/python3 -W ignore:setup.py install is deprecated setup.py egg_info --egg-base ../build/GAZEBO_description build --build-base /home/siba/dev_4ws-main2/build/GAZEBO_description/build install --record /home/siba/dev_4ws-main2/build/GAZEBO_description/install.log --install-scripts $base/lib/GAZEBO_description --single-version-externally-managed install_data
