running egg_info
writing ../../../build/imu_controller/imu_controller.egg-info/PKG-INFO
writing dependency_links to ../../../build/imu_controller/imu_controller.egg-info/dependency_links.txt
writing entry points to ../../../build/imu_controller/imu_controller.egg-info/entry_points.txt
writing requirements to ../../../build/imu_controller/imu_controller.egg-info/requires.txt
writing top-level names to ../../../build/imu_controller/imu_controller.egg-info/top_level.txt
reading manifest file '../../../build/imu_controller/imu_controller.egg-info/SOURCES.txt'
writing manifest file '../../../build/imu_controller/imu_controller.egg-info/SOURCES.txt'
running build
running build_py
running install
running install_lib
running install_data
running install_egg_info
removing '/home/siba/dev_4ws-main2/install/imu_controller/lib/python3.8/site-packages/imu_controller-0.0.0-py3.8.egg-info' (and everything under it)
Copying ../../../build/imu_controller/imu_controller.egg-info to /home/siba/dev_4ws-main2/install/imu_controller/lib/python3.8/site-packages/imu_controller-0.0.0-py3.8.egg-info
running install_scripts
Installing imu_node script to /home/siba/dev_4ws-main2/install/imu_controller/lib/imu_controller
Installing imu_node_inc script to /home/siba/dev_4ws-main2/install/imu_controller/lib/imu_controller
Installing test_node script to /home/siba/dev_4ws-main2/install/imu_controller/lib/imu_controller
Installing three_imu_nodes script to /home/siba/dev_4ws-main2/install/imu_controller/lib/imu_controller
Installing two_imu_nodes script to /home/siba/dev_4ws-main2/install/imu_controller/lib/imu_controller
writing list of installed files to '/home/siba/dev_4ws-main2/build/imu_controller/install.log'
