[2.099s] Invoking command in '/home/siba/dev_4ws-main2/src/bldc_can': PYTHONPATH=/home/siba/dev_4ws-main2/build/bldc_can/prefix_override:/usr/lib/python3/dist-packages/colcon_core/task/python/colcon_distutils_commands:/home/siba/dev_4ws-main2/install/bldc_can/lib/python3.8/site-packages:${PYTHONPATH} /usr/bin/python3 -W ignore:setup.py install is deprecated setup.py egg_info --egg-base ../../build/bldc_can build --build-base /home/siba/dev_4ws-main2/build/bldc_can/build install --record /home/siba/dev_4ws-main2/build/bldc_can/install.log --install-scripts $base/lib/bldc_can --single-version-externally-managed install_data
[2.784s] running egg_info
[2.784s] writing ../../build/bldc_can/bldc_can.egg-info/PKG-INFO
[2.784s] writing dependency_links to ../../build/bldc_can/bldc_can.egg-info/dependency_links.txt
[2.784s] writing entry points to ../../build/bldc_can/bldc_can.egg-info/entry_points.txt
[2.792s] writing requirements to ../../build/bldc_can/bldc_can.egg-info/requires.txt
[2.792s] writing top-level names to ../../build/bldc_can/bldc_can.egg-info/top_level.txt
[2.951s] reading manifest file '../../build/bldc_can/bldc_can.egg-info/SOURCES.txt'
[2.955s] writing manifest file '../../build/bldc_can/bldc_can.egg-info/SOURCES.txt'
[2.955s] running build
[2.955s] running build_py
[2.955s] copying bldc_can/bldc_can_v1.py -> /home/siba/dev_4ws-main2/build/bldc_can/build/lib/bldc_can
[2.970s] running install
[2.970s] running install_lib
[2.971s] copying /home/siba/dev_4ws-main2/build/bldc_can/build/lib/bldc_can/bldc_can_v1.py -> /home/siba/dev_4ws-main2/install/bldc_can/lib/python3.8/site-packages/bldc_can
[2.971s] byte-compiling /home/siba/dev_4ws-main2/install/bldc_can/lib/python3.8/site-packages/bldc_can/bldc_can_v1.py to bldc_can_v1.cpython-38.pyc
[2.984s] running install_data
[2.984s] running install_egg_info
[2.985s] removing '/home/siba/dev_4ws-main2/install/bldc_can/lib/python3.8/site-packages/bldc_can-0.0.1-py3.8.egg-info' (and everything under it)
[2.986s] Copying ../../build/bldc_can/bldc_can.egg-info to /home/siba/dev_4ws-main2/install/bldc_can/lib/python3.8/site-packages/bldc_can-0.0.1-py3.8.egg-info
[2.987s] running install_scripts
[3.100s] Installing can_node script to /home/siba/dev_4ws-main2/install/bldc_can/lib/bldc_can
[3.101s] writing list of installed files to '/home/siba/dev_4ws-main2/build/bldc_can/install.log'
[3.620s] Invoked command in '/home/siba/dev_4ws-main2/src/bldc_can' returned '0': PYTHONPATH=/home/siba/dev_4ws-main2/build/bldc_can/prefix_override:/usr/lib/python3/dist-packages/colcon_core/task/python/colcon_distutils_commands:/home/siba/dev_4ws-main2/install/bldc_can/lib/python3.8/site-packages:${PYTHONPATH} /usr/bin/python3 -W ignore:setup.py install is deprecated setup.py egg_info --egg-base ../../build/bldc_can build --build-base /home/siba/dev_4ws-main2/build/bldc_can/build install --record /home/siba/dev_4ws-main2/build/bldc_can/install.log --install-scripts $base/lib/bldc_can --single-version-externally-managed install_data
